#
# There is insufficient memory for the Java Runtime Environment to continue.
# Native memory allocation (mmap) failed to map 73400320 bytes for committing reserved memory.
# Possible reasons:
#   The system is out of physical RAM or swap space
#   The process is running with CompressedOops enabled, and the Java Heap may be blocking the growth of the native heap
# Possible solutions:
#   Reduce memory load on the system
#   Increase physical memory or swap space
#   Check if swap backing store is full
#   Decrease Java heap size (-Xmx/-Xms)
#   Decrease number of Java threads
#   Decrease Java thread stack sizes (-Xss)
#   Set larger code cache with -XX:ReservedCodeCacheSize=
#   JVM is running with Unscaled Compressed Oops mode in which the Java heap is
#     placed in the first 4GB address space. The Java Heap base address is the
#     maximum limit for the native heap growth. Please use -XX:HeapBaseMinAddress
#     to set the Java Heap base and to place the Java Heap above 4GB virtual address.
# This output file may be truncated or incomplete.
#
#  Out of Memory Error (os_linux.cpp:2749), pid=25010, tid=0x00007f57c5c47700
#
# JRE version: Java(TM) SE Runtime Environment (8.0_221-b11) (build 1.8.0_221-b11)
# Java VM: Java HotSpot(TM) 64-Bit Server VM (25.221-b11 mixed mode linux-amd64 compressed oops)
# Failed to write core dump. Core dumps have been disabled. To enable core dumping, try "ulimit -c unlimited" before starting Java again
#

---------------  T H R E A D  ---------------

Current thread (0x00007f57d8086800):  VMThread [stack: 0x00007f57c5b48000,0x00007f57c5c48000] [id=25036]

Stack: [0x00007f57c5b48000,0x00007f57c5c48000],  sp=0x00007f57c5c463c0,  free space=1016k
Native frames: (J=compiled Java code, j=interpreted, Vv=VM code, C=native code)
V  [libjvm.so+0xad3455]  VMError::report_and_die()+0x2e5
V  [libjvm.so+0x4e0537]  report_vm_out_of_memory(char const*, int, unsigned long, VMErrorType, char const*)+0x67
V  [libjvm.so+0x910320]  os::pd_commit_memory(char*, unsigned long, unsigned long, bool)+0x100
V  [libjvm.so+0x90794f]  os::commit_memory(char*, unsigned long, unsigned long, bool)+0x1f
V  [libjvm.so+0x98c736]  PSVirtualSpace::expand_by(unsigned long)+0x56
V  [libjvm.so+0x98d9c8]  PSYoungGen::resize(unsigned long, unsigned long)+0xd8
V  [libjvm.so+0x98a166]  PSScavenge::invoke_no_policy()+0x1376
V  [libjvm.so+0x982b89]  PSParallelCompact::invoke(bool)+0x49
V  [libjvm.so+0x45cc53]  CollectedHeap::collect_as_vm_thread(GCCause::Cause)+0x153
V  [libjvm.so+0xad44e1]  VM_CollectForMetadataAllocation::doit()+0x161
V  [libjvm.so+0xada1c6]  VM_Operation::evaluate()+0x46
V  [libjvm.so+0xad84fd]  VMThread::evaluate_operation(VM_Operation*) [clone .constprop.44]+0xcd
V  [libjvm.so+0xad8ae3]  VMThread::loop()+0x3a3
V  [libjvm.so+0xad8eb8]  VMThread::run()+0x78
V  [libjvm.so+0x90d952]  java_start(Thread*)+0x102

VM_Operation (0x00007f57e0c1e7d0): CollectForMetadataAllocation, mode: safepoint, requested by thread 0x00007f57d8014000


---------------  P R O C E S S  ---------------

Java Threads: ( => current thread )
  0x00007f57d9182000 JavaThread "process reaper" daemon [_thread_blocked, id=25060, stack(0x00007f5786f46000,0x00007f5786f7f000)]
  0x00007f57d80ce800 JavaThread "Service Thread" daemon [_thread_blocked, id=25043, stack(0x00007f57c4a71000,0x00007f57c4b72000)]
  0x00007f57d80cb800 JavaThread "C1 CompilerThread2" daemon [_thread_blocked, id=25042, stack(0x00007f57c4b73000,0x00007f57c4c73000)]
  0x00007f57d80ca000 JavaThread "C2 CompilerThread1" daemon [_thread_blocked, id=25041, stack(0x00007f57c4c74000,0x00007f57c4d74000)]
  0x00007f57d80c7000 JavaThread "C2 CompilerThread0" daemon [_thread_blocked, id=25040, stack(0x00007f57c4d75000,0x00007f57c4e75000)]
  0x00007f57d80c5800 JavaThread "Signal Dispatcher" daemon [_thread_blocked, id=25039, stack(0x00007f57c4e75000,0x00007f57c4f76000)]
  0x00007f57d8094800 JavaThread "Finalizer" daemon [_thread_blocked, id=25038, stack(0x00007f57c5945000,0x00007f57c5a46000)]
  0x00007f57d8090000 JavaThread "Reference Handler" daemon [_thread_blocked, id=25037, stack(0x00007f57c5a46000,0x00007f57c5b47000)]
  0x00007f57d8014000 JavaThread "main" [_thread_blocked, id=25029, stack(0x00007f57e0b27000,0x00007f57e0c27000)]

Other Threads:
=>0x00007f57d8086800 VMThread [stack: 0x00007f57c5b48000,0x00007f57c5c48000] [id=25036]
  0x00007f57d80d1800 WatcherThread [stack: 0x00007f57c4971000,0x00007f57c4a71000] [id=25044]

VM state:at safepoint (normal execution)

VM Mutex/Monitor currently owned by a thread:  ([mutex/lock_event])
[0x00007f57d8010a90] Threads_lock - owner thread: 0x00007f57d8086800
[0x00007f57d8010f90] Heap_lock - owner thread: 0x00007f57d8014000

heap address: 0x00000000c0000000, size: 1024 MB, Compressed Oops mode: 32-bit
Narrow klass base: 0x0000000000000000, Narrow klass shift: 3
Compressed class space size: 1073741824 Address: 0x0000000100000000

Heap:
 PSYoungGen      total 70656K, used 5109K [0x00000000eab00000, 0x00000000ef500000, 0x0000000100000000)
  eden space 65536K, 0% used [0x00000000eab00000,0x00000000eab00000,0x00000000eeb00000)
  from space 5120K, 99% used [0x00000000eeb00000,0x00000000eeffd440,0x00000000ef000000)
  to   space 5120K, 0% used [0x00000000ef000000,0x00000000ef000000,0x00000000ef500000)
 ParOldGen       total 86016K, used 3715K [0x00000000c0000000, 0x00000000c5400000, 0x00000000eab00000)
  object space 86016K, 4% used [0x00000000c0000000,0x00000000c03a0de8,0x00000000c5400000)
 Metaspace       used 20982K, capacity 21104K, committed 21296K, reserved 1067008K
  class space    used 2852K, capacity 2918K, committed 2944K, reserved 1048576K

Card table byte_map: [0x00007f57dd601000,0x00007f57dd802000] byte_map_base: 0x00007f57dd001000

Marking Bits: (ParMarkBitMap*) 0x00007f57dffcfd80
 Begin Bits: [0x00007f57c7000000, 0x00007f57c8000000)
 End Bits:   [0x00007f57c8000000, 0x00007f57c9000000)

Polling page: 0x00007f57e0c3d000

CodeCache: size=245760Kb used=6788Kb max_used=6795Kb free=238971Kb
 bounds [0x00007f57c9000000, 0x00007f57c96b0000, 0x00007f57d8000000]
 total_blobs=2247 nmethods=1864 adapters=296
 compilation: enabled

Compilation events (10 events):
Event: 10.881 Thread 0x00007f57d80cb800 1881       3       sun.misc.ProxyGenerator$ConstantPool$ValueEntry::write (190 bytes)
Event: 10.881 Thread 0x00007f57d80c7000 1879       4       sun.misc.ProxyGenerator$ConstantPool$IndirectEntry::hashCode (15 bytes)
Event: 10.881 Thread 0x00007f57d80ca000 1878       4       java.util.ArrayList::add (29 bytes)
Event: 10.882 Thread 0x00007f57d80c7000 nmethod 1879 0x00007f57c9692850 code [0x00007f57c96929a0, 0x00007f57c9692a18]
Event: 10.883 Thread 0x00007f57d80cb800 nmethod 1881 0x00007f57c96a3150 code [0x00007f57c96a3540, 0x00007f57c96a5fc8]
Event: 10.885 Thread 0x00007f57d80ca000 nmethod 1878 0x00007f57c969bc90 code [0x00007f57c969be00, 0x00007f57c969c138]
Event: 11.043 Thread 0x00007f57d80cb800 1883       3       sun.util.calendar.ZoneInfo::getOffsets (8 bytes)
Event: 11.044 Thread 0x00007f57d80cb800 nmethod 1883 0x00007f57c969d910 code [0x00007f57c969da80, 0x00007f57c969dc08]
Event: 11.044 Thread 0x00007f57d80cb800 1884       3       sun.util.calendar.CalendarDate::getDayOfWeek (18 bytes)
Event: 11.044 Thread 0x00007f57d80cb800 nmethod 1884 0x00007f57c969d4d0 code [0x00007f57c969d640, 0x00007f57c969d870]

GC Heap History (9 events):
Event: 3.610 GC heap before
{Heap before GC invocations=1 (full 0):
 PSYoungGen      total 37888K, used 32768K [0x00000000eab00000, 0x00000000ed500000, 0x0000000100000000)
  eden space 32768K, 100% used [0x00000000eab00000,0x00000000ecb00000,0x00000000ecb00000)
  from space 5120K, 0% used [0x00000000ed000000,0x00000000ed000000,0x00000000ed500000)
  to   space 5120K, 0% used [0x00000000ecb00000,0x00000000ecb00000,0x00000000ed000000)
 ParOldGen       total 86016K, used 0K [0x00000000c0000000, 0x00000000c5400000, 0x00000000eab00000)
  object space 86016K, 0% used [0x00000000c0000000,0x00000000c0000000,0x00000000c5400000)
 Metaspace       used 9362K, capacity 9444K, committed 9600K, reserved 1056768K
  class space    used 1338K, capacity 1360K, committed 1408K, reserved 1048576K
Event: 3.633 GC heap after
Heap after GC invocations=1 (full 0):
 PSYoungGen      total 37888K, used 5113K [0x00000000eab00000, 0x00000000ed500000, 0x0000000100000000)
  eden space 32768K, 0% used [0x00000000eab00000,0x00000000eab00000,0x00000000ecb00000)
  from space 5120K, 99% used [0x00000000ecb00000,0x00000000ecffe430,0x00000000ed000000)
  to   space 5120K, 0% used [0x00000000ed000000,0x00000000ed000000,0x00000000ed500000)
 ParOldGen       total 86016K, used 1090K [0x00000000c0000000, 0x00000000c5400000, 0x00000000eab00000)
  object space 86016K, 1% used [0x00000000c0000000,0x00000000c0110ae8,0x00000000c5400000)
 Metaspace       used 9362K, capacity 9444K, committed 9600K, reserved 1056768K
  class space    used 1338K, capacity 1360K, committed 1408K, reserved 1048576K
}
Event: 4.298 GC heap before
{Heap before GC invocations=2 (full 0):
 PSYoungGen      total 37888K, used 37881K [0x00000000eab00000, 0x00000000ed500000, 0x0000000100000000)
  eden space 32768K, 100% used [0x00000000eab00000,0x00000000ecb00000,0x00000000ecb00000)
  from space 5120K, 99% used [0x00000000ecb00000,0x00000000ecffe430,0x00000000ed000000)
  to   space 5120K, 0% used [0x00000000ed000000,0x00000000ed000000,0x00000000ed500000)
 ParOldGen       total 86016K, used 1090K [0x00000000c0000000, 0x00000000c5400000, 0x00000000eab00000)
  object space 86016K, 1% used [0x00000000c0000000,0x00000000c0110ae8,0x00000000c5400000)
 Metaspace       used 11723K, capacity 11844K, committed 12032K, reserved 1058816K
  class space    used 1667K, capacity 1712K, committed 1792K, reserved 1048576K
Event: 4.334 GC heap after
Heap after GC invocations=2 (full 0):
 PSYoungGen      total 37888K, used 3923K [0x00000000eab00000, 0x00000000ef500000, 0x0000000100000000)
  eden space 32768K, 0% used [0x00000000eab00000,0x00000000eab00000,0x00000000ecb00000)
  from space 5120K, 76% used [0x00000000ed000000,0x00000000ed3d4ca8,0x00000000ed500000)
  to   space 5120K, 0% used [0x00000000ecb00000,0x00000000ecb00000,0x00000000ed000000)
 ParOldGen       total 86016K, used 1098K [0x00000000c0000000, 0x00000000c5400000, 0x00000000eab00000)
  object space 86016K, 1% used [0x00000000c0000000,0x00000000c0112ae8,0x00000000c5400000)
 Metaspace       used 11723K, capacity 11844K, committed 12032K, reserved 1058816K
  class space    used 1667K, capacity 1712K, committed 1792K, reserved 1048576K
}
Event: 5.039 GC heap before
{Heap before GC invocations=3 (full 0):
 PSYoungGen      total 37888K, used 36691K [0x00000000eab00000, 0x00000000ef500000, 0x0000000100000000)
  eden space 32768K, 100% used [0x00000000eab00000,0x00000000ecb00000,0x00000000ecb00000)
  from space 5120K, 76% used [0x00000000ed000000,0x00000000ed3d4ca8,0x00000000ed500000)
  to   space 5120K, 0% used [0x00000000ecb00000,0x00000000ecb00000,0x00000000ed000000)
 ParOldGen       total 86016K, used 1098K [0x00000000c0000000, 0x00000000c5400000, 0x00000000eab00000)
  object space 86016K, 1% used [0x00000000c0000000,0x00000000c0112ae8,0x00000000c5400000)
 Metaspace       used 13601K, capacity 13732K, committed 14080K, reserved 1060864K
  class space    used 1901K, capacity 1936K, committed 2048K, reserved 1048576K
Event: 5.044 GC heap after
Heap after GC invocations=3 (full 0):
 PSYoungGen      total 37888K, used 4209K [0x00000000eab00000, 0x00000000ef500000, 0x0000000100000000)
  eden space 32768K, 0% used [0x00000000eab00000,0x00000000eab00000,0x00000000ecb00000)
  from space 5120K, 82% used [0x00000000ecb00000,0x00000000ecf1c6c8,0x00000000ed000000)
  to   space 5120K, 0% used [0x00000000ef000000,0x00000000ef000000,0x00000000ef500000)
 ParOldGen       total 86016K, used 1170K [0x00000000c0000000, 0x00000000c5400000, 0x00000000eab00000)
  object space 86016K, 1% used [0x00000000c0000000,0x00000000c0124af8,0x00000000c5400000)
 Metaspace       used 13601K, capacity 13732K, committed 14080K, reserved 1060864K
  class space    used 1901K, capacity 1936K, committed 2048K, reserved 1048576K
}
Event: 6.685 GC heap before
{Heap before GC invocations=4 (full 0):
 PSYoungGen      total 37888K, used 36977K [0x00000000eab00000, 0x00000000ef500000, 0x0000000100000000)
  eden space 32768K, 100% used [0x00000000eab00000,0x00000000ecb00000,0x00000000ecb00000)
  from space 5120K, 82% used [0x00000000ecb00000,0x00000000ecf1c6c8,0x00000000ed000000)
  to   space 5120K, 0% used [0x00000000ef000000,0x00000000ef000000,0x00000000ef500000)
 ParOldGen       total 86016K, used 1170K [0x00000000c0000000, 0x00000000c5400000, 0x00000000eab00000)
  object space 86016K, 1% used [0x00000000c0000000,0x00000000c0124af8,0x00000000c5400000)
 Metaspace       used 15866K, capacity 15984K, committed 16128K, reserved 1062912K
  class space    used 2233K, capacity 2258K, committed 2304K, reserved 1048576K
Event: 6.704 GC heap after
Heap after GC invocations=4 (full 0):
 PSYoungGen      total 70656K, used 4451K [0x00000000eab00000, 0x00000000ef500000, 0x0000000100000000)
  eden space 65536K, 0% used [0x00000000eab00000,0x00000000eab00000,0x00000000eeb00000)
  from space 5120K, 86% used [0x00000000ef000000,0x00000000ef458fc0,0x00000000ef500000)
  to   space 5120K, 0% used [0x00000000eeb00000,0x00000000eeb00000,0x00000000ef000000)
 ParOldGen       total 86016K, used 1186K [0x00000000c0000000, 0x00000000c5400000, 0x00000000eab00000)
  object space 86016K, 1% used [0x00000000c0000000,0x00000000c0128af8,0x00000000c5400000)
 Metaspace       used 15866K, capacity 15984K, committed 16128K, reserved 1062912K
  class space    used 2233K, capacity 2258K, committed 2304K, reserved 1048576K
}
Event: 11.145 GC heap before
{Heap before GC invocations=5 (full 0):
 PSYoungGen      total 70656K, used 52293K [0x00000000eab00000, 0x00000000ef500000, 0x0000000100000000)
  eden space 65536K, 73% used [0x00000000eab00000,0x00000000ed9b86d0,0x00000000eeb00000)
  from space 5120K, 86% used [0x00000000ef000000,0x00000000ef458fc0,0x00000000ef500000)
  to   space 5120K, 0% used [0x00000000eeb00000,0x00000000eeb00000,0x00000000ef000000)
 ParOldGen       total 86016K, used 1186K [0x00000000c0000000, 0x00000000c5400000, 0x00000000eab00000)
  object space 86016K, 1% used [0x00000000c0000000,0x00000000c0128af8,0x00000000c5400000)
 Metaspace       used 20982K, capacity 21104K, committed 21296K, reserved 1067008K
  class space    used 2852K, capacity 2918K, committed 2944K, reserved 1048576K

Deoptimization events (10 events):
Event: 9.051 Thread 0x00007f57d8014000 Uncommon trap: reason=unstable_if action=reinterpret pc=0x00007f57c934c2a0 method=java.util.HashMap.putVal(ILjava/lang/Object;Ljava/lang/Object;ZZ)Ljava/lang/Object; @ 94
Event: 9.415 Thread 0x00007f57d8014000 Uncommon trap: reason=bimorphic action=maybe_recompile pc=0x00007f57c948e7f8 method=java.util.regex.Pattern$BmpCharProperty.match(Ljava/util/regex/Matcher;ILjava/lang/CharSequence;)Z @ 31
Event: 9.415 Thread 0x00007f57d8014000 Uncommon trap: reason=bimorphic action=maybe_recompile pc=0x00007f57c948e7f8 method=java.util.regex.Pattern$BmpCharProperty.match(Ljava/util/regex/Matcher;ILjava/lang/CharSequence;)Z @ 31
Event: 9.417 Thread 0x00007f57d8014000 Uncommon trap: reason=bimorphic action=maybe_recompile pc=0x00007f57c948e7f8 method=java.util.regex.Pattern$BmpCharProperty.match(Ljava/util/regex/Matcher;ILjava/lang/CharSequence;)Z @ 31
Event: 9.804 Thread 0x00007f57d8014000 Uncommon trap: reason=unstable_if action=reinterpret pc=0x00007f57c963ab5c method=org.apache.xerces.impl.XMLDocumentFragmentScannerImpl.scanContent()I @ 90
Event: 9.821 Thread 0x00007f57d8014000 Uncommon trap: reason=unstable_if action=reinterpret pc=0x00007f57c93f1780 method=org.apache.xerces.impl.XMLEntityScanner.scanQName(Lorg/apache/xerces/xni/QName;)Z @ 68
Event: 10.694 Thread 0x00007f57d8014000 Uncommon trap: reason=unstable_if action=reinterpret pc=0x00007f57c9125954 method=java.util.concurrent.ConcurrentHashMap.addCount(JI)V @ 121
Event: 10.730 Thread 0x00007f57d8014000 Uncommon trap: reason=bimorphic action=maybe_recompile pc=0x00007f57c9558f5c method=java.lang.ThreadLocal.get()Ljava/lang/Object; @ 6
Event: 10.731 Thread 0x00007f57d8014000 Uncommon trap: reason=bimorphic action=maybe_recompile pc=0x00007f57c9558f5c method=java.lang.ThreadLocal.get()Ljava/lang/Object; @ 6
Event: 10.787 Thread 0x00007f57d8014000 Uncommon trap: reason=bimorphic action=maybe_recompile pc=0x00007f57c9558f5c method=java.lang.ThreadLocal.get()Ljava/lang/Object; @ 6

Classes redefined (0 events):
No events

Internal exceptions (10 events):
Event: 3.070 Thread 0x00007f57d8014000 Exception <a 'java/lang/ClassNotFoundException': org/apache/log4j/ConsoleAppenderCustomizer> (0x00000000ec497bb0) thrown at [/HUDSON/workspace/8-2-build-linux-amd64/jdk8u221/13320/hotspot/src/share/vm/classfile/systemDictionary.cpp, line 210]
Event: 4.115 Thread 0x00007f57d8014000 Implicit null exception at 0x00007f57c91f39b5 to 0x00007f57c91f3d55
Event: 4.115 Thread 0x00007f57d8014000 Implicit null exception at 0x00007f57c91d9cb6 to 0x00007f57c91da055
Event: 4.636 Thread 0x00007f57d8014000 Implicit null exception at 0x00007f57c9275db5 to 0x00007f57c9275fe9
Event: 4.643 Thread 0x00007f57d8014000 Implicit null exception at 0x00007f57c922d9af to 0x00007f57c922da19
Event: 7.065 Thread 0x00007f57d8014000 Exception <a 'java/lang/NoSuchFieldError': method resolution failed> (0x00000000eb483248) thrown at [/HUDSON/workspace/8-2-build-linux-amd64/jdk8u221/13320/hotspot/src/share/vm/prims/methodHandles.cpp, line 1167]
Event: 7.069 Thread 0x00007f57d8014000 Exception <a 'java/lang/NoSuchFieldError': method resolution failed> (0x00000000eb490938) thrown at [/HUDSON/workspace/8-2-build-linux-amd64/jdk8u221/13320/hotspot/src/share/vm/prims/methodHandles.cpp, line 1167]
Event: 9.408 Thread 0x00007f57d8014000 Exception <a 'java/io/FileNotFoundException'> (0x00000000ebfbf190) thrown at [/HUDSON/workspace/8-2-build-linux-amd64/jdk8u221/13320/hotspot/src/share/vm/prims/jni.cpp, line 710]
Event: 9.408 Thread 0x00007f57d8014000 Exception <a 'java/security/PrivilegedActionException'> (0x00000000ebfbf7b0) thrown at [/HUDSON/workspace/8-2-build-linux-amd64/jdk8u221/13320/hotspot/src/share/vm/prims/jvm.cpp, line 1502]
Event: 9.409 Thread 0x00007f57d8014000 Exception <a 'java/lang/reflect/InvocationTargetException'> (0x00000000ebfc1c40) thrown at [/HUDSON/workspace/8-2-build-linux-amd64/jdk8u221/13320/hotspot/src/share/vm/runtime/reflection.cpp, line 1092]

Events (10 events):
Event: 11.074 loading class org/codehaus/jackson/map/deser/SettableBeanProperty$FieldProperty done
Event: 11.074 loading class org/codehaus/jackson/map/deser/SettableBeanProperty$MethodProperty
Event: 11.074 loading class org/codehaus/jackson/map/deser/SettableBeanProperty$MethodProperty done
Event: 11.074 loading class org/codehaus/jackson/map/introspect/AnnotatedParameter
Event: 11.074 loading class org/codehaus/jackson/map/introspect/AnnotatedParameter done
Event: 11.078 loading class org/codehaus/jackson/map/deser/std/ThrowableDeserializer
Event: 11.078 loading class org/codehaus/jackson/map/deser/std/ThrowableDeserializer done
Event: 11.078 loading class org/codehaus/jackson/map/deser/BeanDeserializer
Event: 11.078 loading class org/codehaus/jackson/map/deser/BeanDeserializer done
Event: 11.080 Executing VM operation: CollectForMetadataAllocation


Dynamic libraries:
00400000-00401000 r-xp 00000000 08:01 1708700                            /home/raptor/Softwares/jdk1.8.0_221/bin/java
00600000-00601000 r--p 00000000 08:01 1708700                            /home/raptor/Softwares/jdk1.8.0_221/bin/java
00601000-00602000 rw-p 00001000 08:01 1708700                            /home/raptor/Softwares/jdk1.8.0_221/bin/java
00771000-007b3000 rw-p 00000000 00:00 0                                  [heap]
c0000000-c5400000 rw-p 00000000 00:00 0 
c5400000-eab00000 ---p 00000000 00:00 0 
eab00000-ef500000 rw-p 00000000 00:00 0 
f3b00000-100000000 ---p 00000000 00:00 0 
100000000-1002e0000 rw-p 00000000 00:00 0 
1002e0000-140000000 ---p 00000000 00:00 0 
7f5778000000-7f5778021000 rw-p 00000000 00:00 0 
7f5778021000-7f577c000000 ---p 00000000 00:00 0 
7f5780000000-7f5780021000 rw-p 00000000 00:00 0 
7f5780021000-7f5784000000 ---p 00000000 00:00 0 
7f578661a000-7f578661b000 r-xp 00000000 08:01 1709040                    /home/raptor/Softwares/jdk1.8.0_221/jre/lib/amd64/libjaas_unix.so
7f578661b000-7f578681a000 ---p 00001000 08:01 1709040                    /home/raptor/Softwares/jdk1.8.0_221/jre/lib/amd64/libjaas_unix.so
7f578681a000-7f578681b000 r--p 00000000 08:01 1709040                    /home/raptor/Softwares/jdk1.8.0_221/jre/lib/amd64/libjaas_unix.so
7f578681b000-7f578681c000 rw-p 00001000 08:01 1709040                    /home/raptor/Softwares/jdk1.8.0_221/jre/lib/amd64/libjaas_unix.so
7f578681c000-7f578683a000 r-xp 00000000 08:01 2234636                    /home/raptor/Softwares/hadoop-2.7.3/lib/native/libhadoop.so.1.0.0
7f578683a000-7f5786a3a000 ---p 0001e000 08:01 2234636                    /home/raptor/Softwares/hadoop-2.7.3/lib/native/libhadoop.so.1.0.0
7f5786a3a000-7f5786a3b000 rw-p 0001e000 08:01 2234636                    /home/raptor/Softwares/hadoop-2.7.3/lib/native/libhadoop.so.1.0.0
7f5786a3b000-7f5786c27000 rw-p 00000000 00:00 0 
7f5786c27000-7f5786c3b000 ---p 00000000 00:00 0 
7f5786c3b000-7f5786c44000 r-xp 00000000 08:01 1709011                    /home/raptor/Softwares/jdk1.8.0_221/jre/lib/amd64/libmanagement.so
7f5786c44000-7f5786e43000 ---p 00009000 08:01 1709011                    /home/raptor/Softwares/jdk1.8.0_221/jre/lib/amd64/libmanagement.so
7f5786e43000-7f5786e44000 r--p 00008000 08:01 1709011                    /home/raptor/Softwares/jdk1.8.0_221/jre/lib/amd64/libmanagement.so
7f5786e44000-7f5786e45000 rw-p 00009000 08:01 1709011                    /home/raptor/Softwares/jdk1.8.0_221/jre/lib/amd64/libmanagement.so
7f5786e45000-7f5786e48000 ---p 00000000 00:00 0 
7f5786e48000-7f5786f46000 rw-p 00000000 00:00 0 
7f5786f46000-7f5786f49000 ---p 00000000 00:00 0 
7f5786f49000-7f578717f000 rw-p 00000000 00:00 0 
7f578717f000-7f578737f000 rw-p 00000000 00:00 0 
7f578737f000-7f578757f000 rw-p 00000000 00:00 0 
7f578757f000-7f5787584000 r--s 000a3000 08:01 1708968                    /home/raptor/Softwares/jdk1.8.0_221/jre/lib/jsse.jar
7f5787584000-7f578759a000 r-xp 00000000 08:01 1709010                    /home/raptor/Softwares/jdk1.8.0_221/jre/lib/amd64/libnet.so
7f578759a000-7f5787799000 ---p 00016000 08:01 1709010                    /home/raptor/Softwares/jdk1.8.0_221/jre/lib/amd64/libnet.so
7f5787799000-7f578779a000 r--p 00015000 08:01 1709010                    /home/raptor/Softwares/jdk1.8.0_221/jre/lib/amd64/libnet.so
7f578779a000-7f578779b000 rw-p 00016000 08:01 1709010                    /home/raptor/Softwares/jdk1.8.0_221/jre/lib/amd64/libnet.so
7f578779b000-7f578799b000 rw-p 00000000 00:00 0 
7f578799b000-7f578799c000 r--s 00013000 08:01 1579157                    /home/raptor/Softwares/spark-2.4.0-bin-hadoop2.7/jars/okio-1.13.0.jar
7f578799c000-7f57879a3000 r--s 0007d000 08:01 1579230                    /home/raptor/Softwares/spark-2.4.0-bin-hadoop2.7/jars/jetty-6.1.26.jar
7f57879a3000-7f57879a7000 r--s 00020000 08:01 1579121                    /home/raptor/Softwares/spark-2.4.0-bin-hadoop2.7/jars/commons-digester-1.8.jar
7f57879a7000-7f57879a9000 r--s 0000e000 08:01 1579220                    /home/raptor/Softwares/spark-2.4.0-bin-hadoop2.7/jars/commons-logging-1.1.3.jar
7f57879a9000-7f57879ac000 r--s 00006000 08:01 1579241                    /home/raptor/Softwares/spark-2.4.0-bin-hadoop2.7/jars/jsr305-1.3.9.jar
7f57879ac000-7f57879ae000 r--s 00003000 08:01 1579251                    /home/raptor/Softwares/spark-2.4.0-bin-hadoop2.7/jars/JavaEWAH-0.3.2.jar
7f57879ae000-7f57879b0000 r--s 00012000 08:01 1579115                    /home/raptor/Softwares/spark-2.4.0-bin-hadoop2.7/jars/compress-lzf-1.0.3.jar
7f57879b0000-7f57879ba000 r--s 000a5000 08:01 1579188                    /home/raptor/Softwares/spark-2.4.0-bin-hadoop2.7/jars/javassist-3.18.1-GA.jar
7f57879ba000-7f57879d0000 r--s 00124000 08:01 1579238                    /home/raptor/Softwares/spark-2.4.0-bin-hadoop2.7/jars/ivy-2.4.0.jar
7f57879d0000-7f57879e8000 r--s 000d6000 08:01 1579044                    /home/raptor/Softwares/spark-2.4.0-bin-hadoop2.7/jars/jersey-guava-2.22.2.jar
7f57879e8000-7f57879eb000 r--s 0001e000 08:01 1579053                    /home/raptor/Softwares/spark-2.4.0-bin-hadoop2.7/jars/avro-ipc-1.8.2.jar
7f57879eb000-7f57879ed000 r--s 0000b000 08:01 1579136                    /home/raptor/Softwares/spark-2.4.0-bin-hadoop2.7/jars/spark-kvstore_2.11-2.4.0.jar
7f57879ed000-7f57879ee000 r--s 00003000 08:01 1579235                    /home/raptor/Softwares/spark-2.4.0-bin-hadoop2.7/jars/xmlenc-0.52.jar
7f57879ee000-7f5787a3b000 r--s 0041c000 08:01 1581543                    /home/raptor/Softwares/spark-2.4.0-bin-hadoop2.7/jars/scala-reflect-2.11.12.jar
7f5787a3b000-7f5787a56000 r--s 0012b000 08:01 1579205                    /home/raptor/Softwares/spark-2.4.0-bin-hadoop2.7/jars/spark-hive_2.11-2.4.0.jar
7f5787a56000-7f5787a68000 r--s 00112000 08:01 1579242                    /home/raptor/Softwares/spark-2.4.0-bin-hadoop2.7/jars/arpack_combined_all-0.1.jar
7f5787a68000-7f5787a70000 r--s 0005b000 08:01 1579172                    /home/raptor/Softwares/spark-2.4.0-bin-hadoop2.7/jars/univocity-parsers-2.7.3.jar
7f5787a70000-7f5787a72000 r--s 0000e000 08:01 1579034                    /home/raptor/Softwares/spark-2.4.0-bin-hadoop2.7/jars/hadoop-mapreduce-client-jobclient-2.7.3.jar
7f5787a72000-7f5787a84000 r--s 00097000 08:01 1579173                    /home/raptor/Softwares/spark-2.4.0-bin-hadoop2.7/jars/apacheds-kerberos-codec-2.0.0-M15.jar
7f5787a84000-7f5787a8a000 r--s 00043000 08:01 1579128                    /home/raptor/Softwares/spark-2.4.0-bin-hadoop2.7/jars/commons-configuration-1.6.jar
7f5787a8a000-7f5787a8b000 r--s 00000000 08:01 1579051                    /home/raptor/Softwares/spark-2.4.0-bin-hadoop2.7/jars/javax.inject-1.jar
7f5787a8b000-7f5787a8c000 r--s 00009000 08:01 1579122                    /home/raptor/Softwares/spark-2.4.0-bin-hadoop2.7/jars/hadoop-annotations-2.7.3.jar
7f5787a8c000-7f5787a8f000 r--s 00022000 08:01 1579143                    /home/raptor/Softwares/spark-2.4.0-bin-hadoop2.7/jars/stringtemplate-3.2.1.jar
7f5787a8f000-7f5787b4b000 r--s 008fb000 08:01 1579159                    /home/raptor/Softwares/spark-2.4.0-bin-hadoop2.7/jars/spark-catalyst_2.11-2.4.0.jar
7f5787b4b000-7f5787b4e000 r--s 00009000 08:01 1579478                    /home/raptor/Softwares/spark-2.4.0-bin-hadoop2.7/jars/jackson-annotations-2.6.7.jar
7f5787b4e000-7f5787b50000 r--s 0000b000 08:01 1579187                    /home/raptor/Softwares/spark-2.4.0-bin-hadoop2.7/jars/spark-unsafe_2.11-2.4.0.jar
7f5787b50000-7f5787b5e000 r--s 00089000 08:01 1581534                    /home/raptor/Softwares/spark-2.4.0-bin-hadoop2.7/jars/json4s-scalap_2.11-3.5.3.jar
7f5787b5e000-7f5787b5f000 r--s 00000000 08:01 1579214                    /home/raptor/Softwares/spark-2.4.0-bin-hadoop2.7/jars/macro-compat_2.11-1.1.1.jar
7f5787b5f000-7f5787b69000 r--s 0007b000 08:01 1579244                    /home/raptor/Softwares/spark-2.4.0-bin-hadoop2.7/jars/hadoop-mapreduce-client-app-2.7.3.jar
7f5787b69000-7f5787b6a000 r--s 00004000 08:01 1579071                    /home/raptor/Softwares/spark-2.4.0-bin-hadoop2.7/jars/eigenbase-properties-1.1.5.jar
7f5787b6a000-7f5787b6c000 r--s 0000e000 08:01 1579202                    /home/raptor/Softwares/spark-2.4.0-bin-hadoop2.7/jars/guice-servlet-3.0.jar
7f5787b6c000-7f5787b70000 r--s 0002f000 08:01 1579211                    /home/raptor/Softwares/spark-2.4.0-bin-hadoop2.7/jars/commons-beanutils-core-1.8.0.jar
7f5787b70000-7f5787b74000 r--s 00025000 08:01 1579179                    /home/raptor/Softwares/spark-2.4.0-bin-hadoop2.7/jars/jersey-client-2.22.2.jar
7f5787b74000-7f5787b78000 r--s 0001a000 08:01 1579083                    /home/raptor/Softwares/spark-2.4.0-bin-hadoop2.7/jars/hk2-utils-2.4.0-b34.jar
7f5787b78000-7f5787b7a000 r--s 0000d000 08:01 1579093                    /home/raptor/Softwares/spark-2.4.0-bin-hadoop2.7/jars/chill-java-0.9.3.jar
7f5787b7a000-7f5787b7b000 r--s 00003000 08:01 1579076                    /home/raptor/Softwares/spark-2.4.0-bin-hadoop2.7/jars/spark-tags_2.11-2.4.0.jar
7f5787b7b000-7f5787b7e000 r--s 00019000 08:01 1579041                    /home/raptor/Softwares/spark-2.4.0-bin-hadoop2.7/jars/bonecp-0.8.0.RELEASE.jar
7f5787b7e000-7f5787b81000 r--s 00015000 08:01 1579253                    /home/raptor/Softwares/spark-2.4.0-bin-hadoop2.7/jars/javax.servlet-api-3.1.0.jar
7f5787b81000-7f5787b83000 r--s 00007000 08:01 1579140                    /home/raptor/Softwares/spark-2.4.0-bin-hadoop2.7/jars/paranamer-2.8.jar
7f5787b83000-7f5787b85000 r--s 00017000 08:01 1579037                    /home/raptor/Softwares/spark-2.4.0-bin-hadoop2.7/jars/hive-jdbc-1.2.1.spark2.jar
7f5787b85000-7f5787b8f000 r--s 0009a000 08:01 1581550                    /home/raptor/Softwares/spark-2.4.0-bin-hadoop2.7/jars/scala-xml_2.11-1.0.5.jar
7f5787b8f000-7f5787b92000 r--s 0000e000 08:01 1579056                    /home/raptor/Softwares/spark-2.4.0-bin-hadoop2.7/jars/jersey-container-servlet-core-2.22.2.jar
7f5787b92000-7f5787b95000 r--s 0002f000 08:01 1579141                    /home/raptor/Softwares/spark-2.4.0-bin-hadoop2.7/jars/RoaringBitmap-0.5.11.jar
7f5787b95000-7f5787b97000 r--s 0000a000 08:01 1572919                    /home/raptor/Softwares/spark-2.4.0-bin-hadoop2.7/jars/json4s-jackson_2.11-3.5.3.jar
7f5787b97000-7f5787baf000 r--s 00115000 08:01 1579180                    /home/raptor/Softwares/spark-2.4.0-bin-hadoop2.7/jars/xercesImpl-2.9.1.jar
7f5787baf000-7f5787bb3000 r--s 0002a000 08:01 1579062                    /home/raptor/Softwares/spark-2.4.0-bin-hadoop2.7/jars/avro-mapred-1.8.2-hadoop2.jar
7f5787bb3000-7f5787bb9000 r--s 0003c000 08:01 1579125                    /home/raptor/Softwares/spark-2.4.0-bin-hadoop2.7/jars/snakeyaml-1.15.jar
7f5787bb9000-7f5787bba000 r--s 00009000 08:01 1579223                    /home/raptor/Softwares/spark-2.4.0-bin-hadoop2.7/jars/hive-cli-1.2.1.spark2.jar
7f5787bba000-7f5787bbe000 r--s 0003e000 08:01 1579191                    /home/raptor/Softwares/spark-2.4.0-bin-hadoop2.7/jars/jline-2.14.6.jar
7f5787bbe000-7f5787bdf000 r--s 00177000 08:01 1579042                    /home/raptor/Softwares/spark-2.4.0-bin-hadoop2.7/jars/hppc-0.7.2.jar
7f5787bdf000-7f5787be4000 r--s 0002a000 08:01 1579073                    /home/raptor/Softwares/spark-2.4.0-bin-hadoop2.7/jars/commons-beanutils-1.7.0.jar
7f5787be4000-7f5787be8000 r--s 00019000 08:01 1579132                    /home/raptor/Softwares/spark-2.4.0-bin-hadoop2.7/jars/javax.ws.rs-api-2.0.1.jar
7f5787be8000-7f5787bf0000 r--s 0005d000 08:01 1579130                    /home/raptor/Softwares/spark-2.4.0-bin-hadoop2.7/jars/kryo-shaded-4.0.2.jar
7f5787bf0000-7f5787bf2000 r--s 0001c000 08:01 1579229                    /home/raptor/Softwares/spark-2.4.0-bin-hadoop2.7/jars/py4j-0.10.7.jar
7f5787bf2000-7f5787c21000 r--s 002e5000 08:01 1579217                    /home/raptor/Softwares/spark-2.4.0-bin-hadoop2.7/jars/derby-10.12.1.1.jar
7f5787c21000-7f5787c22000 r--s 00003000 08:01 1579184                    /home/raptor/Softwares/spark-2.4.0-bin-hadoop2.7/jars/jta-1.1.jar
7f5787c22000-7f5787c27000 r--s 0003e000 08:01 1579048                    /home/raptor/Softwares/spark-2.4.0-bin-hadoop2.7/jars/commons-net-3.1.jar
7f5787c27000-7f5787c2e000 r--s 00053000 08:01 1579213                    /home/raptor/Softwares/spark-2.4.0-bin-hadoop2.7/jars/commons-compress-1.8.1.jar
7f5787c2e000-7f5787c3b000 r--s 000af000 08:01 1579164                    /home/raptor/Softwares/spark-2.4.0-bin-hadoop2.7/jars/httpclient-4.5.6.jar
7f5787c3b000-7f5787c47000 r--s 00077000 08:01 1579064                    /home/raptor/Softwares/spark-2.4.0-bin-hadoop2.7/jars/spark-kubernetes_2.11-2.4.0.jar
7f5787c47000-7f5787c7b000 r--s 00277000 08:01 1579101                    /home/raptor/Softwares/spark-2.4.0-bin-hadoop2.7/jars/parquet-hadoop-bundle-1.6.0.jar
7f5787c7b000-7f5787c91000 r--s 001a4000 08:01 1579186                    /home/raptor/Softwares/spark-2.4.0-bin-hadoop2.7/jars/datanucleus-rdbms-3.2.9.jar
7f5787c91000-7f5787c9d000 r--s 00068000 08:01 1581542                    /home/raptor/Softwares/spark-2.4.0-bin-hadoop2.7/jars/scala-parser-combinators_2.11-1.1.0.jar
7f5787c9d000-7f5787d43000 r--s 0060b000 08:01 1579075                    /home/raptor/Softwares/spark-2.4.0-bin-hadoop2.7/jars/kubernetes-model-2.0.0.jar
7f5787d43000-7f5787e1b000 r--s 00d92000 08:01 1579100                    /home/raptor/Softwares/spark-2.4.0-bin-hadoop2.7/jars/breeze_2.11-0.13.2.jar
7f5787e1b000-7f5787e23000 r--s 0003b000 08:01 1579147                    /home/raptor/Softwares/spark-2.4.0-bin-hadoop2.7/jars/curator-recipes-2.7.1.jar
7f5787e23000-7f5787e64000 r--s 0035a000 08:01 1579160                    /home/raptor/Softwares/spark-2.4.0-bin-hadoop2.7/jars/netty-all-4.1.17.Final.jar
7f5787e64000-7f5787e6c000 r--s 0006e000 08:01 1579031                    /home/raptor/Softwares/spark-2.4.0-bin-hadoop2.7/jars/commons-lang3-3.5.jar
7f5787e6c000-7f5787ecf000 r--s 004de000 08:01 1579194                    /home/raptor/Softwares/spark-2.4.0-bin-hadoop2.7/jars/hive-metastore-1.2.1.spark2.jar
7f5787ecf000-7f5787ef3000 r--s 001cd000 08:01 1579163                    /home/raptor/Softwares/spark-2.4.0-bin-hadoop2.7/jars/commons-math3-3.4.1.jar
7f5787ef3000-7f5788000000 r--s 00dd7000 08:01 1581540                    /home/raptor/Softwares/spark-2.4.0-bin-hadoop2.7/jars/scala-compiler-2.11.12.jar
7f5788000000-7f5788021000 rw-p 00000000 00:00 0 
7f5788021000-7f578c000000 ---p 00000000 00:00 0 
7f578c000000-7f578c021000 rw-p 00000000 00:00 0 
7f578c021000-7f5790000000 ---p 00000000 00:00 0 
7f5790000000-7f57903c1000 rw-p 00000000 00:00 0 
7f57903c1000-7f5794000000 ---p 00000000 00:00 0 
7f5794000000-7f5794543000 rw-p 00000000 00:00 0 
7f5794543000-7f5798000000 ---p 00000000 00:00 0 
7f5798000000-7f5798021000 rw-p 00000000 00:00 0 
7f5798021000-7f579c000000 ---p 00000000 00:00 0 
7f579c000000-7f579c8e7000 rw-p 00000000 00:00 0 
7f579c8e7000-7f57a0000000 ---p 00000000 00:00 0 
7f57a0000000-7f57a0021000 rw-p 00000000 00:00 0 
7f57a0021000-7f57a4000000 ---p 00000000 00:00 0 
7f57a4000000-7f57a4021000 rw-p 00000000 00:00 0 
7f57a4021000-7f57a8000000 ---p 00000000 00:00 0 
7f57a8000000-7f57a8021000 rw-p 00000000 00:00 0 
7f57a8021000-7f57ac000000 ---p 00000000 00:00 0 
7f57ac000000-7f57ac29b000 rw-p 00000000 00:00 0 
7f57ac29b000-7f57b0000000 ---p 00000000 00:00 0 
7f57b0000000-7f57b0021000 rw-p 00000000 00:00 0 
7f57b0021000-7f57b4000000 ---p 00000000 00:00 0 
7f57b4000000-7f57b4021000 rw-p 00000000 00:00 0 
7f57b4021000-7f57b8000000 ---p 00000000 00:00 0 
7f57b8000000-7f57b8044000 rw-p 00000000 00:00 0 
7f57b8044000-7f57bc000000 ---p 00000000 00:00 0 
7f57bc000000-7f57bc049000 rw-p 00000000 00:00 0 
7f57bc049000-7f57c0000000 ---p 00000000 00:00 0 
7f57c0000000-7f57c0042000 rw-p 00000000 00:00 0 
7f57c0042000-7f57c4000000 ---p 00000000 00:00 0 
7f57c4000000-7f57c4002000 r--s 00006000 08:01 1579208                    /home/raptor/Softwares/spark-2.4.0-bin-hadoop2.7/jars/spark-sketch_2.11-2.4.0.jar
7f57c4002000-7f57c4004000 r--s 00009000 08:01 1579126                    /home/raptor/Softwares/spark-2.4.0-bin-hadoop2.7/jars/commons-cli-1.2.jar
7f57c4004000-7f57c4005000 r--s 00004000 08:01 1579185                    /home/raptor/Softwares/spark-2.4.0-bin-hadoop2.7/jars/osgi-resource-locator-1.0.1.jar
7f57c4005000-7f57c4009000 r--s 0003c000 08:01 1581489                    /home/raptor/Softwares/spark-2.4.0-bin-hadoop2.7/jars/jackson-core-2.6.7.jar
7f57c4009000-7f57c4020000 r--s 00183000 08:01 1579033                    /home/raptor/Softwares/spark-2.4.0-bin-hadoop2.7/jars/hadoop-yarn-common-2.7.3.jar
7f57c4020000-7f57c4021000 r--s 00003000 08:01 1579104                    /home/raptor/Softwares/spark-2.4.0-bin-hadoop2.7/jars/metrics-json-3.1.5.jar
7f57c4021000-7f57c4022000 r--s 00006000 08:01 1579193                    /home/raptor/Softwares/spark-2.4.0-bin-hadoop2.7/jars/hadoop-client-2.7.3.jar
7f57c4022000-7f57c4030000 r--s 000b1000 08:01 1580745                    /home/raptor/Softwares/spark-2.4.0-bin-hadoop2.7/jars/jackson-mapper-asl-1.9.13.jar
7f57c4030000-7f57c409b000 r--s 00784000 08:01 1579254                    /home/raptor/Softwares/spark-2.4.0-bin-hadoop2.7/jars/hadoop-hdfs-2.7.3.jar
7f57c409b000-7f57c409c000 r--s 00003000 08:01 1579250                    /home/raptor/Softwares/spark-2.4.0-bin-hadoop2.7/jars/generex-1.0.1.jar
7f57c409c000-7f57c409e000 r--s 00002000 08:01 1579105                    /home/raptor/Softwares/spark-2.4.0-bin-hadoop2.7/jars/aopalliance-repackaged-2.4.0-b34.jar
7f57c409e000-7f57c409f000 r--s 00004000 08:01 1580744                    /home/raptor/Softwares/spark-2.4.0-bin-hadoop2.7/jars/jackson-jaxrs-1.9.13.jar
7f57c409f000-7f57c40a9000 r--s 0005c000 08:01 1579174                    /home/raptor/Softwares/spark-2.4.0-bin-hadoop2.7/jars/kubernetes-client-3.0.0.jar
7f57c40a9000-7f57c413c000 r--s 00715000 08:01 1579151                    /home/raptor/Softwares/spark-2.4.0-bin-hadoop2.7/jars/spark-mllib_2.11-2.4.0.jar
7f57c413c000-7f57c4142000 r--s 00033000 08:01 1572887                    /home/raptor/Softwares/spark-2.4.0-bin-hadoop2.7/jars/spark-xml_2.11-0.7.0.jar
7f57c4142000-7f57c4144000 r--s 00004000 08:01 1579110                    /home/raptor/Softwares/spark-2.4.0-bin-hadoop2.7/jars/metrics-graphite-3.1.5.jar
7f57c4144000-7f57c4146000 r--s 00012000 08:01 1579198                    /home/raptor/Softwares/spark-2.4.0-bin-hadoop2.7/jars/api-util-1.0.0-M20.jar
7f57c4146000-7f57c414e000 r--s 00066000 08:01 1579145                    /home/raptor/Softwares/spark-2.4.0-bin-hadoop2.7/jars/apache-log4j-extras-1.2.17.jar
7f57c414e000-7f57c417e000 r--s 001e3000 08:01 1579097                    /home/raptor/Softwares/spark-2.4.0-bin-hadoop2.7/jars/spark-streaming_2.11-2.4.0.jar
7f57c417e000-7f57c4189000 r--s 000bc000 08:01 1579178                    /home/raptor/Softwares/spark-2.4.0-bin-hadoop2.7/jars/orc-mapreduce-1.5.2-nohive.jar
7f57c4189000-7f57c4198000 r--s 0009f000 08:01 1579045                    /home/raptor/Softwares/spark-2.4.0-bin-hadoop2.7/jars/guice-3.0.jar
7f57c4198000-7f57c41b9000 r--s 0015c000 08:01 1579137                    /home/raptor/Softwares/spark-2.4.0-bin-hadoop2.7/jars/avro-1.8.2.jar
7f57c41b9000-7f57c41bb000 r--s 001eb000 08:01 1579081                    /home/raptor/Softwares/spark-2.4.0-bin-hadoop2.7/jars/snappy-java-1.1.7.1.jar
7f57c41bb000-7f57c41c8000 r--s 000a0000 08:01 1579059                    /home/raptor/Softwares/spark-2.4.0-bin-hadoop2.7/jars/spark-graphx_2.11-2.4.0.jar
7f57c41c8000-7f57c41f6000 r--s 0021a000 08:01 1579210                    /home/raptor/Softwares/spark-2.4.0-bin-hadoop2.7/jars/spark-network-common_2.11-2.4.0.jar
7f57c41f6000-7f57c41fa000 r--s 0001a000 08:01 1579224                    /home/raptor/Softwares/spark-2.4.0-bin-hadoop2.7/jars/metrics-core-3.1.5.jar
7f57c41fa000-7f57c41fc000 r--s 00012000 08:01 1579082                    /home/raptor/Softwares/spark-2.4.0-bin-hadoop2.7/jars/arrow-memory-0.10.0.jar
7f57c41fc000-7f57c4200000 r--s 00025000 08:01 1579108                    /home/raptor/Softwares/spark-2.4.0-bin-hadoop2.7/jars/antlr-runtime-3.4.jar
7f57c4200000-7f57c4202000 r--s 00003000 08:01 1579107                    /home/raptor/Softwares/spark-2.4.0-bin-hadoop2.7/jars/jcl-over-slf4j-1.7.16.jar
7f57c4202000-7f57c4204000 r--s 00009000 08:01 1581584                    /home/raptor/Softwares/spark-2.4.0-bin-hadoop2.7/jars/jackson-module-paranamer-2.6.7.jar
7f57c4204000-7f57c4206000 r--s 00003000 08:01 1579036                    /home/raptor/Softwares/spark-2.4.0-bin-hadoop2.7/jars/jersey-container-servlet-2.22.2.jar
7f57c4206000-7f57c4207000 r--s 00001000 08:01 1579219                    /home/raptor/Softwares/spark-2.4.0-bin-hadoop2.7/jars/minlog-1.3.0.jar
7f57c4207000-7f57c4208000 r--s 00004000 08:01 1579095                    /home/raptor/Softwares/spark-2.4.0-bin-hadoop2.7/jars/opencsv-2.3.jar
7f57c4208000-7f57c420b000 r--s 00026000 08:01 1579118                    /home/raptor/Softwares/spark-2.4.0-bin-hadoop2.7/jars/hadoop-yarn-client-2.7.3.jar
7f57c420b000-7f57c420e000 r--s 00014000 08:01 1579046                    /home/raptor/Softwares/spark-2.4.0-bin-hadoop2.7/jars/super-csv-2.2.0.jar
7f57c420e000-7f57c4214000 r--s 0002c000 08:01 1579078                    /home/raptor/Softwares/spark-2.4.0-bin-hadoop2.7/jars/jdo-api-3.0.1.jar
7f57c4214000-7f57c421b000 r--s 00046000 08:01 1579177                    /home/raptor/Softwares/spark-2.4.0-bin-hadoop2.7/jars/libfb303-0.9.3.jar
7f57c421b000-7f57c4220000 r--s 00041000 08:01 1579119                    /home/raptor/Softwares/spark-2.4.0-bin-hadoop2.7/jars/commons-lang-2.6.jar
7f57c4220000-7f57c4223000 r--s 00014000 08:01 1572915                    /home/raptor/Softwares/spark-2.4.0-bin-hadoop2.7/jars/json4s-ast_2.11-3.5.3.jar
7f57c4223000-7f57c4235000 r--s 000b3000 08:01 1581555                    /home/raptor/Softwares/spark-2.4.0-bin-hadoop2.7/jars/scalap-2.11.12.jar
7f57c4235000-7f57c423e000 r--s 0006f000 08:01 1579088                    /home/raptor/Softwares/spark-2.4.0-bin-hadoop2.7/jars/log4j-1.2.17.jar
7f57c423e000-7f57c4243000 r--s 00041000 08:01 1579146                    /home/raptor/Softwares/spark-2.4.0-bin-hadoop2.7/jars/xbean-asm6-shaded-4.8.jar
7f57c4243000-7f57c4279000 r--s 0031c000 08:01 1579153                    /home/raptor/Softwares/spark-2.4.0-bin-hadoop2.7/jars/hadoop-common-2.7.3.jar
7f57c4279000-7f57c4291000 r--s 001b6000 08:01 1579114                    /home/raptor/Softwares/spark-2.4.0-bin-hadoop2.7/jars/datanucleus-core-3.2.10.jar
7f57c4291000-7f57c429d000 r--s 000b6000 08:01 1579131                    /home/raptor/Softwares/spark-2.4.0-bin-hadoop2.7/jars/zookeeper-3.4.6.jar
7f57c429d000-7f57c42a0000 r--s 0000b000 08:01 1579227                    /home/raptor/Softwares/spark-2.4.0-bin-hadoop2.7/jars/objenesis-2.5.1.jar
7f57c42a0000-7f57c42a4000 r--s 00029000 08:01 1579222                    /home/raptor/Softwares/spark-2.4.0-bin-hadoop2.7/jars/spark-mllib-local_2.11-2.4.0.jar
7f57c42a4000-7f57c42a5000 r--s 00007000 08:01 1581575                    /home/raptor/Softwares/spark-2.4.0-bin-hadoop2.7/jars/jackson-module-jaxb-annotations-2.6.7.jar
7f57c42a5000-7f57c42a8000 r--s 00058000 08:01 1579096                    /home/raptor/Softwares/spark-2.4.0-bin-hadoop2.7/jars/lz4-java-1.4.0.jar
7f57c42a8000-7f57c42ab000 r--s 00017000 08:01 1579113                    /home/raptor/Softwares/spark-2.4.0-bin-hadoop2.7/jars/jaxb-api-2.2.2.jar
7f57c42ab000-7f57c42ad000 r--s 00008000 08:01 1579161                    /home/raptor/Softwares/spark-2.4.0-bin-hadoop2.7/jars/commons-compiler-3.0.9.jar
7f57c42ad000-7f57c42af000 r--s 00014000 08:01 1579189                    /home/raptor/Softwares/spark-2.4.0-bin-hadoop2.7/jars/spire-macros_2.11-0.13.0.jar
7f57c42af000-7f57c42b5000 r--s 00040000 08:01 1579162                    /home/raptor/Softwares/spark-2.4.0-bin-hadoop2.7/jars/parquet-hadoop-1.10.0.jar
7f57c42b5000-7f57c42b6000 r--s 00002000 08:01 1579129                    /home/raptor/Softwares/spark-2.4.0-bin-hadoop2.7/jars/jpam-1.1.jar
7f57c42b6000-7f57c42b8000 r--s 00027000 08:01 1579167                    /home/raptor/Softwares/spark-2.4.0-bin-hadoop2.7/jars/core-1.1.2.jar
7f57c42b8000-7f57c42bd000 r--s 00027000 08:01 1579226                    /home/raptor/Softwares/spark-2.4.0-bin-hadoop2.7/jars/automaton-1.11-8.jar
7f57c42bd000-7f57c42bf000 r--s 00001000 08:01 1579094                    /home/raptor/Softwares/spark-2.4.0-bin-hadoop2.7/jars/logging-interceptor-3.8.1.jar
7f57c42bf000-7f57c42ca000 r--s 000b0000 08:01 1579123                    /home/raptor/Softwares/spark-2.4.0-bin-hadoop2.7/jars/jtransforms-2.4.0.jar
7f57c42ca000-7f57c42cb000 r--s 00002000 08:01 1579248                    /home/raptor/Softwares/spark-2.4.0-bin-hadoop2.7/jars/flatbuffers-1.2.0-3f79e055.jar
7f57c42cb000-7f57c42d6000 r--s 00062000 08:01 1579190                    /home/raptor/Softwares/spark-2.4.0-bin-hadoop2.7/jars/calcite-linq4j-1.2.0-incubating.jar
7f57c42d6000-7f57c42da000 r--s 00029000 08:01 1579091                    /home/raptor/Softwares/spark-2.4.0-bin-hadoop2.7/jars/hk2-locator-2.4.0-b34.jar
7f57c42da000-7f57c42dd000 r--s 0000f000 08:01 1579054                    /home/raptor/Softwares/spark-2.4.0-bin-hadoop2.7/jars/spark-network-shuffle_2.11-2.4.0.jar
7f57c42dd000-7f57c42df000 r--s 00005000 08:01 1579243                    /home/raptor/Softwares/spark-2.4.0-bin-hadoop2.7/jars/stax-api-1.0.1.jar
7f57c42df000-7f57c42e6000 r--s 0003f000 08:01 1579168                    /home/raptor/Softwares/spark-2.4.0-bin-hadoop2.7/jars/commons-codec-1.10.jar
7f57c42e6000-7f57c42e9000 r--s 000fd000 08:01 1579067                    /home/raptor/Softwares/spark-2.4.0-bin-hadoop2.7/jars/leveldbjni-all-1.8.jar
7f57c42e9000-7f57c432a000 r--s 006c0000 08:01 1579155                    /home/raptor/Softwares/spark-2.4.0-bin-hadoop2.7/jars/mesos-1.4.0-shaded-protobuf.jar
7f57c432a000-7f57c432b000 r--s 00001000 08:01 1579103                    /home/raptor/Softwares/spark-2.4.0-bin-hadoop2.7/jars/javax.inject-2.4.0-b34.jar
7f57c432b000-7f57c432d000 r--s 00000000 08:01 1579087                    /home/raptor/Softwares/spark-2.4.0-bin-hadoop2.7/jars/aopalliance-1.0.jar
7f57c432d000-7f57c432e000 r--s 00006000 08:01 1579055                    /home/raptor/Softwares/spark-2.4.0-bin-hadoop2.7/jars/orc-shims-1.5.2.jar
7f57c432e000-7f57c434b000 r--s 001d5000 08:01 1579138                    /home/raptor/Softwares/spark-2.4.0-bin-hadoop2.7/jars/hadoop-yarn-api-2.7.3.jar
7f57c434b000-7f57c4358000 r--s 0009c000 08:01 1572916                    /home/raptor/Softwares/spark-2.4.0-bin-hadoop2.7/jars/json4s-core_2.11-3.5.3.jar
7f57c4358000-7f57c435f000 r--s 00039000 08:01 1579249                    /home/raptor/Softwares/spark-2.4.0-bin-hadoop2.7/jars/calcite-avatica-1.2.0-incubating.jar
7f57c435f000-7f57c4381000 r--s 0019a000 08:01 1579102                    /home/raptor/Softwares/spark-2.4.0-bin-hadoop2.7/jars/spark-hive-thriftserver_2.11-2.4.0.jar
7f57c4381000-7f57c43c7000 r--s 00317000 08:01 1579218                    /home/raptor/Softwares/spark-2.4.0-bin-hadoop2.7/jars/shapeless_2.11-2.3.2.jar
7f57c43c7000-7f57c43cd000 r--s 0004c000 08:01 1579063                    /home/raptor/Softwares/spark-2.4.0-bin-hadoop2.7/jars/antlr4-runtime-4.7.jar
7f57c43cd000-7f57c43d3000 r--s 0005c000 08:01 1579066                    /home/raptor/Softwares/spark-2.4.0-bin-hadoop2.7/jars/okhttp-3.8.1.jar
7f57c43d3000-7f57c43d8000 r--s 00035000 08:01 1579150                    /home/raptor/Softwares/spark-2.4.0-bin-hadoop2.7/jars/chill_2.11-0.9.3.jar
7f57c43d8000-7f57c43db000 r--s 00016000 08:01 1579047                    /home/raptor/Softwares/spark-2.4.0-bin-hadoop2.7/jars/jsp-api-2.1.jar
7f57c43db000-7f57c43de000 r--s 00015000 08:01 1579040                    /home/raptor/Softwares/spark-2.4.0-bin-hadoop2.7/jars/pyrolite-4.13.jar
7f57c43de000-7f57c43e0000 r--s 00238000 08:01 1579170                    /home/raptor/Softwares/spark-2.4.0-bin-hadoop2.7/jars/zstd-jni-1.3.2-2.jar
7f57c43e0000-7f57c43e2000 r--s 00010000 08:01 1579052                    /home/raptor/Softwares/spark-2.4.0-bin-hadoop2.7/jars/hadoop-mapreduce-client-shuffle-2.7.3.jar
7f57c43e2000-7f57c43e4000 r--s 00020000 08:01 1579209                    /home/raptor/Softwares/spark-2.4.0-bin-hadoop2.7/jars/hive-beeline-1.2.1.spark2.jar
7f57c43e4000-7f57c43e7000 r--s 00028000 08:01 1579212                    /home/raptor/Softwares/spark-2.4.0-bin-hadoop2.7/jars/stream-2.7.0.jar
7f57c43e7000-7f57c43e9000 r--s 0000b000 08:01 1579032                    /home/raptor/Softwares/spark-2.4.0-bin-hadoop2.7/jars/arrow-format-0.10.0.jar
7f57c43e9000-7f57c43eb000 r--s 00010000 08:01 1579061                    /home/raptor/Softwares/spark-2.4.0-bin-hadoop2.7/jars/jersey-media-jaxb-2.22.2.jar
7f57c43eb000-7f57c43f1000 r--s 00034000 08:01 1579092                    /home/raptor/Softwares/spark-2.4.0-bin-hadoop2.7/jars/libthrift-0.9.3.jar
7f57c43f1000-7f57c43f6000 r--s 0002a000 08:01 1579169                    /home/raptor/Softwares/spark-2.4.0-bin-hadoop2.7/jars/gson-2.2.4.jar
7f57c43f6000-7f57c43f8000 r--s 0000e000 08:01 1579148                    /home/raptor/Softwares/spark-2.4.0-bin-hadoop2.7/jars/oro-2.0.8.jar
7f57c43f8000-7f57c43fe000 r--s 00028000 08:01 1579038                    /home/raptor/Softwares/spark-2.4.0-bin-hadoop2.7/jars/curator-framework-2.7.1.jar
7f57c43fe000-7f57c4407000 r--s 00046000 08:01 1581570                    /home/raptor/Softwares/spark-2.4.0-bin-hadoop2.7/jars/jackson-dataformat-yaml-2.6.7.jar
7f57c4407000-7f57c4420000 r--s 00164000 08:01 1579134                    /home/raptor/Softwares/spark-2.4.0-bin-hadoop2.7/jars/hadoop-mapreduce-client-core-2.7.3.jar
7f57c4420000-7f57c4439000 r--s 000f4000 08:01 1579039                    /home/raptor/Softwares/spark-2.4.0-bin-hadoop2.7/jars/parquet-column-1.10.0.jar
7f57c4439000-7f57c443e000 r--s 00027000 08:01 1579245                    /home/raptor/Softwares/spark-2.4.0-bin-hadoop2.7/jars/hk2-api-2.4.0-b34.jar
7f57c443e000-7f57c4444000 r--s 00045000 08:01 1579199                    /home/raptor/Softwares/spark-2.4.0-bin-hadoop2.7/jars/commons-httpclient-3.1.jar
7f57c4444000-7f57c4458000 r--s 0016d000 08:01 1579200                    /home/raptor/Softwares/spark-2.4.0-bin-hadoop2.7/jars/orc-core-1.5.2-nohive.jar
7f57c4458000-7f57c445a000 r--s 00001000 08:01 1579068                    /home/raptor/Softwares/spark-2.4.0-bin-hadoop2.7/jars/spark-tags_2.11-2.4.0-tests.jar
7f57c445a000-7f57c4491000 r--s 00325000 08:01 1579099                    /home/raptor/Softwares/spark-2.4.0-bin-hadoop2.7/jars/calcite-core-1.2.0-incubating.jar
7f57c4491000-7f57c44a2000 r--s 00096000 08:01 1579106                    /home/raptor/Softwares/spark-2.4.0-bin-hadoop2.7/jars/spark-mesos_2.11-2.4.0.jar
7f57c44a2000-7f57c44a4000 r--s 00015000 08:01 1579255                    /home/raptor/Softwares/spark-2.4.0-bin-hadoop2.7/jars/hadoop-auth-2.7.3.jar
7f57c44a4000-7f57c44b1000 r--s 000b1000 08:01 1579204                    /home/raptor/Softwares/spark-2.4.0-bin-hadoop2.7/jars/hadoop-mapreduce-client-common-2.7.3.jar
7f57c44b1000-7f57c44b5000 r--s 00014000 08:01 1579175                    /home/raptor/Softwares/spark-2.4.0-bin-hadoop2.7/jars/parquet-common-1.10.0.jar
7f57c44b5000-7f57c44b9000 r--s 00035000 08:01 1580743                    /home/raptor/Softwares/spark-2.4.0-bin-hadoop2.7/jars/jackson-core-asl-1.9.13.jar
7f57c44b9000-7f57c44c6000 r--s 00071000 08:01 1581585                    /home/raptor/Softwares/spark-2.4.0-bin-hadoop2.7/jars/jackson-module-scala_2.11-2.6.7.1.jar
7f57c44c6000-7f57c44c7000 r--s 00006000 08:01 1580746                    /home/raptor/Softwares/spark-2.4.0-bin-hadoop2.7/jars/jackson-xc-1.9.13.jar
7f57c44c7000-7f57c44cc000 r--s 0004e000 08:01 1579120                    /home/raptor/Softwares/spark-2.4.0-bin-hadoop2.7/jars/datanucleus-api-jdo-3.2.6.jar
7f57c44cc000-7f57c44d3000 r--s 00058000 08:01 1579176                    /home/raptor/Softwares/spark-2.4.0-bin-hadoop2.7/jars/hadoop-yarn-server-common-2.7.3.jar
7f57c44d3000-7f57c44fc000 r--s 001ee000 08:01 1579112                    /home/raptor/Softwares/spark-2.4.0-bin-hadoop2.7/jars/guava-14.0.1.jar
7f57c44fc000-7f57c44fe000 r--s 00004000 08:01 1579166                    /home/raptor/Softwares/spark-2.4.0-bin-hadoop2.7/jars/stax-api-1.0-2.jar
7f57c44fe000-7f57c45a7000 r--s 00a4f000 08:01 1579152                    /home/raptor/Softwares/spark-2.4.0-bin-hadoop2.7/jars/hive-exec-1.2.1.spark2.jar
7f57c45a7000-7f57c45ac000 r--s 00068000 08:01 1579116                    /home/raptor/Softwares/spark-2.4.0-bin-hadoop2.7/jars/antlr-2.7.7.jar
7f57c45ac000-7f57c45bb000 r--s 00095000 08:01 1579236                    /home/raptor/Softwares/spark-2.4.0-bin-hadoop2.7/jars/spark-yarn_2.11-2.4.0.jar
7f57c45bb000-7f57c45cb000 r--s 00133000 08:01 1579247                    /home/raptor/Softwares/spark-2.4.0-bin-hadoop2.7/jars/arrow-vector-0.10.0.jar
7f57c45cb000-7f57c45d6000 r--s 000b9000 08:01 1579142                    /home/raptor/Softwares/spark-2.4.0-bin-hadoop2.7/jars/janino-3.0.9.jar
7f57c45d6000-7f57c45d8000 r--s 00000000 08:01 1579165                    /home/raptor/Softwares/spark-2.4.0-bin-hadoop2.7/jars/jul-to-slf4j-1.7.16.jar
7f57c45d8000-7f57c469f000 r--s 008a5000 08:01 1579221                    /home/raptor/Softwares/spark-2.4.0-bin-hadoop2.7/jars/spark-sql_2.11-2.4.0.jar
7f57c469f000-7f57c46a3000 r--s 00036000 08:01 1579070                    /home/raptor/Softwares/spark-2.4.0-bin-hadoop2.7/jars/ST4-4.0.4.jar
7f57c46a3000-7f57c470e000 r--s 0093d000 08:01 1579196                    /home/raptor/Softwares/spark-2.4.0-bin-hadoop2.7/jars/spire_2.11-0.13.0.jar
7f57c470e000-7f57c471f000 r--s 00089000 08:01 1579085                    /home/raptor/Softwares/spark-2.4.0-bin-hadoop2.7/jars/joda-time-2.9.3.jar
7f57c471f000-7f57c4722000 r--s 0001e000 08:01 1579201                    /home/raptor/Softwares/spark-2.4.0-bin-hadoop2.7/jars/aircompressor-0.10.jar
7f57c4722000-7f57c4726000 r--s 0002a000 08:01 1579216                    /home/raptor/Softwares/spark-2.4.0-bin-hadoop2.7/jars/breeze-macros_2.11-0.13.2.jar
7f57c4726000-7f57c4728000 r--s 0001f000 08:01 1579086                    /home/raptor/Softwares/spark-2.4.0-bin-hadoop2.7/jars/commons-crypto-1.0.0.jar
7f57c4728000-7f57c4736000 r--s 000a3000 08:01 1579127                    /home/raptor/Softwares/spark-2.4.0-bin-hadoop2.7/jars/parquet-format-2.4.0.jar
7f57c4736000-7f57c4744000 r--s 0009d000 08:01 1579117                    /home/raptor/Softwares/spark-2.4.0-bin-hadoop2.7/jars/jersey-common-2.22.2.jar
7f57c4744000-7f57c474b000 r--s 00049000 08:01 1579109                    /home/raptor/Softwares/spark-2.4.0-bin-hadoop2.7/jars/httpcore-4.4.10.jar
7f57c474b000-7f57c474c000 r--s 0000a000 08:01 1579144                    /home/raptor/Softwares/spark-2.4.0-bin-hadoop2.7/jars/apacheds-i18n-2.0.0-M15.jar
7f57c474c000-7f57c474e000 r--s 00011000 08:01 1579192                    /home/raptor/Softwares/spark-2.4.0-bin-hadoop2.7/jars/spark-launcher_2.11-2.4.0.jar
7f57c474e000-7f57c4750000 r--s 0000f000 08:01 1579060                    /home/raptor/Softwares/spark-2.4.0-bin-hadoop2.7/jars/curator-client-2.7.1.jar
7f57c4750000-7f57c4758000 r--s 00059000 08:01 1579171                    /home/raptor/Softwares/spark-2.4.0-bin-hadoop2.7/jars/javolution-5.5.1.jar
7f57c4758000-7f57c475b000 r--s 00025000 08:01 1579154                    /home/raptor/Softwares/spark-2.4.0-bin-hadoop2.7/jars/commons-dbcp-1.4.jar
7f57c475b000-7f57c475d000 r--s 0000f000 08:01 1579215                    /home/raptor/Softwares/spark-2.4.0-bin-hadoop2.7/jars/activation-1.1.1.jar
7f57c475d000-7f57c475f000 r--s 00003000 08:01 1579139                    /home/raptor/Softwares/spark-2.4.0-bin-hadoop2.7/jars/api-asn1-api-1.0.0-M20.jar
7f57c475f000-7f57c4762000 r--s 00016000 08:01 1572920                    /home/raptor/Softwares/spark-2.4.0-bin-hadoop2.7/jars/json4s-native_2.11-3.5.3.jar
7f57c4762000-7f57c4764000 r--s 00007000 08:01 1579057                    /home/raptor/Softwares/spark-2.4.0-bin-hadoop2.7/jars/zjsonpatch-0.3.0.jar
7f57c4764000-7f57c4765000 r--s 00002000 08:01 1579098                    /home/raptor/Softwares/spark-2.4.0-bin-hadoop2.7/jars/slf4j-log4j12-1.7.16.jar
7f57c4765000-7f57c4769000 r--s 0001e000 08:01 1579084                    /home/raptor/Softwares/spark-2.4.0-bin-hadoop2.7/jars/spark-repl_2.11-2.4.0.jar
7f57c4769000-7f57c4771000 r--s 0007b000 08:01 1579206                    /home/raptor/Softwares/spark-2.4.0-bin-hadoop2.7/jars/protobuf-java-2.5.0.jar
7f57c4771000-7f57c4773000 r--s 0000d000 08:01 1579195                    /home/raptor/Softwares/spark-2.4.0-bin-hadoop2.7/jars/hadoop-yarn-server-web-proxy-2.7.3.jar
7f57c4773000-7f57c4780000 r--s 00083000 08:01 1579181                    /home/raptor/Softwares/spark-2.4.0-bin-hadoop2.7/jars/commons-collections-3.2.2.jar
7f57c4780000-7f57c4799000 r--s 0012c000 08:01 1579111                    /home/raptor/Softwares/spark-2.4.0-bin-hadoop2.7/jars/netty-3.9.9.Final.jar
7f57c4799000-7f57c479d000 r--s 0002a000 08:01 1579232                    /home/raptor/Softwares/spark-2.4.0-bin-hadoop2.7/jars/commons-io-2.4.jar
7f57c479d000-7f57c47b1000 r--s 000ec000 08:01 1579207                    /home/raptor/Softwares/spark-2.4.0-bin-hadoop2.7/jars/parquet-jackson-1.10.0.jar
7f57c47b1000-7f57c480a000 r--s 00523000 08:01 1581541                    /home/raptor/Softwares/spark-2.4.0-bin-hadoop2.7/jars/scala-library-2.11.12.jar
7f57c480a000-7f57c480e000 r--s 00028000 08:01 1579237                    /home/raptor/Softwares/spark-2.4.0-bin-hadoop2.7/jars/jetty-util-6.1.26.jar
7f57c480e000-7f57c4831000 rw-p 00000000 00:00 0 
7f57c4831000-7f57c4925000 r--s 00be3000 08:01 1579156                    /home/raptor/Softwares/spark-2.4.0-bin-hadoop2.7/jars/spark-core_2.11-2.4.0.jar
7f57c4925000-7f57c4930000 r--s 000c5000 08:01 1579252                    /home/raptor/Softwares/spark-2.4.0-bin-hadoop2.7/jars/parquet-encoding-1.10.0.jar
7f57c4930000-7f57c4941000 r--s 0010c000 08:01 1581490                    /home/raptor/Softwares/spark-2.4.0-bin-hadoop2.7/jars/jackson-databind-2.6.7.1.jar
7f57c4941000-7f57c495a000 r--s 00150000 08:01 1579183                    /home/raptor/Softwares/spark-2.4.0-bin-hadoop2.7/jars/htrace-core-3.1.0-incubating.jar
7f57c495a000-7f57c4970000 r--s 000d3000 08:01 1579079                    /home/raptor/Softwares/spark-2.4.0-bin-hadoop2.7/jars/jersey-server-2.22.2.jar
7f57c4970000-7f57c4971000 ---p 00000000 00:00 0 
7f57c4971000-7f57c4a71000 rw-p 00000000 00:00 0 
7f57c4a71000-7f57c4a74000 ---p 00000000 00:00 0 
7f57c4a74000-7f57c4b72000 rw-p 00000000 00:00 0 
7f57c4b72000-7f57c4b73000 ---p 00000000 00:00 0 
7f57c4b73000-7f57c4b76000 ---p 00000000 00:00 0 
7f57c4b76000-7f57c4c73000 rw-p 00000000 00:00 0 
7f57c4c73000-7f57c4c74000 ---p 00000000 00:00 0 
7f57c4c74000-7f57c4c77000 ---p 00000000 00:00 0 
7f57c4c77000-7f57c4d74000 rw-p 00000000 00:00 0 
7f57c4d74000-7f57c4d75000 ---p 00000000 00:00 0 
7f57c4d75000-7f57c4d78000 ---p 00000000 00:00 0 
7f57c4d78000-7f57c4e75000 rw-p 00000000 00:00 0 
7f57c4e75000-7f57c4e78000 ---p 00000000 00:00 0 
7f57c4e78000-7f57c4f76000 rw-p 00000000 00:00 0 
7f57c4f76000-7f57c5945000 r--p 00000000 08:01 2628292                    /usr/lib/locale/locale-archive
7f57c5945000-7f57c5948000 ---p 00000000 00:00 0 
7f57c5948000-7f57c5a46000 rw-p 00000000 00:00 0 
7f57c5a46000-7f57c5a49000 ---p 00000000 00:00 0 
7f57c5a49000-7f57c5b47000 rw-p 00000000 00:00 0 
7f57c5b47000-7f57c5b48000 ---p 00000000 00:00 0 
7f57c5b48000-7f57c9000000 rw-p 00000000 00:00 0 
7f57c9000000-7f57c96b0000 rwxp 00000000 00:00 0 
7f57c96b0000-7f57d8000000 ---p 00000000 00:00 0 
7f57d8000000-7f57d947c000 rw-p 00000000 00:00 0 
7f57d947c000-7f57dc000000 ---p 00000000 00:00 0 
7f57dc000000-7f57dc003000 r--s 00015000 08:01 1579089                    /home/raptor/Softwares/spark-2.4.0-bin-hadoop2.7/jars/commons-pool-1.5.4.jar
7f57dc003000-7f57dc255000 rw-p 00000000 00:00 0 
7f57dc255000-7f57dc42f000 r--s 03d88000 08:01 1708759                    /home/raptor/Softwares/jdk1.8.0_221/jre/lib/rt.jar
7f57dc42f000-7f57dcea5000 rw-p 00000000 00:00 0 
7f57dcea5000-7f57dcea6000 ---p 00000000 00:00 0 
7f57dcea6000-7f57dcfa6000 rw-p 00000000 00:00 0 
7f57dcfa6000-7f57dcfa7000 ---p 00000000 00:00 0 
7f57dcfa7000-7f57dd0a7000 rw-p 00000000 00:00 0 
7f57dd0a7000-7f57dd0a8000 ---p 00000000 00:00 0 
7f57dd0a8000-7f57dd1a8000 rw-p 00000000 00:00 0 
7f57dd1a8000-7f57dd1a9000 ---p 00000000 00:00 0 
7f57dd1a9000-7f57dd2a9000 rw-p 00000000 00:00 0 
7f57dd2a9000-7f57dd2aa000 ---p 00000000 00:00 0 
7f57dd2aa000-7f57dd3aa000 rw-p 00000000 00:00 0 
7f57dd3aa000-7f57dd3ab000 ---p 00000000 00:00 0 
7f57dd3ab000-7f57dd4d5000 rw-p 00000000 00:00 0 
7f57dd4d5000-7f57dd601000 ---p 00000000 00:00 0 
7f57dd601000-7f57dd62b000 rw-p 00000000 00:00 0 
7f57dd62b000-7f57dd756000 ---p 00000000 00:00 0 
7f57dd756000-7f57dd77c000 rw-p 00000000 00:00 0 
7f57dd77c000-7f57dd801000 ---p 00000000 00:00 0 
7f57dd801000-7f57dd81d000 rw-p 00000000 00:00 0 
7f57dd81d000-7f57ddbc2000 ---p 00000000 00:00 0 
7f57ddbc2000-7f57ddbdd000 r-xp 00000000 08:01 1709033                    /home/raptor/Softwares/jdk1.8.0_221/jre/lib/amd64/libzip.so
7f57ddbdd000-7f57ddddc000 ---p 0001b000 08:01 1709033                    /home/raptor/Softwares/jdk1.8.0_221/jre/lib/amd64/libzip.so
7f57ddddc000-7f57ddddd000 r--p 0001a000 08:01 1709033                    /home/raptor/Softwares/jdk1.8.0_221/jre/lib/amd64/libzip.so
7f57ddddd000-7f57dddde000 rw-p 0001b000 08:01 1709033                    /home/raptor/Softwares/jdk1.8.0_221/jre/lib/amd64/libzip.so
7f57dddde000-7f57ddde9000 r-xp 00000000 08:01 1447453                    /lib/x86_64-linux-gnu/libnss_files-2.27.so
7f57ddde9000-7f57ddfe8000 ---p 0000b000 08:01 1447453                    /lib/x86_64-linux-gnu/libnss_files-2.27.so
7f57ddfe8000-7f57ddfe9000 r--p 0000a000 08:01 1447453                    /lib/x86_64-linux-gnu/libnss_files-2.27.so
7f57ddfe9000-7f57ddfea000 rw-p 0000b000 08:01 1447453                    /lib/x86_64-linux-gnu/libnss_files-2.27.so
7f57ddfea000-7f57ddff0000 rw-p 00000000 00:00 0 
7f57ddff0000-7f57de007000 r-xp 00000000 08:01 1447447                    /lib/x86_64-linux-gnu/libnsl-2.27.so
7f57de007000-7f57de206000 ---p 00017000 08:01 1447447                    /lib/x86_64-linux-gnu/libnsl-2.27.so
7f57de206000-7f57de207000 r--p 00016000 08:01 1447447                    /lib/x86_64-linux-gnu/libnsl-2.27.so
7f57de207000-7f57de208000 rw-p 00017000 08:01 1447447                    /lib/x86_64-linux-gnu/libnsl-2.27.so
7f57de208000-7f57de20a000 rw-p 00000000 00:00 0 
7f57de20a000-7f57de215000 r-xp 00000000 08:01 1447464                    /lib/x86_64-linux-gnu/libnss_nis-2.27.so
7f57de215000-7f57de414000 ---p 0000b000 08:01 1447464                    /lib/x86_64-linux-gnu/libnss_nis-2.27.so
7f57de414000-7f57de415000 r--p 0000a000 08:01 1447464                    /lib/x86_64-linux-gnu/libnss_nis-2.27.so
7f57de415000-7f57de416000 rw-p 0000b000 08:01 1447464                    /lib/x86_64-linux-gnu/libnss_nis-2.27.so
7f57de416000-7f57de41e000 r-xp 00000000 08:01 1447449                    /lib/x86_64-linux-gnu/libnss_compat-2.27.so
7f57de41e000-7f57de61e000 ---p 00008000 08:01 1447449                    /lib/x86_64-linux-gnu/libnss_compat-2.27.so
7f57de61e000-7f57de61f000 r--p 00008000 08:01 1447449                    /lib/x86_64-linux-gnu/libnss_compat-2.27.so
7f57de61f000-7f57de620000 rw-p 00009000 08:01 1447449                    /lib/x86_64-linux-gnu/libnss_compat-2.27.so
7f57de620000-7f57de64c000 r-xp 00000000 08:01 1709024                    /home/raptor/Softwares/jdk1.8.0_221/jre/lib/amd64/libjava.so
7f57de64c000-7f57de84c000 ---p 0002c000 08:01 1709024                    /home/raptor/Softwares/jdk1.8.0_221/jre/lib/amd64/libjava.so
7f57de84c000-7f57de84d000 r--p 0002c000 08:01 1709024                    /home/raptor/Softwares/jdk1.8.0_221/jre/lib/amd64/libjava.so
7f57de84d000-7f57de84f000 rw-p 0002d000 08:01 1709024                    /home/raptor/Softwares/jdk1.8.0_221/jre/lib/amd64/libjava.so
7f57de84f000-7f57de85c000 r-xp 00000000 08:01 1709015                    /home/raptor/Softwares/jdk1.8.0_221/jre/lib/amd64/libverify.so
7f57de85c000-7f57dea5b000 ---p 0000d000 08:01 1709015                    /home/raptor/Softwares/jdk1.8.0_221/jre/lib/amd64/libverify.so
7f57dea5b000-7f57dea5d000 r--p 0000c000 08:01 1709015                    /home/raptor/Softwares/jdk1.8.0_221/jre/lib/amd64/libverify.so
7f57dea5d000-7f57dea5e000 rw-p 0000e000 08:01 1709015                    /home/raptor/Softwares/jdk1.8.0_221/jre/lib/amd64/libverify.so
7f57dea5e000-7f57dea65000 r-xp 00000000 08:01 1447504                    /lib/x86_64-linux-gnu/librt-2.27.so
7f57dea65000-7f57dec64000 ---p 00007000 08:01 1447504                    /lib/x86_64-linux-gnu/librt-2.27.so
7f57dec64000-7f57dec65000 r--p 00006000 08:01 1447504                    /lib/x86_64-linux-gnu/librt-2.27.so
7f57dec65000-7f57dec66000 rw-p 00007000 08:01 1447504                    /lib/x86_64-linux-gnu/librt-2.27.so
7f57dec66000-7f57dee03000 r-xp 00000000 08:01 1447426                    /lib/x86_64-linux-gnu/libm-2.27.so
7f57dee03000-7f57df002000 ---p 0019d000 08:01 1447426                    /lib/x86_64-linux-gnu/libm-2.27.so
7f57df002000-7f57df003000 r--p 0019c000 08:01 1447426                    /lib/x86_64-linux-gnu/libm-2.27.so
7f57df003000-7f57df004000 rw-p 0019d000 08:01 1447426                    /lib/x86_64-linux-gnu/libm-2.27.so
7f57df004000-7f57dfcec000 r-xp 00000000 08:01 1709031                    /home/raptor/Softwares/jdk1.8.0_221/jre/lib/amd64/server/libjvm.so
7f57dfcec000-7f57dfeeb000 ---p 00ce8000 08:01 1709031                    /home/raptor/Softwares/jdk1.8.0_221/jre/lib/amd64/server/libjvm.so
7f57dfeeb000-7f57dff81000 r--p 00ce7000 08:01 1709031                    /home/raptor/Softwares/jdk1.8.0_221/jre/lib/amd64/server/libjvm.so
7f57dff81000-7f57dffb2000 rw-p 00d7d000 08:01 1709031                    /home/raptor/Softwares/jdk1.8.0_221/jre/lib/amd64/server/libjvm.so
7f57dffb2000-7f57dffed000 rw-p 00000000 00:00 0 
7f57dffed000-7f57e01d4000 r-xp 00000000 08:01 1447363                    /lib/x86_64-linux-gnu/libc-2.27.so
7f57e01d4000-7f57e03d4000 ---p 001e7000 08:01 1447363                    /lib/x86_64-linux-gnu/libc-2.27.so
7f57e03d4000-7f57e03d8000 r--p 001e7000 08:01 1447363                    /lib/x86_64-linux-gnu/libc-2.27.so
7f57e03d8000-7f57e03da000 rw-p 001eb000 08:01 1447363                    /lib/x86_64-linux-gnu/libc-2.27.so
7f57e03da000-7f57e03de000 rw-p 00000000 00:00 0 
7f57e03de000-7f57e03e1000 r-xp 00000000 08:01 1447386                    /lib/x86_64-linux-gnu/libdl-2.27.so
7f57e03e1000-7f57e05e0000 ---p 00003000 08:01 1447386                    /lib/x86_64-linux-gnu/libdl-2.27.so
7f57e05e0000-7f57e05e1000 r--p 00002000 08:01 1447386                    /lib/x86_64-linux-gnu/libdl-2.27.so
7f57e05e1000-7f57e05e2000 rw-p 00003000 08:01 1447386                    /lib/x86_64-linux-gnu/libdl-2.27.so
7f57e05e2000-7f57e05f9000 r-xp 00000000 08:01 1708010                    /home/raptor/Softwares/jdk1.8.0_221/lib/amd64/jli/libjli.so
7f57e05f9000-7f57e07f8000 ---p 00017000 08:01 1708010                    /home/raptor/Softwares/jdk1.8.0_221/lib/amd64/jli/libjli.so
7f57e07f8000-7f57e07f9000 r--p 00016000 08:01 1708010                    /home/raptor/Softwares/jdk1.8.0_221/lib/amd64/jli/libjli.so
7f57e07f9000-7f57e07fa000 rw-p 00017000 08:01 1708010                    /home/raptor/Softwares/jdk1.8.0_221/lib/amd64/jli/libjli.so
7f57e07fa000-7f57e0814000 r-xp 00000000 08:01 1447496                    /lib/x86_64-linux-gnu/libpthread-2.27.so
7f57e0814000-7f57e0a13000 ---p 0001a000 08:01 1447496                    /lib/x86_64-linux-gnu/libpthread-2.27.so
7f57e0a13000-7f57e0a14000 r--p 00019000 08:01 1447496                    /lib/x86_64-linux-gnu/libpthread-2.27.so
7f57e0a14000-7f57e0a15000 rw-p 0001a000 08:01 1447496                    /lib/x86_64-linux-gnu/libpthread-2.27.so
7f57e0a15000-7f57e0a19000 rw-p 00000000 00:00 0 
7f57e0a19000-7f57e0a40000 r-xp 00000000 08:01 1447335                    /lib/x86_64-linux-gnu/ld-2.27.so
7f57e0a40000-7f57e0a42000 r--s 00005000 08:01 1579149                    /home/raptor/Softwares/spark-2.4.0-bin-hadoop2.7/jars/javax.annotation-api-1.2.jar
7f57e0a42000-7f57e0a45000 r--s 00017000 08:01 1572917                    /home/raptor/Softwares/spark-2.4.0-bin-hadoop2.7/jars/json4s-ext_2.11-3.5.3.jar
7f57e0a45000-7f57e0a49000 r--s 0000c000 08:01 1579049                    /home/raptor/Softwares/spark-2.4.0-bin-hadoop2.7/jars/validation-api-1.1.0.Final.jar
7f57e0a49000-7f57e0a4d000 r--s 00015000 08:01 1579090                    /home/raptor/Softwares/spark-2.4.0-bin-hadoop2.7/jars/xz-1.5.jar
7f57e0a4d000-7f57e0b26000 rw-p 00000000 00:00 0 
7f57e0b26000-7f57e0b27000 ---p 00000000 00:00 0 
7f57e0b27000-7f57e0b2a000 ---p 00000000 00:00 0 
7f57e0b2a000-7f57e0c29000 rw-p 00000000 00:00 0 
7f57e0c29000-7f57e0c2a000 r--s 00008000 08:01 1579182                    /home/raptor/Softwares/spark-2.4.0-bin-hadoop2.7/jars/machinist_2.11-0.6.1.jar
7f57e0c2a000-7f57e0c2b000 r--s 00009000 08:01 1579231                    /home/raptor/Softwares/spark-2.4.0-bin-hadoop2.7/jars/slf4j-api-1.7.16.jar
7f57e0c2b000-7f57e0c2c000 r--s 0000b000 08:01 1579240                    /home/raptor/Softwares/spark-2.4.0-bin-hadoop2.7/jars/snappy-0.2.jar
7f57e0c2c000-7f57e0c2e000 r--s 00008000 08:01 1579043                    /home/raptor/Softwares/spark-2.4.0-bin-hadoop2.7/jars/metrics-jvm-3.1.5.jar
7f57e0c2e000-7f57e0c34000 r--s 00063000 08:01 1579124                    /home/raptor/Softwares/spark-2.4.0-bin-hadoop2.7/jars/jodd-core-3.5.2.jar
7f57e0c34000-7f57e0c3c000 rw-s 00000000 08:01 1573317                    /tmp/hsperfdata_raptor/25010
7f57e0c3c000-7f57e0c3d000 rw-p 00000000 00:00 0 
7f57e0c3d000-7f57e0c3e000 ---p 00000000 00:00 0 
7f57e0c3e000-7f57e0c40000 rw-p 00000000 00:00 0 
7f57e0c40000-7f57e0c41000 r--p 00027000 08:01 1447335                    /lib/x86_64-linux-gnu/ld-2.27.so
7f57e0c41000-7f57e0c42000 rw-p 00028000 08:01 1447335                    /lib/x86_64-linux-gnu/ld-2.27.so
7f57e0c42000-7f57e0c43000 rw-p 00000000 00:00 0 
7fff5472a000-7fff5474c000 rw-p 00000000 00:00 0                          [stack]
7fff547fb000-7fff547fe000 r--p 00000000 00:00 0                          [vvar]
7fff547fe000-7fff54800000 r-xp 00000000 00:00 0                          [vdso]
ffffffffff600000-ffffffffff601000 r-xp 00000000 00:00 0                  [vsyscall]

VM Arguments:
jvm_args: -Dscala.usejavacp=true -Xmx1g 
java_command: org.apache.spark.deploy.SparkSubmit --class org.apache.spark.repl.Main --name Spark shell --packages io.delta:delta-core_2.11:0.5.0 spark-shell
java_class_path (initial): /home/raptor/Softwares/spark-2.4.0-bin-hadoop2.7//conf/:/home/raptor/Softwares/spark-2.4.0-bin-hadoop2.7/jars/jodd-core-3.5.2.jar:/home/raptor/Softwares/spark-2.4.0-bin-hadoop2.7/jars/jersey-server-2.22.2.jar:/home/raptor/Softwares/spark-2.4.0-bin-hadoop2.7/jars/metrics-jvm-3.1.5.jar:/home/raptor/Softwares/spark-2.4.0-bin-hadoop2.7/jars/htrace-core-3.1.0-incubating.jar:/home/raptor/Softwares/spark-2.4.0-bin-hadoop2.7/jars/jackson-databind-2.6.7.1.jar:/home/raptor/Softwares/spark-2.4.0-bin-hadoop2.7/jars/xz-1.5.jar:/home/raptor/Softwares/spark-2.4.0-bin-hadoop2.7/jars/snappy-0.2.jar:/home/raptor/Softwares/spark-2.4.0-bin-hadoop2.7/jars/slf4j-api-1.7.16.jar:/home/raptor/Softwares/spark-2.4.0-bin-hadoop2.7/jars/parquet-encoding-1.10.0.jar:/home/raptor/Softwares/spark-2.4.0-bin-hadoop2.7/jars/validation-api-1.1.0.Final.jar:/home/raptor/Softwares/spark-2.4.0-bin-hadoop2.7/jars/json4s-ext_2.11-3.5.3.jar:/home/raptor/Softwares/spark-2.4.0-bin-hadoop2.7/jars/spark-core_2.11-2.4.0.jar:/home/raptor/Softwares/spark-2.4.0-bin-hadoop2.7/jars/machinist_2.11-0.6.1.jar:/home/raptor/Softwares/spark-2.4.0-bin-hadoop2.7/jars/jetty-util-6.1.26.jar:/home/raptor/Softwares/spark-2.4.0-bin-hadoop2.7/jars/scala-library-2.11.12.jar:/home/raptor/Softwares/spark-2.4.0-bin-hadoop2.7/jars/parquet-jackson-1.10.0.jar:/home/raptor/Softwares/spark-2.4.0-bin-hadoop2.7/jars/commons-pool-1.5.4.jar:/home/raptor/Softwares/spark-2.4.0-bin-hadoop2.7/jars/commons-io-2.4.jar:/home/raptor/Softwares/spark-2.4.0-bin-hadoop2.7/jars/javax.annotation-api-1.2.jar:/home/raptor/Softwares/spark-2.4.0-bin-hadoop2.7/jars/netty-3.9.9.Final.jar:/home/raptor/Softwares/spark-2.4.0-bin-hadoop2.7/jars/commons-collections-3.2.2.jar:/home/raptor/Softwares/spark-2.4.0-bin-hadoop2.7/jars/hadoop-yarn-server-web-proxy-2.7.3.jar:/home/raptor/Softwares/spark-2.4.0-bin-hadoop2.7/jars/protobuf-java-2.5.0.jar:/home/raptor/Softwares/spark-2.4.0-bin-hadoop2.7/jars/spark-repl_2.11-2.4.0.jar:/home/raptor/Softwar
Launcher Type: SUN_STANDARD

Environment Variables:
JAVA_HOME=/home/raptor/Softwares/jdk1.8.0_221/
JRE_HOME=/home/raptor/Softwares/jdk1.8.0_221/jre
PATH=/usr/local/sbin:/usr/local/bin:/usr/sbin:/usr/bin:/sbin:/bin:/usr/games:/usr/local/games:/snap/bin:/home/raptor/Softwares/jdk1.8.0_221//bin:/home/raptor/Softwares/scala-2.11.8//bin:/home/raptor/Softwares/spark-2.4.0-bin-hadoop2.7//bin:/home/raptor/Softwares/spark-2.4.0-bin-hadoop2.7//sbin:/home/raptor/Softwares/apache-maven-3.6.0//bin:/home/raptor/Softwares/gradle-5.2.1//bin:/home/raptor/Softwares/apache-zookeeper-3.5.5//bin:/home/raptor/Softwares/flink-1.9.0//bin:/home/raptor/Softwares/kafka_2.12-2.3.1//bin:/home/raptor/Softwares/apache-hive-2.1.1-bin//bin:/home/raptor/Softwares/hadoop-2.7.3//bin:/home/raptor/Softwares/hbase-1.4.12//bin:/home/raptor/Softwares/Python-3.5.9/
USERNAME=raptor
LD_LIBRARY_PATH=/home/raptor/Softwares/hadoop-2.7.3//lib/native
SHELL=/bin/bash
DISPLAY=:0

Signal Handlers:
SIGSEGV: [libjvm.so+0xad3d90], sa_mask[0]=11111111011111111101111111111110, sa_flags=SA_RESTART|SA_SIGINFO
SIGBUS: [libjvm.so+0xad3d90], sa_mask[0]=11111111011111111101111111111110, sa_flags=SA_RESTART|SA_SIGINFO
SIGFPE: [libjvm.so+0x90b8b0], sa_mask[0]=11111111011111111101111111111110, sa_flags=SA_RESTART|SA_SIGINFO
SIGPIPE: [libjvm.so+0x90b8b0], sa_mask[0]=11111111011111111101111111111110, sa_flags=SA_RESTART|SA_SIGINFO
SIGXFSZ: [libjvm.so+0x90b8b0], sa_mask[0]=11111111011111111101111111111110, sa_flags=SA_RESTART|SA_SIGINFO
SIGILL: [libjvm.so+0x90b8b0], sa_mask[0]=11111111011111111101111111111110, sa_flags=SA_RESTART|SA_SIGINFO
SIGUSR1: SIG_DFL, sa_mask[0]=00000000000000000000000000000000, sa_flags=none
SIGUSR2: [libjvm.so+0x90b780], sa_mask[0]=00000000000000000000000000000000, sa_flags=SA_RESTART|SA_SIGINFO
SIGHUP: [libjvm.so+0x90bda0], sa_mask[0]=11111111011111111101111111111110, sa_flags=SA_RESTART|SA_SIGINFO
SIGINT: [libjvm.so+0x90bda0], sa_mask[0]=11111111011111111101111111111110, sa_flags=SA_RESTART|SA_SIGINFO
SIGTERM: [libjvm.so+0x90bda0], sa_mask[0]=11111111011111111101111111111110, sa_flags=SA_RESTART|SA_SIGINFO
SIGQUIT: [libjvm.so+0x90bda0], sa_mask[0]=11111111011111111101111111111110, sa_flags=SA_RESTART|SA_SIGINFO


---------------  S Y S T E M  ---------------

OS:DISTRIB_ID=Ubuntu
DISTRIB_RELEASE=18.04
DISTRIB_CODENAME=bionic
DISTRIB_DESCRIPTION="Ubuntu 18.04.3 LTS"

uname:Linux 4.15.0-76-generic #86-Ubuntu SMP Fri Jan 17 17:24:28 UTC 2020 x86_64
libc:glibc 2.27 NPTL 2.27 
rlimit: STACK 8192k, CORE 0k, NPROC 31728, NOFILE 4096, AS infinity
load average:10.96 6.70 5.09

/proc/meminfo:
MemTotal:        8167292 kB
MemFree:          102364 kB
MemAvailable:          0 kB
Buffers:             512 kB
Cached:             9748 kB
SwapCached:        11696 kB
Active:          6877176 kB
Inactive:         863956 kB
Active(anon):    6872788 kB
Inactive(anon):   859168 kB
Active(file):       4388 kB
Inactive(file):     4788 kB
Unevictable:          16 kB
Mlocked:              16 kB
SwapTotal:       2097148 kB
SwapFree:              0 kB
Dirty:               128 kB
Writeback:           260 kB
AnonPages:       7719904 kB
Mapped:             8624 kB
Shmem:               552 kB
Slab:             100868 kB
SReclaimable:      40840 kB
SUnreclaim:        60028 kB
KernelStack:       31152 kB
PageTables:        76232 kB
NFS_Unstable:          0 kB
Bounce:                0 kB
WritebackTmp:          0 kB
CommitLimit:     6180792 kB
Committed_AS:   18921896 kB
VmallocTotal:   34359738367 kB
VmallocUsed:           0 kB
VmallocChunk:          0 kB
HardwareCorrupted:     0 kB
AnonHugePages:         0 kB
ShmemHugePages:        0 kB
ShmemPmdMapped:        0 kB
CmaTotal:              0 kB
CmaFree:               0 kB
HugePages_Total:       0
HugePages_Free:        0
HugePages_Rsvd:        0
HugePages_Surp:        0
Hugepagesize:       2048 kB
DirectMap4k:      167872 kB
DirectMap2M:     8220672 kB

container (cgroup) information:
container_type: cgroupv1
cpu_cpuset_cpus: 0-5
cpu_memory_nodes: 0
active_processor_count: 6
cpu_quota: -1
cpu_period: 100000
cpu_shares: -1
memory_limit_in_bytes: -1
memory_and_swap_limit_in_bytes: -2
memory_soft_limit_in_bytes: -1
memory_usage_in_bytes: 7920541696
memory_max_usage_in_bytes: 2093056


CPU:total 6 (initial active 6) (6 cores per cpu, 1 threads per core) family 6 model 158 stepping 10, cmov, cx8, fxsr, mmx, sse, sse2, sse3, ssse3, sse4.1, sse4.2, popcnt, avx, avx2, aes, clmul, 3dnowpref, lzcnt, tsc, tscinvbit

/proc/cpuinfo:
processor	: 0
vendor_id	: GenuineIntel
cpu family	: 6
model		: 158
model name	: Intel(R) Core(TM) i7-8750H CPU @ 2.20GHz
stepping	: 10
cpu MHz		: 2208.000
cache size	: 9216 KB
physical id	: 0
siblings	: 6
core id		: 0
cpu cores	: 6
apicid		: 0
initial apicid	: 0
fpu		: yes
fpu_exception	: yes
cpuid level	: 22
wp		: yes
flags		: fpu vme de pse tsc msr pae mce cx8 apic sep mtrr pge mca cmov pat pse36 clflush mmx fxsr sse sse2 ht syscall nx rdtscp lm constant_tsc rep_good nopl xtopology nonstop_tsc cpuid tsc_known_freq pni pclmulqdq ssse3 cx16 pcid sse4_1 sse4_2 x2apic movbe popcnt aes xsave avx rdrand hypervisor lahf_lm abm 3dnowprefetch invpcid_single pti fsgsbase avx2 invpcid rdseed clflushopt flush_l1d
bugs		: cpu_meltdown spectre_v1 spectre_v2 spec_store_bypass l1tf mds swapgs itlb_multihit
bogomips	: 4416.00
clflush size	: 64
cache_alignment	: 64
address sizes	: 39 bits physical, 48 bits virtual
power management:

processor	: 1
vendor_id	: GenuineIntel
cpu family	: 6
model		: 158
model name	: Intel(R) Core(TM) i7-8750H CPU @ 2.20GHz
stepping	: 10
cpu MHz		: 2208.000
cache size	: 9216 KB
physical id	: 0
siblings	: 6
core id		: 1
cpu cores	: 6
apicid		: 1
initial apicid	: 1
fpu		: yes
fpu_exception	: yes
cpuid level	: 22
wp		: yes
flags		: fpu vme de pse tsc msr pae mce cx8 apic sep mtrr pge mca cmov pat pse36 clflush mmx fxsr sse sse2 ht syscall nx rdtscp lm constant_tsc rep_good nopl xtopology nonstop_tsc cpuid tsc_known_freq pni pclmulqdq ssse3 cx16 pcid sse4_1 sse4_2 x2apic movbe popcnt aes xsave avx rdrand hypervisor lahf_lm abm 3dnowprefetch invpcid_single pti fsgsbase avx2 invpcid rdseed clflushopt flush_l1d
bugs		: cpu_meltdown spectre_v1 spectre_v2 spec_store_bypass l1tf mds swapgs itlb_multihit
bogomips	: 4416.00
clflush size	: 64
cache_alignment	: 64
address sizes	: 39 bits physical, 48 bits virtual
power management:

processor	: 2
vendor_id	: GenuineIntel
cpu family	: 6
model		: 158
model name	: Intel(R) Core(TM) i7-8750H CPU @ 2.20GHz
stepping	: 10
cpu MHz		: 2208.000
cache size	: 9216 KB
physical id	: 0
siblings	: 6
core id		: 2
cpu cores	: 6
apicid		: 2
initial apicid	: 2
fpu		: yes
fpu_exception	: yes
cpuid level	: 22
wp		: yes
flags		: fpu vme de pse tsc msr pae mce cx8 apic sep mtrr pge mca cmov pat pse36 clflush mmx fxsr sse sse2 ht syscall nx rdtscp lm constant_tsc rep_good nopl xtopology nonstop_tsc cpuid tsc_known_freq pni pclmulqdq ssse3 cx16 pcid sse4_1 sse4_2 x2apic movbe popcnt aes xsave avx rdrand hypervisor lahf_lm abm 3dnowprefetch invpcid_single pti fsgsbase avx2 invpcid rdseed clflushopt flush_l1d
bugs		: cpu_meltdown spectre_v1 spectre_v2 spec_store_bypass l1tf mds swapgs itlb_multihit
bogomips	: 4416.00
clflush size	: 64
cache_alignment	: 64
address sizes	: 39 bits physical, 48 bits virtual
power management:

processor	: 3
vendor_id	: GenuineIntel
cpu family	: 6
model		: 158
model name	: Intel(R) Core(TM) i7-8750H CPU @ 2.20GHz
stepping	: 10
cpu MHz		: 2208.000
cache size	: 9216 KB
physical id	: 0
siblings	: 6
core id		: 3
cpu cores	: 6
apicid		: 3
initial apicid	: 3
fpu		: yes
fpu_exception	: yes
cpuid level	: 22
wp		: yes
flags		: fpu vme de pse tsc msr pae mce cx8 apic sep mtrr pge mca cmov pat pse36 clflush mmx fxsr sse sse2 ht syscall nx rdtscp lm constant_tsc rep_good nopl xtopology nonstop_tsc cpuid tsc_known_freq pni pclmulqdq ssse3 cx16 pcid sse4_1 sse4_2 x2apic movbe popcnt aes xsave avx rdrand hypervisor lahf_lm abm 3dnowprefetch invpcid_single pti fsgsbase avx2 invpcid rdseed clflushopt flush_l1d
bugs		: cpu_meltdown spectre_v1 spectre_v2 spec_store_bypass l1tf mds swapgs itlb_multihit
bogomips	: 4416.00
clflush size	: 64
cache_alignment	: 64
address sizes	: 39 bits physical, 48 bits virtual
power management:

processor	: 4
vendor_id	: GenuineIntel
cpu family	: 6
model		: 158
model name	: Intel(R) Core(TM) i7-8750H CPU @ 2.20GHz
stepping	: 10
cpu MHz		: 2208.000
cache size	: 9216 KB
physical id	: 0
siblings	: 6
core id		: 4
cpu cores	: 6
apicid		: 4
initial apicid	: 4
fpu		: yes
fpu_exception	: yes
cpuid level	: 22
wp		: yes
flags		: fpu vme de pse tsc msr pae mce cx8 apic sep mtrr pge mca cmov pat pse36 clflush mmx fxsr sse sse2 ht syscall nx rdtscp lm constant_tsc rep_good nopl xtopology nonstop_tsc cpuid tsc_known_freq pni pclmulqdq ssse3 cx16 pcid sse4_1 sse4_2 x2apic movbe popcnt aes xsave avx rdrand hypervisor lahf_lm abm 3dnowprefetch invpcid_single pti fsgsbase avx2 invpcid rdseed clflushopt flush_l1d
bugs		: cpu_meltdown spectre_v1 spectre_v2 spec_store_bypass l1tf mds swapgs itlb_multihit
bogomips	: 4416.00
clflush size	: 64
cache_alignment	: 64
address sizes	: 39 bits physical, 48 bits virtual
power management:

processor	: 5
vendor_id	: GenuineIntel
cpu family	: 6
model		: 158
model name	: Intel(R) Core(TM) i7-8750H CPU @ 2.20GHz
stepping	: 10
cpu MHz		: 2208.000
cache size	: 9216 KB
physical id	: 0
siblings	: 6
core id		: 5
cpu cores	: 6
apicid		: 5
initial apicid	: 5
fpu		: yes
fpu_exception	: yes
cpuid level	: 22
wp		: yes
flags		: fpu vme de pse tsc msr pae mce cx8 apic sep mtrr pge mca cmov pat pse36 clflush mmx fxsr sse sse2 ht syscall nx rdtscp lm constant_tsc rep_good nopl xtopology nonstop_tsc cpuid tsc_known_freq pni pclmulqdq ssse3 cx16 pcid sse4_1 sse4_2 x2apic movbe popcnt aes xsave avx rdrand hypervisor lahf_lm abm 3dnowprefetch invpcid_single pti fsgsbase avx2 invpcid rdseed clflushopt flush_l1d
bugs		: cpu_meltdown spectre_v1 spectre_v2 spec_store_bypass l1tf mds swapgs itlb_multihit
bogomips	: 4416.00
clflush size	: 64
cache_alignment	: 64
address sizes	: 39 bits physical, 48 bits virtual
power management:



Memory: 4k page, physical 8167292k(101492k free), swap 2097148k(0k free)

vm_info: Java HotSpot(TM) 64-Bit Server VM (25.221-b11) for linux-amd64 JRE (1.8.0_221-b11), built on Jul  4 2019 04:27:00 by "java_re" with gcc 7.3.0

time: Tue Feb  4 11:10:13 2020
timezone: IST
elapsed time: 12 seconds (0d 0h 0m 12s)

