#
# There is insufficient memory for the Java Runtime Environment to continue.
# Native memory allocation (mmap) failed to map 98566144 bytes for committing reserved memory.
# Possible reasons:
#   The system is out of physical RAM or swap space
#   The process is running with CompressedOops enabled, and the Java Heap may be blocking the growth of the native heap
# Possible solutions:
#   Reduce memory load on the system
#   Increase physical memory or swap space
#   Check if swap backing store is full
#   Decrease Java heap size (-Xmx/-Xms)
#   Decrease number of Java threads
#   Decrease Java thread stack sizes (-Xss)
#   Set larger code cache with -XX:ReservedCodeCacheSize=
#   JVM is running with Unscaled Compressed Oops mode in which the Java heap is
#     placed in the first 4GB address space. The Java Heap base address is the
#     maximum limit for the native heap growth. Please use -XX:HeapBaseMinAddress
#     to set the Java Heap base and to place the Java Heap above 4GB virtual address.
# This output file may be truncated or incomplete.
#
#  Out of Memory Error (os_linux.cpp:2749), pid=15051, tid=0x00007f380561b700
#
# JRE version: Java(TM) SE Runtime Environment (8.0_221-b11) (build 1.8.0_221-b11)
# Java VM: Java HotSpot(TM) 64-Bit Server VM (25.221-b11 mixed mode linux-amd64 compressed oops)
# Failed to write core dump. Core dumps have been disabled. To enable core dumping, try "ulimit -c unlimited" before starting Java again
#

---------------  T H R E A D  ---------------

Current thread (0x00007f3818086800):  VMThread [stack: 0x00007f380551c000,0x00007f380561c000] [id=15077]

Stack: [0x00007f380551c000,0x00007f380561c000],  sp=0x00007f380561a3d0,  free space=1016k
Native frames: (J=compiled Java code, j=interpreted, Vv=VM code, C=native code)
V  [libjvm.so+0xad3455]  VMError::report_and_die()+0x2e5
V  [libjvm.so+0x4e0537]  report_vm_out_of_memory(char const*, int, unsigned long, VMErrorType, char const*)+0x67
V  [libjvm.so+0x910320]  os::pd_commit_memory(char*, unsigned long, unsigned long, bool)+0x100
V  [libjvm.so+0x90794f]  os::commit_memory(char*, unsigned long, unsigned long, bool)+0x1f
V  [libjvm.so+0x98c736]  PSVirtualSpace::expand_by(unsigned long)+0x56
V  [libjvm.so+0x97ba0b]  PSOldGen::expand_by(unsigned long) [clone .part.28]+0x1b
V  [libjvm.so+0x97bbc8]  PSOldGen::expand(unsigned long) [clone .part.29]+0xa8
V  [libjvm.so+0x97c771]  PSOldGen::resize(unsigned long)+0xe1
V  [libjvm.so+0x9828ac]  PSParallelCompact::invoke_no_policy(bool) [clone .part.118]+0xa2c
V  [libjvm.so+0x98a6c5]  PSScavenge::invoke()+0x215
V  [libjvm.so+0x93a248]  ParallelScavengeHeap::failed_mem_allocate(unsigned long)+0x68
V  [libjvm.so+0xad4fa3]  VM_ParallelGCFailedAllocation::doit()+0x93
V  [libjvm.so+0xada1c6]  VM_Operation::evaluate()+0x46
V  [libjvm.so+0xad84fd]  VMThread::evaluate_operation(VM_Operation*) [clone .constprop.44]+0xcd
V  [libjvm.so+0xad8ae3]  VMThread::loop()+0x3a3
V  [libjvm.so+0xad8eb8]  VMThread::run()+0x78
V  [libjvm.so+0x90d952]  java_start(Thread*)+0x102

VM_Operation (0x00007f381fdf9a50): ParallelGCFailedAllocation, mode: safepoint, requested by thread 0x00007f3818014000


---------------  P R O C E S S  ---------------

Java Threads: ( => current thread )
  0x00007f38196bb000 JavaThread "NonBlockingInputStreamThread" daemon [_thread_blocked, id=15096, stack(0x00007f37fd0d4000,0x00007f37fd1d5000)]
  0x00007f38180ce800 JavaThread "org.apache.hadoop.fs.FileSystem$Statistics$StatisticsDataReferenceCleaner" daemon [_thread_blocked, id=15089, stack(0x00007f37fee56000,0x00007f37fef57000)]
  0x00007f381930d000 JavaThread "process reaper" daemon [_thread_blocked, id=15087, stack(0x00007f37fef57000,0x00007f37fef90000)]
  0x00007f38180d6800 JavaThread "Service Thread" daemon [_thread_blocked, id=15084, stack(0x00007f3804445000,0x00007f3804546000)]
  0x00007f38180cb800 JavaThread "C1 CompilerThread2" daemon [_thread_blocked, id=15083, stack(0x00007f3804547000,0x00007f3804647000)]
  0x00007f38180ca000 JavaThread "C2 CompilerThread1" daemon [_thread_blocked, id=15082, stack(0x00007f3804648000,0x00007f3804748000)]
  0x00007f38180c7000 JavaThread "C2 CompilerThread0" daemon [_thread_blocked, id=15081, stack(0x00007f3804749000,0x00007f3804849000)]
  0x00007f38180c5000 JavaThread "Signal Dispatcher" daemon [_thread_blocked, id=15080, stack(0x00007f3804849000,0x00007f380494a000)]
  0x00007f3818094800 JavaThread "Finalizer" daemon [_thread_blocked, id=15079, stack(0x00007f3805319000,0x00007f380541a000)]
  0x00007f3818090000 JavaThread "Reference Handler" daemon [_thread_blocked, id=15078, stack(0x00007f380541a000,0x00007f380551b000)]
  0x00007f3818014000 JavaThread "main" [_thread_blocked, id=15070, stack(0x00007f381fd08000,0x00007f381fe08000)]

Other Threads:
=>0x00007f3818086800 VMThread [stack: 0x00007f380551c000,0x00007f380561c000] [id=15077]
  0x00007f38180d9800 WatcherThread [stack: 0x00007f3804345000,0x00007f3804445000] [id=15085]

VM state:at safepoint (normal execution)

VM Mutex/Monitor currently owned by a thread:  ([mutex/lock_event])
[0x00007f38180101f0] ExpandHeap_lock - owner thread: 0x00007f3818086800
[0x00007f3818010870] Threads_lock - owner thread: 0x00007f3818086800
[0x00007f3818010d70] Heap_lock - owner thread: 0x00007f3818014000

heap address: 0x00000000c0000000, size: 1024 MB, Compressed Oops mode: 32-bit
Narrow klass base: 0x0000000000000000, Narrow klass shift: 3
Compressed class space size: 1073741824 Address: 0x0000000100000000

Heap:
 PSYoungGen      total 264192K, used 0K [0x00000000eab00000, 0x0000000100000000, 0x0000000100000000)
  eden space 224256K, 0% used [0x00000000eab00000,0x00000000eab00000,0x00000000f8600000)
  from space 39936K, 0% used [0x00000000f8600000,0x00000000f8600000,0x00000000fad00000)
  to   space 42496K, 0% used [0x00000000fd680000,0x00000000fd680000,0x0000000100000000)
 ParOldGen       total 128000K, used 118796K [0x00000000c0000000, 0x00000000c7d00000, 0x00000000eab00000)
  object space 128000K, 92% used [0x00000000c0000000,0x00000000c7403360,0x00000000c7d00000)
 Metaspace       used 48999K, capacity 49224K, committed 49664K, reserved 1091584K
  class space    used 6958K, capacity 7058K, committed 7168K, reserved 1048576K

Card table byte_map: [0x00007f381c7e2000,0x00007f381c9e3000] byte_map_base: 0x00007f381c1e2000

Marking Bits: (ParMarkBitMap*) 0x00007f381f1b0d80
 Begin Bits: [0x00007f3807000000, 0x00007f3808000000)
 End Bits:   [0x00007f3808000000, 0x00007f3809000000)

Polling page: 0x00007f381fe1e000

CodeCache: size=245760Kb used=18511Kb max_used=19535Kb free=227248Kb
 bounds [0x00007f3809000000, 0x00007f380a330000, 0x00007f3818000000]
 total_blobs=6505 nmethods=6060 adapters=355
 compilation: enabled

Compilation events (10 events):
Event: 13.132 Thread 0x00007f38180cb800 nmethod 6959 0x00007f3809a72010 code [0x00007f3809a721c0, 0x00007f3809a72488]
Event: 13.132 Thread 0x00007f38180cb800 6961       2       scala.reflect.internal.pickling.UnPickler$Scan::finishSym$1 (206 bytes)
Event: 13.135 Thread 0x00007f38180cb800 nmethod 6961 0x00007f3809c4bdd0 code [0x00007f3809c4c140, 0x00007f3809c4d268]
Event: 13.136 Thread 0x00007f38180cb800 6963       2       scala.reflect.internal.Types$Type::instantiateTypeParams (29 bytes)
Event: 13.137 Thread 0x00007f38180cb800 nmethod 6963 0x00007f3809c62950 code [0x00007f3809c62b20, 0x00007f3809c62ed8]
Event: 13.137 Thread 0x00007f38180cb800 6964       2       scala.reflect.internal.Types$ArgsTypeRef::transform (118 bytes)
Event: 13.138 Thread 0x00007f38180cb800 nmethod 6964 0x00007f3809c7cd50 code [0x00007f3809c7cf80, 0x00007f3809c7d5a8]
Event: 13.138 Thread 0x00007f38180cb800 6966 %     3       scala.reflect.internal.BaseTypeSeqs$class::compoundBaseTypeSeq @ 223 (583 bytes)
Event: 13.143 Thread 0x00007f38180ca000 nmethod 6908 0x00007f3809cf4110 code [0x00007f3809cf4340, 0x00007f3809cf4ba0]
Event: 13.143 Thread 0x00007f38180ca000 6946       4       scala.reflect.internal.Symbols$TermSymbol::moduleClass (22 bytes)

GC Heap History (10 events):
Event: 6.333 GC heap after
Heap after GC invocations=9 (full 1):
 PSYoungGen      total 171520K, used 6634K [0x00000000eab00000, 0x00000000f7800000, 0x0000000100000000)
  eden space 164864K, 0% used [0x00000000eab00000,0x00000000eab00000,0x00000000f4c00000)
  from space 6656K, 99% used [0x00000000f7180000,0x00000000f77fabf8,0x00000000f7800000)
  to   space 7680K, 0% used [0x00000000f6900000,0x00000000f6900000,0x00000000f7080000)
 ParOldGen       total 42496K, used 8472K [0x00000000c0000000, 0x00000000c2980000, 0x00000000eab00000)
  object space 42496K, 19% used [0x00000000c0000000,0x00000000c08462d0,0x00000000c2980000)
 Metaspace       used 26669K, capacity 26876K, committed 27008K, reserved 1073152K
  class space    used 3603K, capacity 3688K, committed 3712K, reserved 1048576K
}
Event: 7.858 GC heap before
{Heap before GC invocations=10 (full 1):
 PSYoungGen      total 171520K, used 171498K [0x00000000eab00000, 0x00000000f7800000, 0x0000000100000000)
  eden space 164864K, 100% used [0x00000000eab00000,0x00000000f4c00000,0x00000000f4c00000)
  from space 6656K, 99% used [0x00000000f7180000,0x00000000f77fabf8,0x00000000f7800000)
  to   space 7680K, 0% used [0x00000000f6900000,0x00000000f6900000,0x00000000f7080000)
 ParOldGen       total 42496K, used 8472K [0x00000000c0000000, 0x00000000c2980000, 0x00000000eab00000)
  object space 42496K, 19% used [0x00000000c0000000,0x00000000c08462d0,0x00000000c2980000)
 Metaspace       used 32152K, capacity 32380K, committed 32640K, reserved 1077248K
  class space    used 4573K, capacity 4648K, committed 4736K, reserved 1048576K
Event: 7.909 GC heap after
Heap after GC invocations=10 (full 1):
 PSYoungGen      total 202240K, used 7650K [0x00000000eab00000, 0x00000000fc780000, 0x0000000100000000)
  eden space 194560K, 0% used [0x00000000eab00000,0x00000000eab00000,0x00000000f6900000)
  from space 7680K, 99% used [0x00000000f6900000,0x00000000f7078808,0x00000000f7080000)
  to   space 27136K, 0% used [0x00000000fad00000,0x00000000fad00000,0x00000000fc780000)
 ParOldGen       total 54784K, used 54707K [0x00000000c0000000, 0x00000000c3580000, 0x00000000eab00000)
  object space 54784K, 99% used [0x00000000c0000000,0x00000000c356cd90,0x00000000c3580000)
 Metaspace       used 32152K, capacity 32380K, committed 32640K, reserved 1077248K
  class space    used 4573K, capacity 4648K, committed 4736K, reserved 1048576K
}
Event: 7.909 GC heap before
{Heap before GC invocations=11 (full 2):
 PSYoungGen      total 202240K, used 7650K [0x00000000eab00000, 0x00000000fc780000, 0x0000000100000000)
  eden space 194560K, 0% used [0x00000000eab00000,0x00000000eab00000,0x00000000f6900000)
  from space 7680K, 99% used [0x00000000f6900000,0x00000000f7078808,0x00000000f7080000)
  to   space 27136K, 0% used [0x00000000fad00000,0x00000000fad00000,0x00000000fc780000)
 ParOldGen       total 54784K, used 54707K [0x00000000c0000000, 0x00000000c3580000, 0x00000000eab00000)
  object space 54784K, 99% used [0x00000000c0000000,0x00000000c356cd90,0x00000000c3580000)
 Metaspace       used 32152K, capacity 32380K, committed 32640K, reserved 1077248K
  class space    used 4573K, capacity 4648K, committed 4736K, reserved 1048576K
Event: 8.081 GC heap after
Heap after GC invocations=11 (full 2):
 PSYoungGen      total 202240K, used 2525K [0x00000000eab00000, 0x00000000fc780000, 0x0000000100000000)
  eden space 194560K, 0% used [0x00000000eab00000,0x00000000eab00000,0x00000000f6900000)
  from space 7680K, 32% used [0x00000000f6900000,0x00000000f6b77758,0x00000000f7080000)
  to   space 27136K, 0% used [0x00000000fad00000,0x00000000fad00000,0x00000000fc780000)
 ParOldGen       total 128000K, used 54615K [0x00000000c0000000, 0x00000000c7d00000, 0x00000000eab00000)
  object space 128000K, 42% used [0x00000000c0000000,0x00000000c3555d98,0x00000000c7d00000)
 Metaspace       used 32152K, capacity 32380K, committed 32640K, reserved 1077248K
  class space    used 4573K, capacity 4648K, committed 4736K, reserved 1048576K
}
Event: 10.168 GC heap before
{Heap before GC invocations=12 (full 2):
 PSYoungGen      total 202240K, used 197085K [0x00000000eab00000, 0x00000000fc780000, 0x0000000100000000)
  eden space 194560K, 100% used [0x00000000eab00000,0x00000000f6900000,0x00000000f6900000)
  from space 7680K, 32% used [0x00000000f6900000,0x00000000f6b77758,0x00000000f7080000)
  to   space 27136K, 0% used [0x00000000fad00000,0x00000000fad00000,0x00000000fc780000)
 ParOldGen       total 128000K, used 54615K [0x00000000c0000000, 0x00000000c7d00000, 0x00000000eab00000)
  object space 128000K, 42% used [0x00000000c0000000,0x00000000c3555d98,0x00000000c7d00000)
 Metaspace       used 40575K, capacity 40770K, committed 41088K, reserved 1085440K
  class space    used 5678K, capacity 5736K, committed 5760K, reserved 1048576K
Event: 10.207 GC heap after
Heap after GC invocations=12 (full 2):
 PSYoungGen      total 251392K, used 27132K [0x00000000eab00000, 0x00000000fe100000, 0x0000000100000000)
  eden space 224256K, 0% used [0x00000000eab00000,0x00000000eab00000,0x00000000f8600000)
  from space 27136K, 99% used [0x00000000fad00000,0x00000000fc77f2f0,0x00000000fc780000)
  to   space 39936K, 0% used [0x00000000f8600000,0x00000000f8600000,0x00000000fad00000)
 ParOldGen       total 128000K, used 76554K [0x00000000c0000000, 0x00000000c7d00000, 0x00000000eab00000)
  object space 128000K, 59% used [0x00000000c0000000,0x00000000c4ac2ad8,0x00000000c7d00000)
 Metaspace       used 40575K, capacity 40770K, committed 41088K, reserved 1085440K
  class space    used 5678K, capacity 5736K, committed 5760K, reserved 1048576K
}
Event: 13.145 GC heap before
{Heap before GC invocations=13 (full 2):
 PSYoungGen      total 251392K, used 251388K [0x00000000eab00000, 0x00000000fe100000, 0x0000000100000000)
  eden space 224256K, 100% used [0x00000000eab00000,0x00000000f8600000,0x00000000f8600000)
  from space 27136K, 99% used [0x00000000fad00000,0x00000000fc77f2f0,0x00000000fc780000)
  to   space 39936K, 0% used [0x00000000f8600000,0x00000000f8600000,0x00000000fad00000)
 ParOldGen       total 128000K, used 76554K [0x00000000c0000000, 0x00000000c7d00000, 0x00000000eab00000)
  object space 128000K, 59% used [0x00000000c0000000,0x00000000c4ac2ad8,0x00000000c7d00000)
 Metaspace       used 48999K, capacity 49224K, committed 49664K, reserved 1091584K
  class space    used 6958K, capacity 7058K, committed 7168K, reserved 1048576K
Event: 13.214 GC heap after
Heap after GC invocations=13 (full 2):
 PSYoungGen      total 264192K, used 28404K [0x00000000eab00000, 0x0000000100000000, 0x0000000100000000)
  eden space 224256K, 0% used [0x00000000eab00000,0x00000000eab00000,0x00000000f8600000)
  from space 39936K, 71% used [0x00000000f8600000,0x00000000fa1bd398,0x00000000fad00000)
  to   space 42496K, 0% used [0x00000000fd680000,0x00000000fd680000,0x0000000100000000)
 ParOldGen       total 128000K, used 103103K [0x00000000c0000000, 0x00000000c7d00000, 0x00000000eab00000)
  object space 128000K, 80% used [0x00000000c0000000,0x00000000c64afd28,0x00000000c7d00000)
 Metaspace       used 48999K, capacity 49224K, committed 49664K, reserved 1091584K
  class space    used 6958K, capacity 7058K, committed 7168K, reserved 1048576K
}
Event: 13.214 GC heap before
{Heap before GC invocations=14 (full 3):
 PSYoungGen      total 264192K, used 28404K [0x00000000eab00000, 0x0000000100000000, 0x0000000100000000)
  eden space 224256K, 0% used [0x00000000eab00000,0x00000000eab00000,0x00000000f8600000)
  from space 39936K, 71% used [0x00000000f8600000,0x00000000fa1bd398,0x00000000fad00000)
  to   space 42496K, 0% used [0x00000000fd680000,0x00000000fd680000,0x0000000100000000)
 ParOldGen       total 128000K, used 103103K [0x00000000c0000000, 0x00000000c7d00000, 0x00000000eab00000)
  object space 128000K, 80% used [0x00000000c0000000,0x00000000c64afd28,0x00000000c7d00000)
 Metaspace       used 48999K, capacity 49224K, committed 49664K, reserved 1091584K
  class space    used 6958K, capacity 7058K, committed 7168K, reserved 1048576K

Deoptimization events (10 events):
Event: 12.941 Thread 0x00007f3818014000 Uncommon trap: reason=unstable_if action=reinterpret pc=0x00007f380a2e89f0 method=scala.collection.mutable.HashTable$class.findOrAddEntry(Lscala/collection/mutable/HashTable;Ljava/lang/Object;Ljava/lang/Object;)Lscala/collection/mutable/HashEntry; @ 24
Event: 12.948 Thread 0x00007f3818014000 Uncommon trap: reason=bimorphic action=maybe_recompile pc=0x00007f3809f2ae30 method=scala.reflect.internal.Phase.equals(Ljava/lang/Object;)Z @ 24
Event: 12.970 Thread 0x00007f3818014000 Uncommon trap: reason=class_check action=maybe_recompile pc=0x00007f380a280d10 method=scala.collection.generic.GenTraversableFactory$$anon$1.apply()Lscala/collection/mutable/Builder; @ 4
Event: 13.065 Thread 0x00007f3818014000 Uncommon trap: reason=class_check action=maybe_recompile pc=0x00007f380a2ed278 method=scala.reflect.internal.AnnotationInfos$Annotatable$class.dropOtherAnnotations(Lscala/reflect/internal/AnnotationInfos$Annotatable;Lscala/collection/immutable/List;Lscala
Event: 13.069 Thread 0x00007f3818014000 Uncommon trap: reason=class_check action=maybe_recompile pc=0x00007f380a2ed278 method=scala.reflect.internal.AnnotationInfos$Annotatable$class.dropOtherAnnotations(Lscala/reflect/internal/AnnotationInfos$Annotatable;Lscala/collection/immutable/List;Lscala
Event: 13.075 Thread 0x00007f3818014000 Uncommon trap: reason=class_check action=maybe_recompile pc=0x00007f380a2ed278 method=scala.reflect.internal.AnnotationInfos$Annotatable$class.dropOtherAnnotations(Lscala/reflect/internal/AnnotationInfos$Annotatable;Lscala/collection/immutable/List;Lscala
Event: 13.086 Thread 0x00007f3818014000 Uncommon trap: reason=speculate_class_check action=maybe_recompile pc=0x00007f380a304c30 method=scala.reflect.internal.Symbols$Symbol.filter(Lscala/Function1;)Lscala/reflect/internal/Symbols$Symbol; @ 99
Event: 13.130 Thread 0x00007f3818014000 Uncommon trap: reason=unstable_if action=reinterpret pc=0x00007f38091a50ac method=scala.reflect.internal.pickling.UnPickler$Scan.shouldEnterInOwnerScope$1(Lscala/reflect/internal/Symbols$Symbol;)Z @ 85
Event: 13.132 Thread 0x00007f3818014000 Uncommon trap: reason=bimorphic action=maybe_recompile pc=0x00007f380a1e3bb8 method=scala.reflect.internal.Symbols$Symbol.newTermSymbol(Lscala/reflect/internal/Names$TermName;Lscala/reflect/internal/util/Position;J)Lscala/reflect/internal/Symbols$TermSymb
Event: 13.138 Thread 0x00007f3818014000 Uncommon trap: reason=unstable_if action=reinterpret pc=0x00007f380a2ccba8 method=scala.reflect.internal.BaseTypeSeqs$BaseTypeSeq.typeSymbol(I)Lscala/reflect/internal/Symbols$Symbol; @ 11

Classes redefined (0 events):
No events

Internal exceptions (10 events):
Event: 12.134 Thread 0x00007f3818014000 Exception <a 'java/security/PrivilegedActionException'> (0x00000000f3e6fbd8) thrown at [/HUDSON/workspace/8-2-build-linux-amd64/jdk8u221/13320/hotspot/src/share/vm/prims/jvm.cpp, line 1502]
Event: 12.134 Thread 0x00007f3818014000 Exception <a 'java/security/PrivilegedActionException'> (0x00000000f3e6ffd0) thrown at [/HUDSON/workspace/8-2-build-linux-amd64/jdk8u221/13320/hotspot/src/share/vm/prims/jvm.cpp, line 1502]
Event: 12.134 Thread 0x00007f3818014000 Exception <a 'java/security/PrivilegedActionException'> (0x00000000f3e710f8) thrown at [/HUDSON/workspace/8-2-build-linux-amd64/jdk8u221/13320/hotspot/src/share/vm/prims/jvm.cpp, line 1502]
Event: 12.134 Thread 0x00007f3818014000 Exception <a 'java/security/PrivilegedActionException'> (0x00000000f3e714f0) thrown at [/HUDSON/workspace/8-2-build-linux-amd64/jdk8u221/13320/hotspot/src/share/vm/prims/jvm.cpp, line 1502]
Event: 12.134 Thread 0x00007f3818014000 Exception <a 'java/security/PrivilegedActionException'> (0x00000000f3e725d0) thrown at [/HUDSON/workspace/8-2-build-linux-amd64/jdk8u221/13320/hotspot/src/share/vm/prims/jvm.cpp, line 1502]
Event: 12.134 Thread 0x00007f3818014000 Exception <a 'java/security/PrivilegedActionException'> (0x00000000f3e729c8) thrown at [/HUDSON/workspace/8-2-build-linux-amd64/jdk8u221/13320/hotspot/src/share/vm/prims/jvm.cpp, line 1502]
Event: 12.134 Thread 0x00007f3818014000 Exception <a 'java/security/PrivilegedActionException'> (0x00000000f3e73af0) thrown at [/HUDSON/workspace/8-2-build-linux-amd64/jdk8u221/13320/hotspot/src/share/vm/prims/jvm.cpp, line 1502]
Event: 12.134 Thread 0x00007f3818014000 Exception <a 'java/security/PrivilegedActionException'> (0x00000000f3e73ee8) thrown at [/HUDSON/workspace/8-2-build-linux-amd64/jdk8u221/13320/hotspot/src/share/vm/prims/jvm.cpp, line 1502]
Event: 12.134 Thread 0x00007f3818014000 Exception <a 'java/security/PrivilegedActionException'> (0x00000000f3e75010) thrown at [/HUDSON/workspace/8-2-build-linux-amd64/jdk8u221/13320/hotspot/src/share/vm/prims/jvm.cpp, line 1502]
Event: 12.134 Thread 0x00007f3818014000 Exception <a 'java/security/PrivilegedActionException'> (0x00000000f3e75408) thrown at [/HUDSON/workspace/8-2-build-linux-amd64/jdk8u221/13320/hotspot/src/share/vm/prims/jvm.cpp, line 1502]

Events (10 events):
Event: 13.130 Thread 0x00007f3818014000 Uncommon trap: trap_request=0xffffff65 fr.pc=0x00007f38091a50ac
Event: 13.130 Thread 0x00007f3818014000 DEOPT PACKING pc=0x00007f38091a50ac sp=0x00007f381fdf73c0
Event: 13.130 Thread 0x00007f3818014000 DEOPT UNPACKING pc=0x00007f380904573a sp=0x00007f381fdf7318 mode 2
Event: 13.132 Thread 0x00007f3818014000 Uncommon trap: trap_request=0xffffffc6 fr.pc=0x00007f380a1e3bb8
Event: 13.132 Thread 0x00007f3818014000 DEOPT PACKING pc=0x00007f380a1e3bb8 sp=0x00007f381fdf6d60
Event: 13.132 Thread 0x00007f3818014000 DEOPT UNPACKING pc=0x00007f380904573a sp=0x00007f381fdf6c50 mode 2
Event: 13.138 Thread 0x00007f3818014000 Uncommon trap: trap_request=0xffffff65 fr.pc=0x00007f380a2ccba8
Event: 13.138 Thread 0x00007f3818014000 DEOPT PACKING pc=0x00007f380a2ccba8 sp=0x00007f381fdf8e40
Event: 13.138 Thread 0x00007f3818014000 DEOPT UNPACKING pc=0x00007f380904573a sp=0x00007f381fdf8dd8 mode 2
Event: 13.144 Executing VM operation: ParallelGCFailedAllocation


Dynamic libraries:
00400000-00401000 r-xp 00000000 08:01 1708700                            /home/raptor/Softwares/jdk1.8.0_221/bin/java
00600000-00601000 r--p 00000000 08:01 1708700                            /home/raptor/Softwares/jdk1.8.0_221/bin/java
00601000-00602000 rw-p 00001000 08:01 1708700                            /home/raptor/Softwares/jdk1.8.0_221/bin/java
00ad4000-00b16000 rw-p 00000000 00:00 0                                  [heap]
c0000000-c7d00000 rw-p 00000000 00:00 0 
cdb00000-eab00000 ---p 00000000 00:00 0 
eab00000-100000000 rw-p 00000000 00:00 0 
100000000-100700000 rw-p 00000000 00:00 0 
100700000-140000000 ---p 00000000 00:00 0 
7f37b0000000-7f37b0021000 rw-p 00000000 00:00 0 
7f37b0021000-7f37b4000000 ---p 00000000 00:00 0 
7f37b4000000-7f37b4021000 rw-p 00000000 00:00 0 
7f37b4021000-7f37b8000000 ---p 00000000 00:00 0 
7f37b8000000-7f37b8021000 rw-p 00000000 00:00 0 
7f37b8021000-7f37bc000000 ---p 00000000 00:00 0 
7f37bc000000-7f37bc021000 rw-p 00000000 00:00 0 
7f37bc021000-7f37c0000000 ---p 00000000 00:00 0 
7f37c0000000-7f37c0b28000 rw-p 00000000 00:00 0 
7f37c0b28000-7f37c4000000 ---p 00000000 00:00 0 
7f37c4000000-7f37c4021000 rw-p 00000000 00:00 0 
7f37c4021000-7f37c8000000 ---p 00000000 00:00 0 
7f37c8000000-7f37c98c3000 rw-p 00000000 00:00 0 
7f37c98c3000-7f37cc000000 ---p 00000000 00:00 0 
7f37cc000000-7f37cd612000 rw-p 00000000 00:00 0 
7f37cd612000-7f37d0000000 ---p 00000000 00:00 0 
7f37d0000000-7f37d0021000 rw-p 00000000 00:00 0 
7f37d0021000-7f37d4000000 ---p 00000000 00:00 0 
7f37d4000000-7f37d4021000 rw-p 00000000 00:00 0 
7f37d4021000-7f37d8000000 ---p 00000000 00:00 0 
7f37d8000000-7f37d829d000 rw-p 00000000 00:00 0 
7f37d829d000-7f37dc000000 ---p 00000000 00:00 0 
7f37dc000000-7f37dc021000 rw-p 00000000 00:00 0 
7f37dc021000-7f37e0000000 ---p 00000000 00:00 0 
7f37e0000000-7f37e0021000 rw-p 00000000 00:00 0 
7f37e0021000-7f37e4000000 ---p 00000000 00:00 0 
7f37e4000000-7f37e4021000 rw-p 00000000 00:00 0 
7f37e4021000-7f37e8000000 ---p 00000000 00:00 0 
7f37e8000000-7f37e807e000 rw-p 00000000 00:00 0 
7f37e807e000-7f37ec000000 ---p 00000000 00:00 0 
7f37f0000000-7f37f0021000 rw-p 00000000 00:00 0 
7f37f0021000-7f37f4000000 ---p 00000000 00:00 0 
7f37f7c00000-7f37f7d80000 rw-p 00000000 00:00 0 
7f37f7d80000-7f37f7e00000 ---p 00000000 00:00 0 
7f37f7e00000-7f37f8000000 rw-p 00000000 00:00 0 
7f37f8000000-7f37f8021000 rw-p 00000000 00:00 0 
7f37f8021000-7f37fc000000 ---p 00000000 00:00 0 
7f37fc0ad000-7f37fc2ad000 rw-p 00000000 00:00 0 
7f37fc2ad000-7f37fc4ad000 rw-p 00000000 00:00 0 
7f37fc4ad000-7f37fc6ad000 rw-p 00000000 00:00 0 
7f37fc6ad000-7f37fc8ad000 rw-p 00000000 00:00 0 
7f37fc8ad000-7f37fcaad000 rw-p 00000000 00:00 0 
7f37fcaad000-7f37fcaaf000 r--s 00003000 08:01 1180137                    /home/raptor/.ivy2/jars/com.google.code.findbugs_jsr305-3.0.2.jar
7f37fcaaf000-7f37fcab0000 r--s 00004000 08:01 1180136                    /home/raptor/.ivy2/jars/org.apache.yetus_audience-annotations-0.5.0.jar
7f37fcab0000-7f37fcab2000 r--s 00002000 08:01 1180155                    /home/raptor/.ivy2/jars/com.github.spotbugs_spotbugs-annotations-3.1.9.jar
7f37fcab2000-7f37fcab4000 r--s 00007000 08:01 1180146                    /home/raptor/.ivy2/jars/com.thoughtworks.paranamer_paranamer-2.8.jar
7f37fcab4000-7f37fcab6000 r--s 00009000 08:01 1180145                    /home/raptor/.ivy2/jars/com.fasterxml.jackson.module_jackson-module-paranamer-2.10.0.jar
7f37fcab6000-7f37fcabb000 r--s 00051000 08:01 1180147                    /home/raptor/.ivy2/jars/com.fasterxml.jackson.core_jackson-core-2.10.0.jar
7f37fcabb000-7f37fcabe000 r--s 0000e000 08:01 1180153                    /home/raptor/.ivy2/jars/com.fasterxml.jackson.core_jackson-annotations-2.10.0.jar
7f37fcabe000-7f37fcacb000 r--s 000d2000 08:01 1180134                    /home/raptor/.ivy2/jars/org.apache.zookeeper_zookeeper-3.4.14.jar
7f37fcacb000-7f37fcace000 r--s 00010000 08:01 1180139                    /home/raptor/.ivy2/jars/com.101tec_zkclient-0.11.jar
7f37fcace000-7f37fcad0000 r--s 0000c000 08:01 1180138                    /home/raptor/.ivy2/jars/com.typesafe.scala-logging_scala-logging_2.12-3.9.0.jar
7f37fcad0000-7f37fcaf3000 r--s 00357000 08:01 1180159                    /home/raptor/.ivy2/jars/org.scala-lang_scala-reflect-2.12.8.jar
7f37fcaf3000-7f37fcaf6000 r--s 00012000 08:01 1180150                    /home/raptor/.ivy2/jars/com.yammer.metrics_metrics-core-2.2.0.jar
7f37fcaf6000-7f37fcaf9000 r--s 00011000 08:01 1180148                    /home/raptor/.ivy2/jars/net.sf.jopt-simple_jopt-simple-5.0.4.jar
7f37fcaf9000-7f37fcafb000 r--s 00007000 08:01 1180135                    /home/raptor/.ivy2/jars/com.fasterxml.jackson.datatype_jackson-datatype-jdk8-2.10.0.jar
7f37fcafb000-7f37fcafd000 r--s 00017000 08:01 1180158                    /home/raptor/.ivy2/jars/com.fasterxml.jackson.dataformat_jackson-dataformat-csv-2.10.0.jar
7f37fcafd000-7f37fcb04000 r--s 0004d000 08:01 1180133                    /home/raptor/.ivy2/jars/com.fasterxml.jackson.module_jackson-module-scala_2.12-2.10.0.jar
7f37fcb04000-7f37fcb1a000 r--s 00141000 08:01 1180143                    /home/raptor/.ivy2/jars/com.fasterxml.jackson.core_jackson-databind-2.10.0.jar
7f37fcb1a000-7f37fcb1c000 r--s 00009000 08:01 1180141                    /home/raptor/.ivy2/jars/org.slf4j_slf4j-api-1.7.26.jar
7f37fcb1c000-7f37fcb1f000 r--s 001eb000 08:01 1180157                    /home/raptor/.ivy2/jars/org.xerial.snappy_snappy-java-1.1.7.3.jar
7f37fcb1f000-7f37fcb22000 r--s 0009a000 08:01 1180149                    /home/raptor/.ivy2/jars/org.lz4_lz4-java-1.6.0.jar
7f37fcb22000-7f37fcb24000 r--s 003ca000 08:01 1180144                    /home/raptor/.ivy2/jars/com.github.luben_zstd-jni-1.4.0-1.jar
7f37fcb24000-7f37fcb89000 r--s 00abc000 08:01 1180282                    /home/raptor/.ivy2/jars/com.ibm.icu_icu4j-58.2.jar
7f37fcb89000-7f37fcb8c000 r--s 00012000 08:01 1180284                    /home/raptor/.ivy2/jars/org.glassfish_javax.json-1.0.4.jar
7f37fcb8c000-7f37fcb90000 r--s 00037000 08:01 1180279                    /home/raptor/.ivy2/jars/org.antlr_ST4-4.0.8.jar
7f37fcb90000-7f37fcb96000 r--s 0004c000 08:01 1180281                    /home/raptor/.ivy2/jars/org.antlr_antlr4-runtime-4.7.jar
7f37fcb96000-7f37fcba3000 r--s 00117000 08:01 1180280                    /home/raptor/.ivy2/jars/org.antlr_antlr4-4.7.jar
7f37fcba3000-7f37fcbc2000 r--s 003dd000 08:01 1180140                    /home/raptor/.ivy2/jars/org.apache.kafka_kafka_2.12-2.3.1.jar
7f37fcbc2000-7f37fcbed000 r--s 00273000 08:01 1180142                    /home/raptor/.ivy2/jars/org.apache.kafka_kafka-clients-2.3.1.jar
7f37fcbed000-7f37fcc13000 r--s 001bd000 08:01 1180278                    /home/raptor/.ivy2/jars/io.delta_delta-core_2.11-0.4.0.jar
7f37fcc13000-7f37fcca9000 r--s 01114000 08:01 1708961                    /home/raptor/Softwares/jdk1.8.0_221/jre/lib/ext/jfxrt.jar
7f37fcca9000-7f37fccc5000 r--s 00393000 08:01 1708962                    /home/raptor/Softwares/jdk1.8.0_221/jre/lib/ext/cldrdata.jar
7f37fccc5000-7f37fcec5000 rw-p 00000000 00:00 0 
7f37fcec5000-7f37fcec6000 r--s 00000000 08:01 1190589                    /home/raptor/.ivy2/jars/org.spark-project.spark_unused-1.0.0.jar
7f37fcec6000-7f37fcec9000 r--s 00026000 08:01 1180277                    /home/raptor/.ivy2/jars/org.antlr_antlr-runtime-3.5.2.jar
7f37fcec9000-7f37fced4000 r--s 00073000 08:01 1189037                    /home/raptor/.ivy2/jars/org.apache.spark_spark-sql-kafka-0-10_2.11-2.4.0.jar
7f37fced4000-7f37fd0d4000 rw-p 00000000 00:00 0 
7f37fd0d4000-7f37fd0d7000 ---p 00000000 00:00 0 
7f37fd0d7000-7f37fd3d5000 rw-p 00000000 00:00 0 
7f37fd3d5000-7f37fd5d5000 rw-p 00000000 00:00 0 
7f37fd5d5000-7f37fd7d5000 rw-p 00000000 00:00 0 
7f37fd7d5000-7f37fd7d6000 r-xp 00000000 08:01 1709040                    /home/raptor/Softwares/jdk1.8.0_221/jre/lib/amd64/libjaas_unix.so
7f37fd7d6000-7f37fd9d5000 ---p 00001000 08:01 1709040                    /home/raptor/Softwares/jdk1.8.0_221/jre/lib/amd64/libjaas_unix.so
7f37fd9d5000-7f37fd9d6000 r--p 00000000 08:01 1709040                    /home/raptor/Softwares/jdk1.8.0_221/jre/lib/amd64/libjaas_unix.so
7f37fd9d6000-7f37fd9d7000 rw-p 00001000 08:01 1709040                    /home/raptor/Softwares/jdk1.8.0_221/jre/lib/amd64/libjaas_unix.so
7f37fd9d7000-7f37fd9f5000 r-xp 00000000 08:01 2234636                    /home/raptor/Softwares/hadoop-2.7.3/lib/native/libhadoop.so.1.0.0
7f37fd9f5000-7f37fdbf5000 ---p 0001e000 08:01 2234636                    /home/raptor/Softwares/hadoop-2.7.3/lib/native/libhadoop.so.1.0.0
7f37fdbf5000-7f37fdbf6000 rw-p 0001e000 08:01 2234636                    /home/raptor/Softwares/hadoop-2.7.3/lib/native/libhadoop.so.1.0.0
7f37fdbf6000-7f37fdbff000 r-xp 00000000 08:01 1709011                    /home/raptor/Softwares/jdk1.8.0_221/jre/lib/amd64/libmanagement.so
7f37fdbff000-7f37fddfe000 ---p 00009000 08:01 1709011                    /home/raptor/Softwares/jdk1.8.0_221/jre/lib/amd64/libmanagement.so
7f37fddfe000-7f37fddff000 r--p 00008000 08:01 1709011                    /home/raptor/Softwares/jdk1.8.0_221/jre/lib/amd64/libmanagement.so
7f37fddff000-7f37fde00000 rw-p 00009000 08:01 1709011                    /home/raptor/Softwares/jdk1.8.0_221/jre/lib/amd64/libmanagement.so
7f37fde00000-7f37fe000000 rw-p 00000000 00:00 0 
7f37fe000000-7f37fe200000 rw-p 00000000 00:00 0 
7f37fe200000-7f37fe400000 rw-p 00000000 00:00 0 
7f37fe400000-7f37fe600000 rw-p 00000000 00:00 0 
7f37fe600000-7f37fee00000 rw-p 00000000 00:00 0 
7f37fee00000-7f37fee02000 r--s 00005000 08:01 1180283                    /home/raptor/.ivy2/jars/org.abego.treelayout_org.abego.treelayout.core-1.0.3.jar
7f37fee02000-7f37fee08000 r--s 0003f000 08:01 1708958                    /home/raptor/Softwares/jdk1.8.0_221/jre/lib/ext/sunjce_provider.jar
7f37fee08000-7f37fee09000 r--s 00010000 08:01 1708957                    /home/raptor/Softwares/jdk1.8.0_221/jre/lib/ext/zipfs.jar
7f37fee09000-7f37fee0b000 r--s 00001000 08:01 1708960                    /home/raptor/Softwares/jdk1.8.0_221/jre/lib/ext/dnsns.jar
7f37fee0b000-7f37fee0c000 r--s 0000a000 08:01 1708953                    /home/raptor/Softwares/jdk1.8.0_221/jre/lib/ext/jaccess.jar
7f37fee0c000-7f37fee10000 r--s 0003b000 08:01 1708963                    /home/raptor/Softwares/jdk1.8.0_221/jre/lib/ext/sunpkcs11.jar
7f37fee10000-7f37fee11000 r--s 0000e000 08:01 1708955                    /home/raptor/Softwares/jdk1.8.0_221/jre/lib/ext/sunec.jar
7f37fee11000-7f37fee1b000 r--s 00116000 08:01 1708954                    /home/raptor/Softwares/jdk1.8.0_221/jre/lib/ext/localedata.jar
7f37fee1b000-7f37fee36000 r--s 001d4000 08:01 1708956                    /home/raptor/Softwares/jdk1.8.0_221/jre/lib/ext/nashorn.jar
7f37fee36000-7f37fee3b000 r--s 00084000 08:01 1708946                    /home/raptor/Softwares/jdk1.8.0_221/jre/lib/jfr.jar
7f37fee3b000-7f37fee40000 r--s 002f9000 08:01 1708758                    /home/raptor/Softwares/jdk1.8.0_221/jre/lib/charsets.jar
7f37fee40000-7f37fee43000 r--s 0001a000 08:01 1708849                    /home/raptor/Softwares/jdk1.8.0_221/jre/lib/jce.jar
7f37fee43000-7f37fee56000 r--s 00345000 08:01 1708881                    /home/raptor/Softwares/jdk1.8.0_221/jre/lib/resources.jar
7f37fee56000-7f37fee59000 ---p 00000000 00:00 0 
7f37fee59000-7f37fef57000 rw-p 00000000 00:00 0 
7f37fef57000-7f37fef5a000 ---p 00000000 00:00 0 
7f37fef5a000-7f37fef90000 rw-p 00000000 00:00 0 
7f37fef90000-7f37fef95000 r--s 000a3000 08:01 1708968                    /home/raptor/Softwares/jdk1.8.0_221/jre/lib/jsse.jar
7f37fef95000-7f37fefab000 r-xp 00000000 08:01 1709010                    /home/raptor/Softwares/jdk1.8.0_221/jre/lib/amd64/libnet.so
7f37fefab000-7f37ff1aa000 ---p 00016000 08:01 1709010                    /home/raptor/Softwares/jdk1.8.0_221/jre/lib/amd64/libnet.so
7f37ff1aa000-7f37ff1ab000 r--p 00015000 08:01 1709010                    /home/raptor/Softwares/jdk1.8.0_221/jre/lib/amd64/libnet.so
7f37ff1ab000-7f37ff1ac000 rw-p 00016000 08:01 1709010                    /home/raptor/Softwares/jdk1.8.0_221/jre/lib/amd64/libnet.so
7f37ff1ac000-7f37ff3ac000 rw-p 00000000 00:00 0 
7f37ff3ac000-7f37ff3ad000 r--s 00013000 08:01 1579157                    /home/raptor/Softwares/spark-2.4.0-bin-hadoop2.7/jars/okio-1.13.0.jar
7f37ff3ad000-7f37ff3b4000 r--s 0007d000 08:01 1579230                    /home/raptor/Softwares/spark-2.4.0-bin-hadoop2.7/jars/jetty-6.1.26.jar
7f37ff3b4000-7f37ff3b8000 r--s 00020000 08:01 1579121                    /home/raptor/Softwares/spark-2.4.0-bin-hadoop2.7/jars/commons-digester-1.8.jar
7f37ff3b8000-7f37ff3ba000 r--s 0000e000 08:01 1579220                    /home/raptor/Softwares/spark-2.4.0-bin-hadoop2.7/jars/commons-logging-1.1.3.jar
7f37ff3ba000-7f37ff3bd000 r--s 00006000 08:01 1579241                    /home/raptor/Softwares/spark-2.4.0-bin-hadoop2.7/jars/jsr305-1.3.9.jar
7f37ff3bd000-7f37ff3bf000 r--s 00003000 08:01 1579251                    /home/raptor/Softwares/spark-2.4.0-bin-hadoop2.7/jars/JavaEWAH-0.3.2.jar
7f37ff3bf000-7f37ff3c1000 r--s 00012000 08:01 1579115                    /home/raptor/Softwares/spark-2.4.0-bin-hadoop2.7/jars/compress-lzf-1.0.3.jar
7f37ff3c1000-7f37ff3cb000 r--s 000a5000 08:01 1579188                    /home/raptor/Softwares/spark-2.4.0-bin-hadoop2.7/jars/javassist-3.18.1-GA.jar
7f37ff3cb000-7f37ff3e1000 r--s 00124000 08:01 1579238                    /home/raptor/Softwares/spark-2.4.0-bin-hadoop2.7/jars/ivy-2.4.0.jar
7f37ff3e1000-7f37ff3f9000 r--s 000d6000 08:01 1579044                    /home/raptor/Softwares/spark-2.4.0-bin-hadoop2.7/jars/jersey-guava-2.22.2.jar
7f37ff3f9000-7f37ff3fc000 r--s 0001e000 08:01 1579053                    /home/raptor/Softwares/spark-2.4.0-bin-hadoop2.7/jars/avro-ipc-1.8.2.jar
7f37ff3fc000-7f37ff3fe000 r--s 0000b000 08:01 1579136                    /home/raptor/Softwares/spark-2.4.0-bin-hadoop2.7/jars/spark-kvstore_2.11-2.4.0.jar
7f37ff3fe000-7f37ff413000 r--s 00142000 08:01 1580741                    /home/raptor/Softwares/spark-2.4.0-bin-hadoop2.7/jars/jackson-databind-2.10.1.jar
7f37ff413000-7f37ff414000 r--s 00003000 08:01 1579235                    /home/raptor/Softwares/spark-2.4.0-bin-hadoop2.7/jars/xmlenc-0.52.jar
7f37ff414000-7f37ff461000 r--s 0041c000 08:01 1579234                    /home/raptor/Softwares/spark-2.4.0-bin-hadoop2.7/jars/scala-reflect-2.11.12.jar
7f37ff461000-7f37ff47c000 r--s 0012b000 08:01 1579205                    /home/raptor/Softwares/spark-2.4.0-bin-hadoop2.7/jars/spark-hive_2.11-2.4.0.jar
7f37ff47c000-7f37ff48e000 r--s 00112000 08:01 1579242                    /home/raptor/Softwares/spark-2.4.0-bin-hadoop2.7/jars/arpack_combined_all-0.1.jar
7f37ff48e000-7f37ff496000 r--s 0005b000 08:01 1579172                    /home/raptor/Softwares/spark-2.4.0-bin-hadoop2.7/jars/univocity-parsers-2.7.3.jar
7f37ff496000-7f37ff498000 r--s 0000e000 08:01 1579034                    /home/raptor/Softwares/spark-2.4.0-bin-hadoop2.7/jars/hadoop-mapreduce-client-jobclient-2.7.3.jar
7f37ff498000-7f37ff4aa000 r--s 00097000 08:01 1579173                    /home/raptor/Softwares/spark-2.4.0-bin-hadoop2.7/jars/apacheds-kerberos-codec-2.0.0-M15.jar
7f37ff4aa000-7f37ff4b0000 r--s 00043000 08:01 1579128                    /home/raptor/Softwares/spark-2.4.0-bin-hadoop2.7/jars/commons-configuration-1.6.jar
7f37ff4b0000-7f37ff4b1000 r--s 00000000 08:01 1579051                    /home/raptor/Softwares/spark-2.4.0-bin-hadoop2.7/jars/javax.inject-1.jar
7f37ff4b1000-7f37ff4b2000 r--s 00009000 08:01 1579122                    /home/raptor/Softwares/spark-2.4.0-bin-hadoop2.7/jars/hadoop-annotations-2.7.3.jar
7f37ff4b2000-7f37ff4b5000 r--s 00022000 08:01 1579143                    /home/raptor/Softwares/spark-2.4.0-bin-hadoop2.7/jars/stringtemplate-3.2.1.jar
7f37ff4b5000-7f37ff571000 r--s 008fb000 08:01 1579159                    /home/raptor/Softwares/spark-2.4.0-bin-hadoop2.7/jars/spark-catalyst_2.11-2.4.0.jar
7f37ff571000-7f37ff573000 r--s 0000b000 08:01 1579187                    /home/raptor/Softwares/spark-2.4.0-bin-hadoop2.7/jars/spark-unsafe_2.11-2.4.0.jar
7f37ff573000-7f37ff574000 r--s 00000000 08:01 1579214                    /home/raptor/Softwares/spark-2.4.0-bin-hadoop2.7/jars/macro-compat_2.11-1.1.1.jar
7f37ff574000-7f37ff57e000 r--s 0007b000 08:01 1579244                    /home/raptor/Softwares/spark-2.4.0-bin-hadoop2.7/jars/hadoop-mapreduce-client-app-2.7.3.jar
7f37ff57e000-7f37ff57f000 r--s 00004000 08:01 1579071                    /home/raptor/Softwares/spark-2.4.0-bin-hadoop2.7/jars/eigenbase-properties-1.1.5.jar
7f37ff57f000-7f37ff581000 r--s 0000e000 08:01 1579202                    /home/raptor/Softwares/spark-2.4.0-bin-hadoop2.7/jars/guice-servlet-3.0.jar
7f37ff581000-7f37ff585000 r--s 0002f000 08:01 1579211                    /home/raptor/Softwares/spark-2.4.0-bin-hadoop2.7/jars/commons-beanutils-core-1.8.0.jar
7f37ff585000-7f37ff589000 r--s 00025000 08:01 1579179                    /home/raptor/Softwares/spark-2.4.0-bin-hadoop2.7/jars/jersey-client-2.22.2.jar
7f37ff589000-7f37ff58d000 r--s 0001a000 08:01 1579083                    /home/raptor/Softwares/spark-2.4.0-bin-hadoop2.7/jars/hk2-utils-2.4.0-b34.jar
7f37ff58d000-7f37ff58f000 r--s 0000d000 08:01 1579093                    /home/raptor/Softwares/spark-2.4.0-bin-hadoop2.7/jars/chill-java-0.9.3.jar
7f37ff58f000-7f37ff590000 r--s 00003000 08:01 1579076                    /home/raptor/Softwares/spark-2.4.0-bin-hadoop2.7/jars/spark-tags_2.11-2.4.0.jar
7f37ff590000-7f37ff593000 r--s 00019000 08:01 1579041                    /home/raptor/Softwares/spark-2.4.0-bin-hadoop2.7/jars/bonecp-0.8.0.RELEASE.jar
7f37ff593000-7f37ff596000 r--s 00015000 08:01 1579253                    /home/raptor/Softwares/spark-2.4.0-bin-hadoop2.7/jars/javax.servlet-api-3.1.0.jar
7f37ff596000-7f37ff598000 r--s 00007000 08:01 1579140                    /home/raptor/Softwares/spark-2.4.0-bin-hadoop2.7/jars/paranamer-2.8.jar
7f37ff598000-7f37ff59a000 r--s 00017000 08:01 1579037                    /home/raptor/Softwares/spark-2.4.0-bin-hadoop2.7/jars/hive-jdbc-1.2.1.spark2.jar
7f37ff59a000-7f37ff5a4000 r--s 0009a000 08:01 1579203                    /home/raptor/Softwares/spark-2.4.0-bin-hadoop2.7/jars/scala-xml_2.11-1.0.5.jar
7f37ff5a4000-7f37ff5a7000 r--s 0000e000 08:01 1579056                    /home/raptor/Softwares/spark-2.4.0-bin-hadoop2.7/jars/jersey-container-servlet-core-2.22.2.jar
7f37ff5a7000-7f37ff5aa000 r--s 0002f000 08:01 1579141                    /home/raptor/Softwares/spark-2.4.0-bin-hadoop2.7/jars/RoaringBitmap-0.5.11.jar
7f37ff5aa000-7f37ff5c2000 r--s 00115000 08:01 1579180                    /home/raptor/Softwares/spark-2.4.0-bin-hadoop2.7/jars/xercesImpl-2.9.1.jar
7f37ff5c2000-7f37ff5c6000 r--s 0002a000 08:01 1579062                    /home/raptor/Softwares/spark-2.4.0-bin-hadoop2.7/jars/avro-mapred-1.8.2-hadoop2.jar
7f37ff5c6000-7f37ff5c8000 r--s 00009000 08:01 1580738                    /home/raptor/Softwares/spark-2.4.0-bin-hadoop2.7/jars/json4s-jackson_2.11-3.2.10.jar
7f37ff5c8000-7f37ff5ce000 r--s 0003c000 08:01 1579125                    /home/raptor/Softwares/spark-2.4.0-bin-hadoop2.7/jars/snakeyaml-1.15.jar
7f37ff5ce000-7f37ff5cf000 r--s 00009000 08:01 1579223                    /home/raptor/Softwares/spark-2.4.0-bin-hadoop2.7/jars/hive-cli-1.2.1.spark2.jar
7f37ff5cf000-7f37ff5d3000 r--s 0003e000 08:01 1579191                    /home/raptor/Softwares/spark-2.4.0-bin-hadoop2.7/jars/jline-2.14.6.jar
7f37ff5d3000-7f37ff5d8000 r--s 00051000 08:01 1580739                    /home/raptor/Softwares/spark-2.4.0-bin-hadoop2.7/jars/jackson-core-2.10.1.jar
7f37ff5d8000-7f37ff5f9000 r--s 00177000 08:01 1579042                    /home/raptor/Softwares/spark-2.4.0-bin-hadoop2.7/jars/hppc-0.7.2.jar
7f37ff5f9000-7f37ff5fe000 r--s 0002a000 08:01 1579073                    /home/raptor/Softwares/spark-2.4.0-bin-hadoop2.7/jars/commons-beanutils-1.7.0.jar
7f37ff5fe000-7f37ff602000 r--s 00019000 08:01 1579132                    /home/raptor/Softwares/spark-2.4.0-bin-hadoop2.7/jars/javax.ws.rs-api-2.0.1.jar
7f37ff602000-7f37ff60a000 r--s 0005d000 08:01 1579130                    /home/raptor/Softwares/spark-2.4.0-bin-hadoop2.7/jars/kryo-shaded-4.0.2.jar
7f37ff60a000-7f37ff60c000 r--s 0001c000 08:01 1579229                    /home/raptor/Softwares/spark-2.4.0-bin-hadoop2.7/jars/py4j-0.10.7.jar
7f37ff60c000-7f37ff63b000 r--s 002e5000 08:01 1579217                    /home/raptor/Softwares/spark-2.4.0-bin-hadoop2.7/jars/derby-10.12.1.1.jar
7f37ff63b000-7f37ff63c000 r--s 00003000 08:01 1579184                    /home/raptor/Softwares/spark-2.4.0-bin-hadoop2.7/jars/jta-1.1.jar
7f37ff63c000-7f37ff63e000 r--s 00006000 08:01 1579208                    /home/raptor/Softwares/spark-2.4.0-bin-hadoop2.7/jars/spark-sketch_2.11-2.4.0.jar
7f37ff63e000-7f37ff643000 r--s 0003e000 08:01 1579048                    /home/raptor/Softwares/spark-2.4.0-bin-hadoop2.7/jars/commons-net-3.1.jar
7f37ff643000-7f37ff64a000 r--s 00053000 08:01 1579213                    /home/raptor/Softwares/spark-2.4.0-bin-hadoop2.7/jars/commons-compress-1.8.1.jar
7f37ff64a000-7f37ff657000 r--s 000af000 08:01 1579164                    /home/raptor/Softwares/spark-2.4.0-bin-hadoop2.7/jars/httpclient-4.5.6.jar
7f37ff657000-7f37ff663000 r--s 00077000 08:01 1579064                    /home/raptor/Softwares/spark-2.4.0-bin-hadoop2.7/jars/spark-kubernetes_2.11-2.4.0.jar
7f37ff663000-7f37ff697000 r--s 00277000 08:01 1579101                    /home/raptor/Softwares/spark-2.4.0-bin-hadoop2.7/jars/parquet-hadoop-bundle-1.6.0.jar
7f37ff697000-7f37ff6ad000 r--s 001a4000 08:01 1579186                    /home/raptor/Softwares/spark-2.4.0-bin-hadoop2.7/jars/datanucleus-rdbms-3.2.9.jar
7f37ff6ad000-7f37ff6b9000 r--s 00068000 08:01 1579080                    /home/raptor/Softwares/spark-2.4.0-bin-hadoop2.7/jars/scala-parser-combinators_2.11-1.1.0.jar
7f37ff6b9000-7f37ff75f000 r--s 0060b000 08:01 1579075                    /home/raptor/Softwares/spark-2.4.0-bin-hadoop2.7/jars/kubernetes-model-2.0.0.jar
7f37ff75f000-7f37ff761000 r--s 00009000 08:01 1579126                    /home/raptor/Softwares/spark-2.4.0-bin-hadoop2.7/jars/commons-cli-1.2.jar
7f37ff761000-7f37ff762000 r--s 00004000 08:01 1579185                    /home/raptor/Softwares/spark-2.4.0-bin-hadoop2.7/jars/osgi-resource-locator-1.0.1.jar
7f37ff762000-7f37ff83a000 r--s 00d92000 08:01 1579100                    /home/raptor/Softwares/spark-2.4.0-bin-hadoop2.7/jars/breeze_2.11-0.13.2.jar
7f37ff83a000-7f37ff842000 r--s 0003b000 08:01 1579147                    /home/raptor/Softwares/spark-2.4.0-bin-hadoop2.7/jars/curator-recipes-2.7.1.jar
7f37ff842000-7f37ff883000 r--s 0035a000 08:01 1579160                    /home/raptor/Softwares/spark-2.4.0-bin-hadoop2.7/jars/netty-all-4.1.17.Final.jar
7f37ff883000-7f37ff88b000 r--s 0006e000 08:01 1579031                    /home/raptor/Softwares/spark-2.4.0-bin-hadoop2.7/jars/commons-lang3-3.5.jar
7f37ff88b000-7f37ff8ee000 r--s 004de000 08:01 1579194                    /home/raptor/Softwares/spark-2.4.0-bin-hadoop2.7/jars/hive-metastore-1.2.1.spark2.jar
7f37ff8ee000-7f37ff912000 r--s 001cd000 08:01 1579163                    /home/raptor/Softwares/spark-2.4.0-bin-hadoop2.7/jars/commons-math3-3.4.1.jar
7f37ff912000-7f37ff929000 r--s 00183000 08:01 1579033                    /home/raptor/Softwares/spark-2.4.0-bin-hadoop2.7/jars/hadoop-yarn-common-2.7.3.jar
7f37ff929000-7f37ff92a000 r--s 00003000 08:01 1579104                    /home/raptor/Softwares/spark-2.4.0-bin-hadoop2.7/jars/metrics-json-3.1.5.jar
7f37ff92a000-7f37ffa37000 r--s 00dd7000 08:01 1579058                    /home/raptor/Softwares/spark-2.4.0-bin-hadoop2.7/jars/scala-compiler-2.11.12.jar
7f37ffa37000-7f37ffa38000 r--s 00006000 08:01 1579193                    /home/raptor/Softwares/spark-2.4.0-bin-hadoop2.7/jars/hadoop-client-2.7.3.jar
7f37ffa38000-7f37ffa46000 r--s 000b1000 08:01 1580745                    /home/raptor/Softwares/spark-2.4.0-bin-hadoop2.7/jars/jackson-mapper-asl-1.9.13.jar
7f37ffa46000-7f37ffab1000 r--s 00784000 08:01 1579254                    /home/raptor/Softwares/spark-2.4.0-bin-hadoop2.7/jars/hadoop-hdfs-2.7.3.jar
7f37ffab1000-7f37ffab2000 r--s 00003000 08:01 1579250                    /home/raptor/Softwares/spark-2.4.0-bin-hadoop2.7/jars/generex-1.0.1.jar
7f37ffab2000-7f37ffab4000 r--s 00002000 08:01 1579105                    /home/raptor/Softwares/spark-2.4.0-bin-hadoop2.7/jars/aopalliance-repackaged-2.4.0-b34.jar
7f37ffab4000-7f37ffab5000 r--s 00004000 08:01 1580744                    /home/raptor/Softwares/spark-2.4.0-bin-hadoop2.7/jars/jackson-jaxrs-1.9.13.jar
7f37ffab5000-7f37ffabf000 r--s 0005c000 08:01 1579174                    /home/raptor/Softwares/spark-2.4.0-bin-hadoop2.7/jars/kubernetes-client-3.0.0.jar
7f37ffabf000-7f37ffb52000 r--s 00715000 08:01 1579151                    /home/raptor/Softwares/spark-2.4.0-bin-hadoop2.7/jars/spark-mllib_2.11-2.4.0.jar
7f37ffb52000-7f37ffb5f000 r--s 00068000 08:01 1580735                    /home/raptor/Softwares/spark-2.4.0-bin-hadoop2.7/jars/jackson-module-scala_2.11-2.10.1.jar
7f37ffb5f000-7f37ffb61000 r--s 00004000 08:01 1579110                    /home/raptor/Softwares/spark-2.4.0-bin-hadoop2.7/jars/metrics-graphite-3.1.5.jar
7f37ffb61000-7f37ffb63000 r--s 00012000 08:01 1579198                    /home/raptor/Softwares/spark-2.4.0-bin-hadoop2.7/jars/api-util-1.0.0-M20.jar
7f37ffb63000-7f37ffb6b000 r--s 00066000 08:01 1579145                    /home/raptor/Softwares/spark-2.4.0-bin-hadoop2.7/jars/apache-log4j-extras-1.2.17.jar
7f37ffb6b000-7f37ffb9b000 r--s 001e3000 08:01 1579097                    /home/raptor/Softwares/spark-2.4.0-bin-hadoop2.7/jars/spark-streaming_2.11-2.4.0.jar
7f37ffb9b000-7f37ffba6000 r--s 000bc000 08:01 1579178                    /home/raptor/Softwares/spark-2.4.0-bin-hadoop2.7/jars/orc-mapreduce-1.5.2-nohive.jar
7f37ffba6000-7f37ffbb5000 r--s 0009f000 08:01 1579045                    /home/raptor/Softwares/spark-2.4.0-bin-hadoop2.7/jars/guice-3.0.jar
7f37ffbb5000-7f37ffbbf000 r--s 00083000 08:01 1580736                    /home/raptor/Softwares/spark-2.4.0-bin-hadoop2.7/jars/json4s-core_2.11-3.2.10.jar
7f37ffbbf000-7f37ffbe0000 r--s 0015c000 08:01 1579137                    /home/raptor/Softwares/spark-2.4.0-bin-hadoop2.7/jars/avro-1.8.2.jar
7f37ffbe0000-7f37ffbe2000 r--s 001eb000 08:01 1579081                    /home/raptor/Softwares/spark-2.4.0-bin-hadoop2.7/jars/snappy-java-1.1.7.1.jar
7f37ffbe2000-7f37ffbef000 r--s 000a0000 08:01 1579059                    /home/raptor/Softwares/spark-2.4.0-bin-hadoop2.7/jars/spark-graphx_2.11-2.4.0.jar
7f37ffbef000-7f37ffc1d000 r--s 0021a000 08:01 1579210                    /home/raptor/Softwares/spark-2.4.0-bin-hadoop2.7/jars/spark-network-common_2.11-2.4.0.jar
7f37ffc1d000-7f37ffc21000 r--s 0001a000 08:01 1579224                    /home/raptor/Softwares/spark-2.4.0-bin-hadoop2.7/jars/metrics-core-3.1.5.jar
7f37ffc21000-7f37ffc23000 r--s 00012000 08:01 1579082                    /home/raptor/Softwares/spark-2.4.0-bin-hadoop2.7/jars/arrow-memory-0.10.0.jar
7f37ffc23000-7f37ffc27000 r--s 00025000 08:01 1579108                    /home/raptor/Softwares/spark-2.4.0-bin-hadoop2.7/jars/antlr-runtime-3.4.jar
7f37ffc27000-7f37ffc29000 r--s 00003000 08:01 1579107                    /home/raptor/Softwares/spark-2.4.0-bin-hadoop2.7/jars/jcl-over-slf4j-1.7.16.jar
7f37ffc29000-7f37ffc2b000 r--s 00003000 08:01 1579036                    /home/raptor/Softwares/spark-2.4.0-bin-hadoop2.7/jars/jersey-container-servlet-2.22.2.jar
7f37ffc2b000-7f37ffc2c000 r--s 00001000 08:01 1579219                    /home/raptor/Softwares/spark-2.4.0-bin-hadoop2.7/jars/minlog-1.3.0.jar
7f37ffc2c000-7f37ffc2d000 r--s 00004000 08:01 1579095                    /home/raptor/Softwares/spark-2.4.0-bin-hadoop2.7/jars/opencsv-2.3.jar
7f37ffc2d000-7f37ffc30000 r--s 00026000 08:01 1579118                    /home/raptor/Softwares/spark-2.4.0-bin-hadoop2.7/jars/hadoop-yarn-client-2.7.3.jar
7f37ffc30000-7f37ffc33000 r--s 00014000 08:01 1579046                    /home/raptor/Softwares/spark-2.4.0-bin-hadoop2.7/jars/super-csv-2.2.0.jar
7f37ffc33000-7f37ffc39000 r--s 0002c000 08:01 1579078                    /home/raptor/Softwares/spark-2.4.0-bin-hadoop2.7/jars/jdo-api-3.0.1.jar
7f37ffc39000-7f37ffc40000 r--s 00046000 08:01 1579177                    /home/raptor/Softwares/spark-2.4.0-bin-hadoop2.7/jars/libfb303-0.9.3.jar
7f37ffc40000-7f37ffc45000 r--s 00041000 08:01 1579119                    /home/raptor/Softwares/spark-2.4.0-bin-hadoop2.7/jars/commons-lang-2.6.jar
7f37ffc45000-7f37ffc4e000 r--s 0006f000 08:01 1579088                    /home/raptor/Softwares/spark-2.4.0-bin-hadoop2.7/jars/log4j-1.2.17.jar
7f37ffc4e000-7f37ffc53000 r--s 00041000 08:01 1579146                    /home/raptor/Softwares/spark-2.4.0-bin-hadoop2.7/jars/xbean-asm6-shaded-4.8.jar
7f37ffc53000-7f37ffc89000 r--s 0031c000 08:01 1579153                    /home/raptor/Softwares/spark-2.4.0-bin-hadoop2.7/jars/hadoop-common-2.7.3.jar
7f37ffc89000-7f37ffca1000 r--s 001b6000 08:01 1579114                    /home/raptor/Softwares/spark-2.4.0-bin-hadoop2.7/jars/datanucleus-core-3.2.10.jar
7f37ffca1000-7f37ffcad000 r--s 000b6000 08:01 1579131                    /home/raptor/Softwares/spark-2.4.0-bin-hadoop2.7/jars/zookeeper-3.4.6.jar
7f37ffcad000-7f37ffcb0000 r--s 0000b000 08:01 1579227                    /home/raptor/Softwares/spark-2.4.0-bin-hadoop2.7/jars/objenesis-2.5.1.jar
7f37ffcb0000-7f37ffcb4000 r--s 00029000 08:01 1579222                    /home/raptor/Softwares/spark-2.4.0-bin-hadoop2.7/jars/spark-mllib-local_2.11-2.4.0.jar
7f37ffcb4000-7f37ffcb7000 r--s 00058000 08:01 1579096                    /home/raptor/Softwares/spark-2.4.0-bin-hadoop2.7/jars/lz4-java-1.4.0.jar
7f37ffcb7000-7f37ffcba000 r--s 00017000 08:01 1579113                    /home/raptor/Softwares/spark-2.4.0-bin-hadoop2.7/jars/jaxb-api-2.2.2.jar
7f37ffcba000-7f37ffcbc000 r--s 00008000 08:01 1579161                    /home/raptor/Softwares/spark-2.4.0-bin-hadoop2.7/jars/commons-compiler-3.0.9.jar
7f37ffcbc000-7f37ffcbe000 r--s 00014000 08:01 1579189                    /home/raptor/Softwares/spark-2.4.0-bin-hadoop2.7/jars/spire-macros_2.11-0.13.0.jar
7f37ffcbe000-7f37ffcc4000 r--s 00040000 08:01 1579162                    /home/raptor/Softwares/spark-2.4.0-bin-hadoop2.7/jars/parquet-hadoop-1.10.0.jar
7f37ffcc4000-7f37ffcc5000 r--s 00002000 08:01 1579129                    /home/raptor/Softwares/spark-2.4.0-bin-hadoop2.7/jars/jpam-1.1.jar
7f37ffcc5000-7f37ffcc7000 r--s 00027000 08:01 1579167                    /home/raptor/Softwares/spark-2.4.0-bin-hadoop2.7/jars/core-1.1.2.jar
7f37ffcc7000-7f37ffccc000 r--s 00027000 08:01 1579226                    /home/raptor/Softwares/spark-2.4.0-bin-hadoop2.7/jars/automaton-1.11-8.jar
7f37ffccc000-7f37ffcce000 r--s 00001000 08:01 1579094                    /home/raptor/Softwares/spark-2.4.0-bin-hadoop2.7/jars/logging-interceptor-3.8.1.jar
7f37ffcce000-7f37ffcd9000 r--s 000b0000 08:01 1579123                    /home/raptor/Softwares/spark-2.4.0-bin-hadoop2.7/jars/jtransforms-2.4.0.jar
7f37ffcd9000-7f37ffcda000 r--s 00002000 08:01 1579248                    /home/raptor/Softwares/spark-2.4.0-bin-hadoop2.7/jars/flatbuffers-1.2.0-3f79e055.jar
7f37ffcda000-7f37ffce5000 r--s 00062000 08:01 1579190                    /home/raptor/Softwares/spark-2.4.0-bin-hadoop2.7/jars/calcite-linq4j-1.2.0-incubating.jar
7f37ffce5000-7f37ffce9000 r--s 00029000 08:01 1579091                    /home/raptor/Softwares/spark-2.4.0-bin-hadoop2.7/jars/hk2-locator-2.4.0-b34.jar
7f37ffce9000-7f37ffcec000 r--s 0000f000 08:01 1579054                    /home/raptor/Softwares/spark-2.4.0-bin-hadoop2.7/jars/spark-network-shuffle_2.11-2.4.0.jar
7f37ffcec000-7f37ffcee000 r--s 00005000 08:01 1579243                    /home/raptor/Softwares/spark-2.4.0-bin-hadoop2.7/jars/stax-api-1.0.1.jar
7f37ffcee000-7f37ffcf5000 r--s 0003f000 08:01 1579168                    /home/raptor/Softwares/spark-2.4.0-bin-hadoop2.7/jars/commons-codec-1.10.jar
7f37ffcf5000-7f37ffcf8000 r--s 000fd000 08:01 1579067                    /home/raptor/Softwares/spark-2.4.0-bin-hadoop2.7/jars/leveldbjni-all-1.8.jar
7f37ffcf8000-7f37ffd39000 r--s 006c0000 08:01 1579155                    /home/raptor/Softwares/spark-2.4.0-bin-hadoop2.7/jars/mesos-1.4.0-shaded-protobuf.jar
7f37ffd39000-7f37ffd3a000 r--s 00001000 08:01 1579103                    /home/raptor/Softwares/spark-2.4.0-bin-hadoop2.7/jars/javax.inject-2.4.0-b34.jar
7f37ffd3a000-7f37ffd3d000 r--s 00012000 08:01 1580737                    /home/raptor/Softwares/spark-2.4.0-bin-hadoop2.7/jars/json4s-ast_2.11-3.2.10.jar
7f37ffd3d000-7f37ffd3f000 r--s 00009000 08:01 1580748                    /home/raptor/Softwares/spark-2.4.0-bin-hadoop2.7/jars/jackson-module-paranamer-2.7.9.jar
7f37ffd3f000-7f37ffd41000 r--s 00000000 08:01 1579087                    /home/raptor/Softwares/spark-2.4.0-bin-hadoop2.7/jars/aopalliance-1.0.jar
7f37ffd41000-7f37ffd42000 r--s 00006000 08:01 1579055                    /home/raptor/Softwares/spark-2.4.0-bin-hadoop2.7/jars/orc-shims-1.5.2.jar
7f37ffd42000-7f37ffd5f000 r--s 001d5000 08:01 1579138                    /home/raptor/Softwares/spark-2.4.0-bin-hadoop2.7/jars/hadoop-yarn-api-2.7.3.jar
7f37ffd5f000-7f37ffd66000 r--s 00039000 08:01 1579249                    /home/raptor/Softwares/spark-2.4.0-bin-hadoop2.7/jars/calcite-avatica-1.2.0-incubating.jar
7f37ffd66000-7f37ffd88000 r--s 0019a000 08:01 1579102                    /home/raptor/Softwares/spark-2.4.0-bin-hadoop2.7/jars/spark-hive-thriftserver_2.11-2.4.0.jar
7f37ffd88000-7f37ffdce000 r--s 00317000 08:01 1579218                    /home/raptor/Softwares/spark-2.4.0-bin-hadoop2.7/jars/shapeless_2.11-2.3.2.jar
7f37ffdce000-7f37ffdd4000 r--s 0004c000 08:01 1579063                    /home/raptor/Softwares/spark-2.4.0-bin-hadoop2.7/jars/antlr4-runtime-4.7.jar
7f37ffdd4000-7f37ffdda000 r--s 0005c000 08:01 1579066                    /home/raptor/Softwares/spark-2.4.0-bin-hadoop2.7/jars/okhttp-3.8.1.jar
7f37ffdda000-7f37ffddf000 r--s 00035000 08:01 1579150                    /home/raptor/Softwares/spark-2.4.0-bin-hadoop2.7/jars/chill_2.11-0.9.3.jar
7f37ffddf000-7f37ffde2000 r--s 00016000 08:01 1579047                    /home/raptor/Softwares/spark-2.4.0-bin-hadoop2.7/jars/jsp-api-2.1.jar
7f37ffde2000-7f37ffde5000 r--s 00015000 08:01 1579040                    /home/raptor/Softwares/spark-2.4.0-bin-hadoop2.7/jars/pyrolite-4.13.jar
7f37ffde5000-7f37ffde7000 r--s 00238000 08:01 1579170                    /home/raptor/Softwares/spark-2.4.0-bin-hadoop2.7/jars/zstd-jni-1.3.2-2.jar
7f37ffde7000-7f37ffde9000 r--s 00010000 08:01 1579052                    /home/raptor/Softwares/spark-2.4.0-bin-hadoop2.7/jars/hadoop-mapreduce-client-shuffle-2.7.3.jar
7f37ffde9000-7f37ffdeb000 r--s 00020000 08:01 1579209                    /home/raptor/Softwares/spark-2.4.0-bin-hadoop2.7/jars/hive-beeline-1.2.1.spark2.jar
7f37ffdeb000-7f37ffdee000 r--s 00028000 08:01 1579212                    /home/raptor/Softwares/spark-2.4.0-bin-hadoop2.7/jars/stream-2.7.0.jar
7f37ffdee000-7f37ffdf0000 r--s 0000b000 08:01 1579032                    /home/raptor/Softwares/spark-2.4.0-bin-hadoop2.7/jars/arrow-format-0.10.0.jar
7f37ffdf0000-7f37ffdf2000 r--s 00010000 08:01 1579061                    /home/raptor/Softwares/spark-2.4.0-bin-hadoop2.7/jars/jersey-media-jaxb-2.22.2.jar
7f37ffdf2000-7f37ffdf8000 r--s 00034000 08:01 1579092                    /home/raptor/Softwares/spark-2.4.0-bin-hadoop2.7/jars/libthrift-0.9.3.jar
7f37ffdf8000-7f37ffdfd000 r--s 0002a000 08:01 1579169                    /home/raptor/Softwares/spark-2.4.0-bin-hadoop2.7/jars/gson-2.2.4.jar
7f37ffdfd000-7f37ffdff000 r--s 0000e000 08:01 1579148                    /home/raptor/Softwares/spark-2.4.0-bin-hadoop2.7/jars/oro-2.0.8.jar
7f37ffdff000-7f37ffe05000 r--s 00028000 08:01 1579038                    /home/raptor/Softwares/spark-2.4.0-bin-hadoop2.7/jars/curator-framework-2.7.1.jar
7f37ffe05000-7f37ffe1e000 r--s 00164000 08:01 1579134                    /home/raptor/Softwares/spark-2.4.0-bin-hadoop2.7/jars/hadoop-mapreduce-client-core-2.7.3.jar
7f37ffe1e000-7f37ffe21000 r--s 0000e000 08:01 1580740                    /home/raptor/Softwares/spark-2.4.0-bin-hadoop2.7/jars/jackson-annotations-2.10.1.jar
7f37ffe21000-7f37ffe3a000 r--s 000f4000 08:01 1579039                    /home/raptor/Softwares/spark-2.4.0-bin-hadoop2.7/jars/parquet-column-1.10.0.jar
7f37ffe3a000-7f37ffe3f000 r--s 00027000 08:01 1579245                    /home/raptor/Softwares/spark-2.4.0-bin-hadoop2.7/jars/hk2-api-2.4.0-b34.jar
7f37ffe3f000-7f37ffe45000 r--s 00045000 08:01 1579199                    /home/raptor/Softwares/spark-2.4.0-bin-hadoop2.7/jars/commons-httpclient-3.1.jar
7f37ffe45000-7f37ffe59000 r--s 0016d000 08:01 1579200                    /home/raptor/Softwares/spark-2.4.0-bin-hadoop2.7/jars/orc-core-1.5.2-nohive.jar
7f37ffe59000-7f37ffe90000 r--s 00325000 08:01 1579099                    /home/raptor/Softwares/spark-2.4.0-bin-hadoop2.7/jars/calcite-core-1.2.0-incubating.jar
7f37ffe90000-7f37fff39000 r--s 00a4f000 08:01 1579152                    /home/raptor/Softwares/spark-2.4.0-bin-hadoop2.7/jars/hive-exec-1.2.1.spark2.jar
7f37fff39000-7f3800000000 r--s 008a5000 08:01 1579221                    /home/raptor/Softwares/spark-2.4.0-bin-hadoop2.7/jars/spark-sql_2.11-2.4.0.jar
7f3800000000-7f3800021000 rw-p 00000000 00:00 0 
7f3800021000-7f3804000000 ---p 00000000 00:00 0 
7f3804000000-7f3804002000 r--s 00001000 08:01 1579068                    /home/raptor/Softwares/spark-2.4.0-bin-hadoop2.7/jars/spark-tags_2.11-2.4.0-tests.jar
7f3804002000-7f3804013000 r--s 00096000 08:01 1579106                    /home/raptor/Softwares/spark-2.4.0-bin-hadoop2.7/jars/spark-mesos_2.11-2.4.0.jar
7f3804013000-7f3804015000 r--s 00015000 08:01 1579255                    /home/raptor/Softwares/spark-2.4.0-bin-hadoop2.7/jars/hadoop-auth-2.7.3.jar
7f3804015000-7f3804022000 r--s 000b1000 08:01 1579204                    /home/raptor/Softwares/spark-2.4.0-bin-hadoop2.7/jars/hadoop-mapreduce-client-common-2.7.3.jar
7f3804022000-7f3804026000 r--s 00014000 08:01 1579175                    /home/raptor/Softwares/spark-2.4.0-bin-hadoop2.7/jars/parquet-common-1.10.0.jar
7f3804026000-7f380402a000 r--s 00035000 08:01 1580743                    /home/raptor/Softwares/spark-2.4.0-bin-hadoop2.7/jars/jackson-core-asl-1.9.13.jar
7f380402a000-7f380402b000 r--s 00006000 08:01 1580746                    /home/raptor/Softwares/spark-2.4.0-bin-hadoop2.7/jars/jackson-xc-1.9.13.jar
7f380402b000-7f3804030000 r--s 0004e000 08:01 1579120                    /home/raptor/Softwares/spark-2.4.0-bin-hadoop2.7/jars/datanucleus-api-jdo-3.2.6.jar
7f3804030000-7f3804037000 r--s 00058000 08:01 1579176                    /home/raptor/Softwares/spark-2.4.0-bin-hadoop2.7/jars/hadoop-yarn-server-common-2.7.3.jar
7f3804037000-7f3804060000 r--s 001ee000 08:01 1579112                    /home/raptor/Softwares/spark-2.4.0-bin-hadoop2.7/jars/guava-14.0.1.jar
7f3804060000-7f3804062000 r--s 00004000 08:01 1579166                    /home/raptor/Softwares/spark-2.4.0-bin-hadoop2.7/jars/stax-api-1.0-2.jar
7f3804062000-7f3804067000 r--s 00068000 08:01 1579116                    /home/raptor/Softwares/spark-2.4.0-bin-hadoop2.7/jars/antlr-2.7.7.jar
7f3804067000-7f3804076000 r--s 00095000 08:01 1579236                    /home/raptor/Softwares/spark-2.4.0-bin-hadoop2.7/jars/spark-yarn_2.11-2.4.0.jar
7f3804076000-7f3804086000 r--s 00133000 08:01 1579247                    /home/raptor/Softwares/spark-2.4.0-bin-hadoop2.7/jars/arrow-vector-0.10.0.jar
7f3804086000-7f3804091000 r--s 000b9000 08:01 1579142                    /home/raptor/Softwares/spark-2.4.0-bin-hadoop2.7/jars/janino-3.0.9.jar
7f3804091000-7f3804093000 r--s 00000000 08:01 1579165                    /home/raptor/Softwares/spark-2.4.0-bin-hadoop2.7/jars/jul-to-slf4j-1.7.16.jar
7f3804093000-7f3804097000 r--s 00036000 08:01 1579070                    /home/raptor/Softwares/spark-2.4.0-bin-hadoop2.7/jars/ST4-4.0.4.jar
7f3804097000-7f3804102000 r--s 0093d000 08:01 1579196                    /home/raptor/Softwares/spark-2.4.0-bin-hadoop2.7/jars/spire_2.11-0.13.0.jar
7f3804102000-7f3804113000 r--s 00089000 08:01 1579085                    /home/raptor/Softwares/spark-2.4.0-bin-hadoop2.7/jars/joda-time-2.9.3.jar
7f3804113000-7f3804116000 r--s 0001e000 08:01 1579201                    /home/raptor/Softwares/spark-2.4.0-bin-hadoop2.7/jars/aircompressor-0.10.jar
7f3804116000-7f380411a000 r--s 0002a000 08:01 1579216                    /home/raptor/Softwares/spark-2.4.0-bin-hadoop2.7/jars/breeze-macros_2.11-0.13.2.jar
7f380411a000-7f380411c000 r--s 0001f000 08:01 1579086                    /home/raptor/Softwares/spark-2.4.0-bin-hadoop2.7/jars/commons-crypto-1.0.0.jar
7f380411c000-7f380412a000 r--s 000a3000 08:01 1579127                    /home/raptor/Softwares/spark-2.4.0-bin-hadoop2.7/jars/parquet-format-2.4.0.jar
7f380412a000-7f3804138000 r--s 0009d000 08:01 1579117                    /home/raptor/Softwares/spark-2.4.0-bin-hadoop2.7/jars/jersey-common-2.22.2.jar
7f3804138000-7f380413f000 r--s 00049000 08:01 1579109                    /home/raptor/Softwares/spark-2.4.0-bin-hadoop2.7/jars/httpcore-4.4.10.jar
7f380413f000-7f3804140000 r--s 0000a000 08:01 1579144                    /home/raptor/Softwares/spark-2.4.0-bin-hadoop2.7/jars/apacheds-i18n-2.0.0-M15.jar
7f3804140000-7f3804142000 r--s 00011000 08:01 1579192                    /home/raptor/Softwares/spark-2.4.0-bin-hadoop2.7/jars/spark-launcher_2.11-2.4.0.jar
7f3804142000-7f3804144000 r--s 0000f000 08:01 1579060                    /home/raptor/Softwares/spark-2.4.0-bin-hadoop2.7/jars/curator-client-2.7.1.jar
7f3804144000-7f380414c000 r--s 00059000 08:01 1579171                    /home/raptor/Softwares/spark-2.4.0-bin-hadoop2.7/jars/javolution-5.5.1.jar
7f380414c000-7f380414f000 r--s 00025000 08:01 1579154                    /home/raptor/Softwares/spark-2.4.0-bin-hadoop2.7/jars/commons-dbcp-1.4.jar
7f380414f000-7f3804151000 r--s 0000f000 08:01 1579215                    /home/raptor/Softwares/spark-2.4.0-bin-hadoop2.7/jars/activation-1.1.1.jar
7f3804151000-7f3804153000 r--s 00007000 08:01 1580726                    /home/raptor/Softwares/spark-2.4.0-bin-hadoop2.7/jars/jackson-module-jaxb-annotations-2.10.1.jar
7f3804153000-7f3804155000 r--s 00003000 08:01 1579139                    /home/raptor/Softwares/spark-2.4.0-bin-hadoop2.7/jars/api-asn1-api-1.0.0-M20.jar
7f3804155000-7f3804157000 r--s 00007000 08:01 1579057                    /home/raptor/Softwares/spark-2.4.0-bin-hadoop2.7/jars/zjsonpatch-0.3.0.jar
7f3804157000-7f380415b000 r--s 0001e000 08:01 1579084                    /home/raptor/Softwares/spark-2.4.0-bin-hadoop2.7/jars/spark-repl_2.11-2.4.0.jar
7f380415b000-7f3804163000 r--s 0007b000 08:01 1579206                    /home/raptor/Softwares/spark-2.4.0-bin-hadoop2.7/jars/protobuf-java-2.5.0.jar
7f3804163000-7f3804165000 r--s 0000a000 08:01 1580742                    /home/raptor/Softwares/spark-2.4.0-bin-hadoop2.7/jars/jackson-dataformat-yaml-2.10.1.jar
7f3804165000-7f3804167000 r--s 0000d000 08:01 1579195                    /home/raptor/Softwares/spark-2.4.0-bin-hadoop2.7/jars/hadoop-yarn-server-web-proxy-2.7.3.jar
7f3804167000-7f3804174000 r--s 00083000 08:01 1579181                    /home/raptor/Softwares/spark-2.4.0-bin-hadoop2.7/jars/commons-collections-3.2.2.jar
7f3804174000-7f380418d000 r--s 0012c000 08:01 1579111                    /home/raptor/Softwares/spark-2.4.0-bin-hadoop2.7/jars/netty-3.9.9.Final.jar
7f380418d000-7f3804191000 r--s 0002a000 08:01 1579232                    /home/raptor/Softwares/spark-2.4.0-bin-hadoop2.7/jars/commons-io-2.4.jar
7f3804191000-7f38041a5000 r--s 000ec000 08:01 1579207                    /home/raptor/Softwares/spark-2.4.0-bin-hadoop2.7/jars/parquet-jackson-1.10.0.jar
7f38041a5000-7f38041fe000 r--s 00523000 08:01 1579239                    /home/raptor/Softwares/spark-2.4.0-bin-hadoop2.7/jars/scala-library-2.11.12.jar
7f38041fe000-7f3804221000 rw-p 00000000 00:00 0 
7f3804221000-7f3804315000 r--s 00be3000 08:01 1579156                    /home/raptor/Softwares/spark-2.4.0-bin-hadoop2.7/jars/spark-core_2.11-2.4.0.jar
7f3804315000-7f380432e000 r--s 00150000 08:01 1579183                    /home/raptor/Softwares/spark-2.4.0-bin-hadoop2.7/jars/htrace-core-3.1.0-incubating.jar
7f380432e000-7f3804344000 r--s 000d3000 08:01 1579079                    /home/raptor/Softwares/spark-2.4.0-bin-hadoop2.7/jars/jersey-server-2.22.2.jar
7f3804344000-7f3804345000 ---p 00000000 00:00 0 
7f3804345000-7f3804445000 rw-p 00000000 00:00 0 
7f3804445000-7f3804448000 ---p 00000000 00:00 0 
7f3804448000-7f3804546000 rw-p 00000000 00:00 0 
7f3804546000-7f3804547000 ---p 00000000 00:00 0 
7f3804547000-7f380454a000 ---p 00000000 00:00 0 
7f380454a000-7f3804647000 rw-p 00000000 00:00 0 
7f3804647000-7f3804648000 ---p 00000000 00:00 0 
7f3804648000-7f380464b000 ---p 00000000 00:00 0 
7f380464b000-7f3804748000 rw-p 00000000 00:00 0 
7f3804748000-7f3804749000 ---p 00000000 00:00 0 
7f3804749000-7f380474c000 ---p 00000000 00:00 0 
7f380474c000-7f3804849000 rw-p 00000000 00:00 0 
7f3804849000-7f380484c000 ---p 00000000 00:00 0 
7f380484c000-7f380494a000 rw-p 00000000 00:00 0 
7f380494a000-7f3805319000 r--p 00000000 08:01 2628292                    /usr/lib/locale/locale-archive
7f3805319000-7f380531c000 ---p 00000000 00:00 0 
7f380531c000-7f380541a000 rw-p 00000000 00:00 0 
7f380541a000-7f380541d000 ---p 00000000 00:00 0 
7f380541d000-7f380551b000 rw-p 00000000 00:00 0 
7f380551b000-7f380551c000 ---p 00000000 00:00 0 
7f380551c000-7f3806c26000 rw-p 00000000 00:00 0 
7f3806c26000-7f3806e00000 r--s 03d88000 08:01 1708759                    /home/raptor/Softwares/jdk1.8.0_221/jre/lib/rt.jar
7f3806e00000-7f3809000000 rw-p 00000000 00:00 0 
7f3809000000-7f380a330000 rwxp 00000000 00:00 0 
7f380a330000-7f3818000000 ---p 00000000 00:00 0 
7f3818000000-7f381aa55000 rw-p 00000000 00:00 0 
7f381aa55000-7f381c000000 ---p 00000000 00:00 0 
7f381c000000-7f381c002000 r--s 00005000 08:01 1579149                    /home/raptor/Softwares/spark-2.4.0-bin-hadoop2.7/jars/javax.annotation-api-1.2.jar
7f381c002000-7f381c005000 r--s 00015000 08:01 1579089                    /home/raptor/Softwares/spark-2.4.0-bin-hadoop2.7/jars/commons-pool-1.5.4.jar
7f381c005000-7f381c010000 r--s 000c5000 08:01 1579252                    /home/raptor/Softwares/spark-2.4.0-bin-hadoop2.7/jars/parquet-encoding-1.10.0.jar
7f381c010000-7f381c086000 rw-p 00000000 00:00 0 
7f381c086000-7f381c087000 ---p 00000000 00:00 0 
7f381c087000-7f381c187000 rw-p 00000000 00:00 0 
7f381c187000-7f381c188000 ---p 00000000 00:00 0 
7f381c188000-7f381c288000 rw-p 00000000 00:00 0 
7f381c288000-7f381c289000 ---p 00000000 00:00 0 
7f381c289000-7f381c389000 rw-p 00000000 00:00 0 
7f381c389000-7f381c38a000 ---p 00000000 00:00 0 
7f381c38a000-7f381c48a000 rw-p 00000000 00:00 0 
7f381c48a000-7f381c48b000 ---p 00000000 00:00 0 
7f381c48b000-7f381c58b000 rw-p 00000000 00:00 0 
7f381c58b000-7f381c58c000 ---p 00000000 00:00 0 
7f381c58c000-7f381c6cb000 rw-p 00000000 00:00 0 
7f381c6cb000-7f381c7e2000 ---p 00000000 00:00 0 
7f381c7e2000-7f381c821000 rw-p 00000000 00:00 0 
7f381c821000-7f381c937000 ---p 00000000 00:00 0 
7f381c937000-7f381c9e2000 rw-p 00000000 00:00 0 
7f381c9e2000-7f381ca30000 rw-p 00000000 00:00 0 
7f381ca30000-7f381cda3000 ---p 00000000 00:00 0 
7f381cda3000-7f381cdbe000 r-xp 00000000 08:01 1709033                    /home/raptor/Softwares/jdk1.8.0_221/jre/lib/amd64/libzip.so
7f381cdbe000-7f381cfbd000 ---p 0001b000 08:01 1709033                    /home/raptor/Softwares/jdk1.8.0_221/jre/lib/amd64/libzip.so
7f381cfbd000-7f381cfbe000 r--p 0001a000 08:01 1709033                    /home/raptor/Softwares/jdk1.8.0_221/jre/lib/amd64/libzip.so
7f381cfbe000-7f381cfbf000 rw-p 0001b000 08:01 1709033                    /home/raptor/Softwares/jdk1.8.0_221/jre/lib/amd64/libzip.so
7f381cfbf000-7f381cfca000 r-xp 00000000 08:01 1447453                    /lib/x86_64-linux-gnu/libnss_files-2.27.so
7f381cfca000-7f381d1c9000 ---p 0000b000 08:01 1447453                    /lib/x86_64-linux-gnu/libnss_files-2.27.so
7f381d1c9000-7f381d1ca000 r--p 0000a000 08:01 1447453                    /lib/x86_64-linux-gnu/libnss_files-2.27.so
7f381d1ca000-7f381d1cb000 rw-p 0000b000 08:01 1447453                    /lib/x86_64-linux-gnu/libnss_files-2.27.so
7f381d1cb000-7f381d1d1000 rw-p 00000000 00:00 0 
7f381d1d1000-7f381d1e8000 r-xp 00000000 08:01 1447447                    /lib/x86_64-linux-gnu/libnsl-2.27.so
7f381d1e8000-7f381d3e7000 ---p 00017000 08:01 1447447                    /lib/x86_64-linux-gnu/libnsl-2.27.so
7f381d3e7000-7f381d3e8000 r--p 00016000 08:01 1447447                    /lib/x86_64-linux-gnu/libnsl-2.27.so
7f381d3e8000-7f381d3e9000 rw-p 00017000 08:01 1447447                    /lib/x86_64-linux-gnu/libnsl-2.27.so
7f381d3e9000-7f381d3eb000 rw-p 00000000 00:00 0 
7f381d3eb000-7f381d3f6000 r-xp 00000000 08:01 1447464                    /lib/x86_64-linux-gnu/libnss_nis-2.27.so
7f381d3f6000-7f381d5f5000 ---p 0000b000 08:01 1447464                    /lib/x86_64-linux-gnu/libnss_nis-2.27.so
7f381d5f5000-7f381d5f6000 r--p 0000a000 08:01 1447464                    /lib/x86_64-linux-gnu/libnss_nis-2.27.so
7f381d5f6000-7f381d5f7000 rw-p 0000b000 08:01 1447464                    /lib/x86_64-linux-gnu/libnss_nis-2.27.so
7f381d5f7000-7f381d5ff000 r-xp 00000000 08:01 1447449                    /lib/x86_64-linux-gnu/libnss_compat-2.27.so
7f381d5ff000-7f381d7ff000 ---p 00008000 08:01 1447449                    /lib/x86_64-linux-gnu/libnss_compat-2.27.so
7f381d7ff000-7f381d800000 r--p 00008000 08:01 1447449                    /lib/x86_64-linux-gnu/libnss_compat-2.27.so
7f381d800000-7f381d801000 rw-p 00009000 08:01 1447449                    /lib/x86_64-linux-gnu/libnss_compat-2.27.so
7f381d801000-7f381d82d000 r-xp 00000000 08:01 1709024                    /home/raptor/Softwares/jdk1.8.0_221/jre/lib/amd64/libjava.so
7f381d82d000-7f381da2d000 ---p 0002c000 08:01 1709024                    /home/raptor/Softwares/jdk1.8.0_221/jre/lib/amd64/libjava.so
7f381da2d000-7f381da2e000 r--p 0002c000 08:01 1709024                    /home/raptor/Softwares/jdk1.8.0_221/jre/lib/amd64/libjava.so
7f381da2e000-7f381da30000 rw-p 0002d000 08:01 1709024                    /home/raptor/Softwares/jdk1.8.0_221/jre/lib/amd64/libjava.so
7f381da30000-7f381da3d000 r-xp 00000000 08:01 1709015                    /home/raptor/Softwares/jdk1.8.0_221/jre/lib/amd64/libverify.so
7f381da3d000-7f381dc3c000 ---p 0000d000 08:01 1709015                    /home/raptor/Softwares/jdk1.8.0_221/jre/lib/amd64/libverify.so
7f381dc3c000-7f381dc3e000 r--p 0000c000 08:01 1709015                    /home/raptor/Softwares/jdk1.8.0_221/jre/lib/amd64/libverify.so
7f381dc3e000-7f381dc3f000 rw-p 0000e000 08:01 1709015                    /home/raptor/Softwares/jdk1.8.0_221/jre/lib/amd64/libverify.so
7f381dc3f000-7f381dc46000 r-xp 00000000 08:01 1447504                    /lib/x86_64-linux-gnu/librt-2.27.so
7f381dc46000-7f381de45000 ---p 00007000 08:01 1447504                    /lib/x86_64-linux-gnu/librt-2.27.so
7f381de45000-7f381de46000 r--p 00006000 08:01 1447504                    /lib/x86_64-linux-gnu/librt-2.27.so
7f381de46000-7f381de47000 rw-p 00007000 08:01 1447504                    /lib/x86_64-linux-gnu/librt-2.27.so
7f381de47000-7f381dfe4000 r-xp 00000000 08:01 1447426                    /lib/x86_64-linux-gnu/libm-2.27.so
7f381dfe4000-7f381e1e3000 ---p 0019d000 08:01 1447426                    /lib/x86_64-linux-gnu/libm-2.27.so
7f381e1e3000-7f381e1e4000 r--p 0019c000 08:01 1447426                    /lib/x86_64-linux-gnu/libm-2.27.so
7f381e1e4000-7f381e1e5000 rw-p 0019d000 08:01 1447426                    /lib/x86_64-linux-gnu/libm-2.27.so
7f381e1e5000-7f381eecd000 r-xp 00000000 08:01 1709031                    /home/raptor/Softwares/jdk1.8.0_221/jre/lib/amd64/server/libjvm.so
7f381eecd000-7f381f0cc000 ---p 00ce8000 08:01 1709031                    /home/raptor/Softwares/jdk1.8.0_221/jre/lib/amd64/server/libjvm.so
7f381f0cc000-7f381f162000 r--p 00ce7000 08:01 1709031                    /home/raptor/Softwares/jdk1.8.0_221/jre/lib/amd64/server/libjvm.so
7f381f162000-7f381f193000 rw-p 00d7d000 08:01 1709031                    /home/raptor/Softwares/jdk1.8.0_221/jre/lib/amd64/server/libjvm.so
7f381f193000-7f381f1ce000 rw-p 00000000 00:00 0 
7f381f1ce000-7f381f3b5000 r-xp 00000000 08:01 1447363                    /lib/x86_64-linux-gnu/libc-2.27.so
7f381f3b5000-7f381f5b5000 ---p 001e7000 08:01 1447363                    /lib/x86_64-linux-gnu/libc-2.27.so
7f381f5b5000-7f381f5b9000 r--p 001e7000 08:01 1447363                    /lib/x86_64-linux-gnu/libc-2.27.so
7f381f5b9000-7f381f5bb000 rw-p 001eb000 08:01 1447363                    /lib/x86_64-linux-gnu/libc-2.27.so
7f381f5bb000-7f381f5bf000 rw-p 00000000 00:00 0 
7f381f5bf000-7f381f5c2000 r-xp 00000000 08:01 1447386                    /lib/x86_64-linux-gnu/libdl-2.27.so
7f381f5c2000-7f381f7c1000 ---p 00003000 08:01 1447386                    /lib/x86_64-linux-gnu/libdl-2.27.so
7f381f7c1000-7f381f7c2000 r--p 00002000 08:01 1447386                    /lib/x86_64-linux-gnu/libdl-2.27.so
7f381f7c2000-7f381f7c3000 rw-p 00003000 08:01 1447386                    /lib/x86_64-linux-gnu/libdl-2.27.so
7f381f7c3000-7f381f7da000 r-xp 00000000 08:01 1708010                    /home/raptor/Softwares/jdk1.8.0_221/lib/amd64/jli/libjli.so
7f381f7da000-7f381f9d9000 ---p 00017000 08:01 1708010                    /home/raptor/Softwares/jdk1.8.0_221/lib/amd64/jli/libjli.so
7f381f9d9000-7f381f9da000 r--p 00016000 08:01 1708010                    /home/raptor/Softwares/jdk1.8.0_221/lib/amd64/jli/libjli.so
7f381f9da000-7f381f9db000 rw-p 00017000 08:01 1708010                    /home/raptor/Softwares/jdk1.8.0_221/lib/amd64/jli/libjli.so
7f381f9db000-7f381f9f5000 r-xp 00000000 08:01 1447496                    /lib/x86_64-linux-gnu/libpthread-2.27.so
7f381f9f5000-7f381fbf4000 ---p 0001a000 08:01 1447496                    /lib/x86_64-linux-gnu/libpthread-2.27.so
7f381fbf4000-7f381fbf5000 r--p 00019000 08:01 1447496                    /lib/x86_64-linux-gnu/libpthread-2.27.so
7f381fbf5000-7f381fbf6000 rw-p 0001a000 08:01 1447496                    /lib/x86_64-linux-gnu/libpthread-2.27.so
7f381fbf6000-7f381fbfa000 rw-p 00000000 00:00 0 
7f381fbfa000-7f381fc21000 r-xp 00000000 08:01 1447335                    /lib/x86_64-linux-gnu/ld-2.27.so
7f381fc21000-7f381fc22000 r--s 00002000 08:01 1579098                    /home/raptor/Softwares/spark-2.4.0-bin-hadoop2.7/jars/slf4j-log4j12-1.7.16.jar
7f381fc22000-7f381fc26000 r--s 00028000 08:01 1579237                    /home/raptor/Softwares/spark-2.4.0-bin-hadoop2.7/jars/jetty-util-6.1.26.jar
7f381fc26000-7f381fc2a000 r--s 0000c000 08:01 1579049                    /home/raptor/Softwares/spark-2.4.0-bin-hadoop2.7/jars/validation-api-1.1.0.Final.jar
7f381fc2a000-7f381fc2e000 r--s 00015000 08:01 1579090                    /home/raptor/Softwares/spark-2.4.0-bin-hadoop2.7/jars/xz-1.5.jar
7f381fc2e000-7f381fd07000 rw-p 00000000 00:00 0 
7f381fd07000-7f381fd08000 ---p 00000000 00:00 0 
7f381fd08000-7f381fd0b000 ---p 00000000 00:00 0 
7f381fd0b000-7f381fe0a000 rw-p 00000000 00:00 0 
7f381fe0a000-7f381fe0b000 r--s 00008000 08:01 1579182                    /home/raptor/Softwares/spark-2.4.0-bin-hadoop2.7/jars/machinist_2.11-0.6.1.jar
7f381fe0b000-7f381fe0c000 r--s 00009000 08:01 1579231                    /home/raptor/Softwares/spark-2.4.0-bin-hadoop2.7/jars/slf4j-api-1.7.16.jar
7f381fe0c000-7f381fe0d000 r--s 0000b000 08:01 1579240                    /home/raptor/Softwares/spark-2.4.0-bin-hadoop2.7/jars/snappy-0.2.jar
7f381fe0d000-7f381fe0f000 r--s 00008000 08:01 1579043                    /home/raptor/Softwares/spark-2.4.0-bin-hadoop2.7/jars/metrics-jvm-3.1.5.jar
7f381fe0f000-7f381fe15000 r--s 00063000 08:01 1579124                    /home/raptor/Softwares/spark-2.4.0-bin-hadoop2.7/jars/jodd-core-3.5.2.jar
7f381fe15000-7f381fe1d000 rw-s 00000000 08:01 1453975                    /tmp/hsperfdata_raptor/15051
7f381fe1d000-7f381fe1e000 rw-p 00000000 00:00 0 
7f381fe1e000-7f381fe1f000 ---p 00000000 00:00 0 
7f381fe1f000-7f381fe21000 rw-p 00000000 00:00 0 
7f381fe21000-7f381fe22000 r--p 00027000 08:01 1447335                    /lib/x86_64-linux-gnu/ld-2.27.so
7f381fe22000-7f381fe23000 rw-p 00028000 08:01 1447335                    /lib/x86_64-linux-gnu/ld-2.27.so
7f381fe23000-7f381fe24000 rw-p 00000000 00:00 0 
7ffd9d69f000-7ffd9d6c1000 rw-p 00000000 00:00 0                          [stack]
7ffd9d7ea000-7ffd9d7ed000 r--p 00000000 00:00 0                          [vvar]
7ffd9d7ed000-7ffd9d7ef000 r-xp 00000000 00:00 0                          [vdso]
ffffffffff600000-ffffffffff601000 r-xp 00000000 00:00 0                  [vsyscall]

VM Arguments:
jvm_args: -Dscala.usejavacp=true -Xmx1g 
java_command: org.apache.spark.deploy.SparkSubmit --class org.apache.spark.repl.Main --name Spark shell --packages io.delta:delta-core_2.11:0.4.0,org.apache.kafka:kafka-clients:2.3.1,org.apache.spark:spark-sql-kafka-0-10_2.11:2.4.0,org.apache.kafka:kafka_2.12:2.3.1 spark-shell
java_class_path (initial): /home/raptor/Softwares/spark-2.4.0-bin-hadoop2.7//conf/:/home/raptor/Softwares/spark-2.4.0-bin-hadoop2.7/jars/jodd-core-3.5.2.jar:/home/raptor/Softwares/spark-2.4.0-bin-hadoop2.7/jars/jersey-server-2.22.2.jar:/home/raptor/Softwares/spark-2.4.0-bin-hadoop2.7/jars/metrics-jvm-3.1.5.jar:/home/raptor/Softwares/spark-2.4.0-bin-hadoop2.7/jars/htrace-core-3.1.0-incubating.jar:/home/raptor/Softwares/spark-2.4.0-bin-hadoop2.7/jars/xz-1.5.jar:/home/raptor/Softwares/spark-2.4.0-bin-hadoop2.7/jars/snappy-0.2.jar:/home/raptor/Softwares/spark-2.4.0-bin-hadoop2.7/jars/slf4j-api-1.7.16.jar:/home/raptor/Softwares/spark-2.4.0-bin-hadoop2.7/jars/parquet-encoding-1.10.0.jar:/home/raptor/Softwares/spark-2.4.0-bin-hadoop2.7/jars/validation-api-1.1.0.Final.jar:/home/raptor/Softwares/spark-2.4.0-bin-hadoop2.7/jars/spark-core_2.11-2.4.0.jar:/home/raptor/Softwares/spark-2.4.0-bin-hadoop2.7/jars/machinist_2.11-0.6.1.jar:/home/raptor/Softwares/spark-2.4.0-bin-hadoop2.7/jars/jetty-util-6.1.26.jar:/home/raptor/Softwares/spark-2.4.0-bin-hadoop2.7/jars/scala-library-2.11.12.jar:/home/raptor/Softwares/spark-2.4.0-bin-hadoop2.7/jars/parquet-jackson-1.10.0.jar:/home/raptor/Softwares/spark-2.4.0-bin-hadoop2.7/jars/commons-pool-1.5.4.jar:/home/raptor/Softwares/spark-2.4.0-bin-hadoop2.7/jars/commons-io-2.4.jar:/home/raptor/Softwares/spark-2.4.0-bin-hadoop2.7/jars/javax.annotation-api-1.2.jar:/home/raptor/Softwares/spark-2.4.0-bin-hadoop2.7/jars/netty-3.9.9.Final.jar:/home/raptor/Softwares/spark-2.4.0-bin-hadoop2.7/jars/commons-collections-3.2.2.jar:/home/raptor/Softwares/spark-2.4.0-bin-hadoop2.7/jars/hadoop-yarn-server-web-proxy-2.7.3.jar:/home/raptor/Softwares/spark-2.4.0-bin-hadoop2.7/jars/jackson-dataformat-yaml-2.10.1.jar:/home/raptor/Softwares/spark-2.4.0-bin-hadoop2.7/jars/protobuf-java-2.5.0.jar:/home/raptor/Softwares/spark-2.4.0-bin-hadoop2.7/jars/spark-repl_2.11-2.4.0.jar:/home/raptor/Softwares/spark-2.4.0-bin-hadoop2.7/jars/slf4j-log4j12-1.7.16.jar:/home/raptor/So
Launcher Type: SUN_STANDARD

Environment Variables:
JAVA_HOME=/home/raptor/Softwares/jdk1.8.0_221/
JRE_HOME=/home/raptor/Softwares/jdk1.8.0_221/jre
PATH=/usr/local/sbin:/usr/local/bin:/usr/sbin:/usr/bin:/sbin:/bin:/usr/games:/usr/local/games:/snap/bin:/home/raptor/Softwares/jdk1.8.0_221//bin:/home/raptor/Softwares/scala-2.12.10//bin:/home/raptor/Softwares/apache-maven-3.6.0//bin:/home/raptor/Softwares/gradle-5.2.1//bin:/home/raptor/Softwares/apache-zookeeper-3.5.5//bin:/home/raptor/Softwares/flink-1.9.0//bin:/home/raptor/Softwares/spark-2.4.0-bin-hadoop2.7//bin:/home/raptor/Softwares/spark-2.4.0-bin-hadoop2.7//sbin:/home/raptor/Softwares/kafka_2.12-2.3.1//bin:/home/raptor/Softwares/apache-hive-2.1.1-bin//bin:/home/raptor/Softwares/hadoop-2.7.3//bin:/home/raptor/Softwares/hbase-1.2.5//bin:/home/raptor/Softwares/Python-3.5.9/
USERNAME=raptor
LD_LIBRARY_PATH=/home/raptor/Softwares/hadoop-2.7.3//lib/native
SHELL=/bin/bash
DISPLAY=:0

Signal Handlers:
SIGSEGV: [libjvm.so+0xad3d90], sa_mask[0]=11111111011111111101111111111110, sa_flags=SA_RESTART|SA_SIGINFO
SIGBUS: [libjvm.so+0xad3d90], sa_mask[0]=11111111011111111101111111111110, sa_flags=SA_RESTART|SA_SIGINFO
SIGFPE: [libjvm.so+0x90b8b0], sa_mask[0]=11111111011111111101111111111110, sa_flags=SA_RESTART|SA_SIGINFO
SIGPIPE: [libjvm.so+0x90b8b0], sa_mask[0]=11111111011111111101111111111110, sa_flags=SA_RESTART|SA_SIGINFO
SIGXFSZ: [libjvm.so+0x90b8b0], sa_mask[0]=11111111011111111101111111111110, sa_flags=SA_RESTART|SA_SIGINFO
SIGILL: [libjvm.so+0x90b8b0], sa_mask[0]=11111111011111111101111111111110, sa_flags=SA_RESTART|SA_SIGINFO
SIGUSR1: SIG_DFL, sa_mask[0]=00000000000000000000000000000000, sa_flags=none
SIGUSR2: [libjvm.so+0x90b780], sa_mask[0]=00000000000000000000000000000000, sa_flags=SA_RESTART|SA_SIGINFO
SIGHUP: [libjvm.so+0x90bda0], sa_mask[0]=11111111011111111101111111111110, sa_flags=SA_RESTART|SA_SIGINFO
SIGINT: [libjvm.so+0x90bda0], sa_mask[0]=11111111011111111101111111111110, sa_flags=SA_RESTART|SA_SIGINFO
SIGTERM: [libjvm.so+0x90bda0], sa_mask[0]=11111111011111111101111111111110, sa_flags=SA_RESTART|SA_SIGINFO
SIGQUIT: [libjvm.so+0x90bda0], sa_mask[0]=11111111011111111101111111111110, sa_flags=SA_RESTART|SA_SIGINFO


---------------  S Y S T E M  ---------------

OS:DISTRIB_ID=Ubuntu
DISTRIB_RELEASE=18.04
DISTRIB_CODENAME=bionic
DISTRIB_DESCRIPTION="Ubuntu 18.04.3 LTS"

uname:Linux 4.15.0-72-generic #81-Ubuntu SMP Tue Nov 26 12:20:02 UTC 2019 x86_64
libc:glibc 2.27 NPTL 2.27 
rlimit: STACK 8192k, CORE 0k, NPROC 23665, NOFILE 4096, AS infinity
load average:4.68 2.71 1.68

/proc/meminfo:
MemTotal:        6103220 kB
MemFree:          117120 kB
MemAvailable:      41208 kB
Buffers:             544 kB
Cached:            75920 kB
SwapCached:          744 kB
Active:          5012644 kB
Inactive:         677240 kB
Active(anon):    4982092 kB
Inactive(anon):   643260 kB
Active(file):      30552 kB
Inactive(file):    33980 kB
Unevictable:          16 kB
Mlocked:              16 kB
SwapTotal:       2097148 kB
SwapFree:              0 kB
Dirty:               268 kB
Writeback:             0 kB
AnonPages:       5613176 kB
Mapped:            60064 kB
Shmem:             11520 kB
Slab:              92392 kB
SReclaimable:      37248 kB
SUnreclaim:        55144 kB
KernelStack:       24368 kB
PageTables:        68284 kB
NFS_Unstable:          0 kB
Bounce:                0 kB
WritebackTmp:          0 kB
CommitLimit:     5148756 kB
Committed_AS:   16465540 kB
VmallocTotal:   34359738367 kB
VmallocUsed:           0 kB
VmallocChunk:          0 kB
HardwareCorrupted:     0 kB
AnonHugePages:         0 kB
ShmemHugePages:        0 kB
ShmemPmdMapped:        0 kB
CmaTotal:              0 kB
CmaFree:               0 kB
HugePages_Total:       0
HugePages_Free:        0
HugePages_Rsvd:        0
HugePages_Surp:        0
Hugepagesize:       2048 kB
DirectMap4k:      161728 kB
DirectMap2M:     6129664 kB

container (cgroup) information:
container_type: cgroupv1
cpu_cpuset_cpus: 0-5
cpu_memory_nodes: 0
active_processor_count: 6
cpu_quota: -1
cpu_period: 100000
cpu_shares: -1
memory_limit_in_bytes: -1
memory_and_swap_limit_in_bytes: -2
memory_soft_limit_in_bytes: -1
memory_usage_in_bytes: 5825564672
memory_max_usage_in_bytes: 15200256


CPU:total 6 (initial active 6) (6 cores per cpu, 1 threads per core) family 6 model 158 stepping 10, cmov, cx8, fxsr, mmx, sse, sse2, sse3, ssse3, sse4.1, sse4.2, popcnt, avx, avx2, aes, clmul, 3dnowpref, lzcnt, tsc, tscinvbit

/proc/cpuinfo:
processor	: 0
vendor_id	: GenuineIntel
cpu family	: 6
model		: 158
model name	: Intel(R) Core(TM) i7-8750H CPU @ 2.20GHz
stepping	: 10
cpu MHz		: 2208.002
cache size	: 9216 KB
physical id	: 0
siblings	: 6
core id		: 0
cpu cores	: 6
apicid		: 0
initial apicid	: 0
fpu		: yes
fpu_exception	: yes
cpuid level	: 22
wp		: yes
flags		: fpu vme de pse tsc msr pae mce cx8 apic sep mtrr pge mca cmov pat pse36 clflush mmx fxsr sse sse2 ht syscall nx rdtscp lm constant_tsc rep_good nopl xtopology nonstop_tsc cpuid tsc_known_freq pni pclmulqdq ssse3 cx16 pcid sse4_1 sse4_2 x2apic movbe popcnt aes xsave avx rdrand hypervisor lahf_lm abm 3dnowprefetch invpcid_single pti fsgsbase avx2 invpcid rdseed clflushopt flush_l1d
bugs		: cpu_meltdown spectre_v1 spectre_v2 spec_store_bypass l1tf mds swapgs itlb_multihit
bogomips	: 4416.00
clflush size	: 64
cache_alignment	: 64
address sizes	: 39 bits physical, 48 bits virtual
power management:

processor	: 1
vendor_id	: GenuineIntel
cpu family	: 6
model		: 158
model name	: Intel(R) Core(TM) i7-8750H CPU @ 2.20GHz
stepping	: 10
cpu MHz		: 2208.002
cache size	: 9216 KB
physical id	: 0
siblings	: 6
core id		: 1
cpu cores	: 6
apicid		: 1
initial apicid	: 1
fpu		: yes
fpu_exception	: yes
cpuid level	: 22
wp		: yes
flags		: fpu vme de pse tsc msr pae mce cx8 apic sep mtrr pge mca cmov pat pse36 clflush mmx fxsr sse sse2 ht syscall nx rdtscp lm constant_tsc rep_good nopl xtopology nonstop_tsc cpuid tsc_known_freq pni pclmulqdq ssse3 cx16 pcid sse4_1 sse4_2 x2apic movbe popcnt aes xsave avx rdrand hypervisor lahf_lm abm 3dnowprefetch invpcid_single pti fsgsbase avx2 invpcid rdseed clflushopt flush_l1d
bugs		: cpu_meltdown spectre_v1 spectre_v2 spec_store_bypass l1tf mds swapgs itlb_multihit
bogomips	: 4416.00
clflush size	: 64
cache_alignment	: 64
address sizes	: 39 bits physical, 48 bits virtual
power management:

processor	: 2
vendor_id	: GenuineIntel
cpu family	: 6
model		: 158
model name	: Intel(R) Core(TM) i7-8750H CPU @ 2.20GHz
stepping	: 10
cpu MHz		: 2208.002
cache size	: 9216 KB
physical id	: 0
siblings	: 6
core id		: 2
cpu cores	: 6
apicid		: 2
initial apicid	: 2
fpu		: yes
fpu_exception	: yes
cpuid level	: 22
wp		: yes
flags		: fpu vme de pse tsc msr pae mce cx8 apic sep mtrr pge mca cmov pat pse36 clflush mmx fxsr sse sse2 ht syscall nx rdtscp lm constant_tsc rep_good nopl xtopology nonstop_tsc cpuid tsc_known_freq pni pclmulqdq ssse3 cx16 pcid sse4_1 sse4_2 x2apic movbe popcnt aes xsave avx rdrand hypervisor lahf_lm abm 3dnowprefetch invpcid_single pti fsgsbase avx2 invpcid rdseed clflushopt flush_l1d
bugs		: cpu_meltdown spectre_v1 spectre_v2 spec_store_bypass l1tf mds swapgs itlb_multihit
bogomips	: 4416.00
clflush size	: 64
cache_alignment	: 64
address sizes	: 39 bits physical, 48 bits virtual
power management:

processor	: 3
vendor_id	: GenuineIntel
cpu family	: 6
model		: 158
model name	: Intel(R) Core(TM) i7-8750H CPU @ 2.20GHz
stepping	: 10
cpu MHz		: 2208.002
cache size	: 9216 KB
physical id	: 0
siblings	: 6
core id		: 3
cpu cores	: 6
apicid		: 3
initial apicid	: 3
fpu		: yes
fpu_exception	: yes
cpuid level	: 22
wp		: yes
flags		: fpu vme de pse tsc msr pae mce cx8 apic sep mtrr pge mca cmov pat pse36 clflush mmx fxsr sse sse2 ht syscall nx rdtscp lm constant_tsc rep_good nopl xtopology nonstop_tsc cpuid tsc_known_freq pni pclmulqdq ssse3 cx16 pcid sse4_1 sse4_2 x2apic movbe popcnt aes xsave avx rdrand hypervisor lahf_lm abm 3dnowprefetch invpcid_single pti fsgsbase avx2 invpcid rdseed clflushopt flush_l1d
bugs		: cpu_meltdown spectre_v1 spectre_v2 spec_store_bypass l1tf mds swapgs itlb_multihit
bogomips	: 4416.00
clflush size	: 64
cache_alignment	: 64
address sizes	: 39 bits physical, 48 bits virtual
power management:

processor	: 4
vendor_id	: GenuineIntel
cpu family	: 6
model		: 158
model name	: Intel(R) Core(TM) i7-8750H CPU @ 2.20GHz
stepping	: 10
cpu MHz		: 2208.002
cache size	: 9216 KB
physical id	: 0
siblings	: 6
core id		: 4
cpu cores	: 6
apicid		: 4
initial apicid	: 4
fpu		: yes
fpu_exception	: yes
cpuid level	: 22
wp		: yes
flags		: fpu vme de pse tsc msr pae mce cx8 apic sep mtrr pge mca cmov pat pse36 clflush mmx fxsr sse sse2 ht syscall nx rdtscp lm constant_tsc rep_good nopl xtopology nonstop_tsc cpuid tsc_known_freq pni pclmulqdq ssse3 cx16 pcid sse4_1 sse4_2 x2apic movbe popcnt aes xsave avx rdrand hypervisor lahf_lm abm 3dnowprefetch invpcid_single pti fsgsbase avx2 invpcid rdseed clflushopt flush_l1d
bugs		: cpu_meltdown spectre_v1 spectre_v2 spec_store_bypass l1tf mds swapgs itlb_multihit
bogomips	: 4416.00
clflush size	: 64
cache_alignment	: 64
address sizes	: 39 bits physical, 48 bits virtual
power management:

processor	: 5
vendor_id	: GenuineIntel
cpu family	: 6
model		: 158
model name	: Intel(R) Core(TM) i7-8750H CPU @ 2.20GHz
stepping	: 10
cpu MHz		: 2208.002
cache size	: 9216 KB
physical id	: 0
siblings	: 6
core id		: 5
cpu cores	: 6
apicid		: 5
initial apicid	: 5
fpu		: yes
fpu_exception	: yes
cpuid level	: 22
wp		: yes
flags		: fpu vme de pse tsc msr pae mce cx8 apic sep mtrr pge mca cmov pat pse36 clflush mmx fxsr sse sse2 ht syscall nx rdtscp lm constant_tsc rep_good nopl xtopology nonstop_tsc cpuid tsc_known_freq pni pclmulqdq ssse3 cx16 pcid sse4_1 sse4_2 x2apic movbe popcnt aes xsave avx rdrand hypervisor lahf_lm abm 3dnowprefetch invpcid_single pti fsgsbase avx2 invpcid rdseed clflushopt flush_l1d
bugs		: cpu_meltdown spectre_v1 spectre_v2 spec_store_bypass l1tf mds swapgs itlb_multihit
bogomips	: 4416.00
clflush size	: 64
cache_alignment	: 64
address sizes	: 39 bits physical, 48 bits virtual
power management:



Memory: 4k page, physical 6103220k(118012k free), swap 2097148k(0k free)

vm_info: Java HotSpot(TM) 64-Bit Server VM (25.221-b11) for linux-amd64 JRE (1.8.0_221-b11), built on Jul  4 2019 04:27:00 by "java_re" with gcc 7.3.0

time: Sun Dec 15 13:26:07 2019
timezone: IST
elapsed time: 13 seconds (0d 0h 0m 13s)

