#
# There is insufficient memory for the Java Runtime Environment to continue.
# Native memory allocation (mmap) failed to map 88080384 bytes for committing reserved memory.
# Possible reasons:
#   The system is out of physical RAM or swap space
#   The process is running with CompressedOops enabled, and the Java Heap may be blocking the growth of the native heap
# Possible solutions:
#   Reduce memory load on the system
#   Increase physical memory or swap space
#   Check if swap backing store is full
#   Decrease Java heap size (-Xmx/-Xms)
#   Decrease number of Java threads
#   Decrease Java thread stack sizes (-Xss)
#   Set larger code cache with -XX:ReservedCodeCacheSize=
# This output file may be truncated or incomplete.
#
#  Out of Memory Error (os_linux.cpp:2749), pid=17235, tid=0x00007ff500752700
#
# JRE version:  (8.0_221-b11) (build )
# Java VM: Java HotSpot(TM) 64-Bit Server VM (25.221-b11 mixed mode linux-amd64 compressed oops)
# Failed to write core dump. Core dumps have been disabled. To enable core dumping, try "ulimit -c unlimited" before starting Java again
#

---------------  T H R E A D  ---------------

Current thread (0x00007ff4f8013000):  JavaThread "Unknown thread" [_thread_in_vm, id=17239, stack(0x00007ff500653000,0x00007ff500753000)]

Stack: [0x00007ff500653000,0x00007ff500753000],  sp=0x00007ff500751570,  free space=1017k
Native frames: (J=compiled Java code, j=interpreted, Vv=VM code, C=native code)
V  [libjvm.so+0xad3455]  VMError::report_and_die()+0x2e5
V  [libjvm.so+0x4e0537]  report_vm_out_of_memory(char const*, int, unsigned long, VMErrorType, char const*)+0x67
V  [libjvm.so+0x910320]  os::pd_commit_memory(char*, unsigned long, unsigned long, bool)+0x100
V  [libjvm.so+0x90794f]  os::commit_memory(char*, unsigned long, unsigned long, bool)+0x1f
V  [libjvm.so+0x98c736]  PSVirtualSpace::expand_by(unsigned long)+0x56
V  [libjvm.so+0x97cfec]  PSOldGen::initialize(ReservedSpace, unsigned long, char const*, int)+0x8c
V  [libjvm.so+0x2bd00e]  AdjoiningGenerations::AdjoiningGenerations(ReservedSpace, GenerationSizer*, unsigned long)+0x2fe
V  [libjvm.so+0x93ac62]  ParallelScavengeHeap::initialize()+0x222
V  [libjvm.so+0xa9707a]  Universe::initialize_heap()+0x16a
V  [libjvm.so+0xa97363]  universe_init()+0x33
V  [libjvm.so+0x6321a0]  init_globals()+0x50
V  [libjvm.so+0xa79a99]  Threads::create_vm(JavaVMInitArgs*, bool*)+0x409
V  [libjvm.so+0x6d7d1f]  JNI_CreateJavaVM+0x4f
C  [libjli.so+0x7ee4]  JavaMain+0x84
C  [libpthread.so.0+0x76db]  start_thread+0xdb


---------------  P R O C E S S  ---------------

Java Threads: ( => current thread )

Other Threads:

=>0x00007ff4f8013000 (exited) JavaThread "Unknown thread" [_thread_in_vm, id=17239, stack(0x00007ff500653000,0x00007ff500753000)]

VM state:not at safepoint (not fully initialized)

VM Mutex/Monitor currently owned by a thread: None

heap address: 0x00000000f8000000, size: 128 MB, Compressed Oops mode: Non-zero based:0x00000000f7fff000
Narrow klass base: 0x0000000000000000, Narrow klass shift: 0

GC Heap History (0 events):
No events

Deoptimization events (0 events):
No events

Classes redefined (0 events):
No events

Internal exceptions (0 events):
No events

Events (0 events):
No events


Dynamic libraries:
00400000-00401000 r-xp 00000000 08:01 1708700                            /home/raptor/Softwares/jdk1.8.0_221/bin/java
00600000-00601000 r--p 00000000 08:01 1708700                            /home/raptor/Softwares/jdk1.8.0_221/bin/java
00601000-00602000 rw-p 00001000 08:01 1708700                            /home/raptor/Softwares/jdk1.8.0_221/bin/java
01a61000-01aa3000 rw-p 00000000 00:00 0                                  [heap]
fd400000-fd580000 ---p 00000000 00:00 0 
fd580000-fff80000 rw-p 00000000 00:00 0 
fff80000-100000000 ---p 00000000 00:00 0 
7ff4e9000000-7ff4e9270000 rwxp 00000000 00:00 0 
7ff4e9270000-7ff4f8000000 ---p 00000000 00:00 0 
7ff4f8000000-7ff4f803d000 rw-p 00000000 00:00 0 
7ff4f803d000-7ff4fc000000 ---p 00000000 00:00 0 
7ff4fd099000-7ff4fd338000 rw-p 00000000 00:00 0 
7ff4fd338000-7ff4fd6ee000 ---p 00000000 00:00 0 
7ff4fd6ee000-7ff4fd709000 r-xp 00000000 08:01 1709033                    /home/raptor/Softwares/jdk1.8.0_221/jre/lib/amd64/libzip.so
7ff4fd709000-7ff4fd908000 ---p 0001b000 08:01 1709033                    /home/raptor/Softwares/jdk1.8.0_221/jre/lib/amd64/libzip.so
7ff4fd908000-7ff4fd909000 r--p 0001a000 08:01 1709033                    /home/raptor/Softwares/jdk1.8.0_221/jre/lib/amd64/libzip.so
7ff4fd909000-7ff4fd90a000 rw-p 0001b000 08:01 1709033                    /home/raptor/Softwares/jdk1.8.0_221/jre/lib/amd64/libzip.so
7ff4fd90a000-7ff4fd915000 r-xp 00000000 08:01 1447453                    /lib/x86_64-linux-gnu/libnss_files-2.27.so
7ff4fd915000-7ff4fdb14000 ---p 0000b000 08:01 1447453                    /lib/x86_64-linux-gnu/libnss_files-2.27.so
7ff4fdb14000-7ff4fdb15000 r--p 0000a000 08:01 1447453                    /lib/x86_64-linux-gnu/libnss_files-2.27.so
7ff4fdb15000-7ff4fdb16000 rw-p 0000b000 08:01 1447453                    /lib/x86_64-linux-gnu/libnss_files-2.27.so
7ff4fdb16000-7ff4fdb1c000 rw-p 00000000 00:00 0 
7ff4fdb1c000-7ff4fdb33000 r-xp 00000000 08:01 1447447                    /lib/x86_64-linux-gnu/libnsl-2.27.so
7ff4fdb33000-7ff4fdd32000 ---p 00017000 08:01 1447447                    /lib/x86_64-linux-gnu/libnsl-2.27.so
7ff4fdd32000-7ff4fdd33000 r--p 00016000 08:01 1447447                    /lib/x86_64-linux-gnu/libnsl-2.27.so
7ff4fdd33000-7ff4fdd34000 rw-p 00017000 08:01 1447447                    /lib/x86_64-linux-gnu/libnsl-2.27.so
7ff4fdd34000-7ff4fdd36000 rw-p 00000000 00:00 0 
7ff4fdd36000-7ff4fdd41000 r-xp 00000000 08:01 1447464                    /lib/x86_64-linux-gnu/libnss_nis-2.27.so
7ff4fdd41000-7ff4fdf40000 ---p 0000b000 08:01 1447464                    /lib/x86_64-linux-gnu/libnss_nis-2.27.so
7ff4fdf40000-7ff4fdf41000 r--p 0000a000 08:01 1447464                    /lib/x86_64-linux-gnu/libnss_nis-2.27.so
7ff4fdf41000-7ff4fdf42000 rw-p 0000b000 08:01 1447464                    /lib/x86_64-linux-gnu/libnss_nis-2.27.so
7ff4fdf42000-7ff4fdf4a000 r-xp 00000000 08:01 1447449                    /lib/x86_64-linux-gnu/libnss_compat-2.27.so
7ff4fdf4a000-7ff4fe14a000 ---p 00008000 08:01 1447449                    /lib/x86_64-linux-gnu/libnss_compat-2.27.so
7ff4fe14a000-7ff4fe14b000 r--p 00008000 08:01 1447449                    /lib/x86_64-linux-gnu/libnss_compat-2.27.so
7ff4fe14b000-7ff4fe14c000 rw-p 00009000 08:01 1447449                    /lib/x86_64-linux-gnu/libnss_compat-2.27.so
7ff4fe14c000-7ff4fe178000 r-xp 00000000 08:01 1709024                    /home/raptor/Softwares/jdk1.8.0_221/jre/lib/amd64/libjava.so
7ff4fe178000-7ff4fe378000 ---p 0002c000 08:01 1709024                    /home/raptor/Softwares/jdk1.8.0_221/jre/lib/amd64/libjava.so
7ff4fe378000-7ff4fe379000 r--p 0002c000 08:01 1709024                    /home/raptor/Softwares/jdk1.8.0_221/jre/lib/amd64/libjava.so
7ff4fe379000-7ff4fe37b000 rw-p 0002d000 08:01 1709024                    /home/raptor/Softwares/jdk1.8.0_221/jre/lib/amd64/libjava.so
7ff4fe37b000-7ff4fe388000 r-xp 00000000 08:01 1709015                    /home/raptor/Softwares/jdk1.8.0_221/jre/lib/amd64/libverify.so
7ff4fe388000-7ff4fe587000 ---p 0000d000 08:01 1709015                    /home/raptor/Softwares/jdk1.8.0_221/jre/lib/amd64/libverify.so
7ff4fe587000-7ff4fe589000 r--p 0000c000 08:01 1709015                    /home/raptor/Softwares/jdk1.8.0_221/jre/lib/amd64/libverify.so
7ff4fe589000-7ff4fe58a000 rw-p 0000e000 08:01 1709015                    /home/raptor/Softwares/jdk1.8.0_221/jre/lib/amd64/libverify.so
7ff4fe58a000-7ff4fe591000 r-xp 00000000 08:01 1447504                    /lib/x86_64-linux-gnu/librt-2.27.so
7ff4fe591000-7ff4fe790000 ---p 00007000 08:01 1447504                    /lib/x86_64-linux-gnu/librt-2.27.so
7ff4fe790000-7ff4fe791000 r--p 00006000 08:01 1447504                    /lib/x86_64-linux-gnu/librt-2.27.so
7ff4fe791000-7ff4fe792000 rw-p 00007000 08:01 1447504                    /lib/x86_64-linux-gnu/librt-2.27.so
7ff4fe792000-7ff4fe92f000 r-xp 00000000 08:01 1447426                    /lib/x86_64-linux-gnu/libm-2.27.so
7ff4fe92f000-7ff4feb2e000 ---p 0019d000 08:01 1447426                    /lib/x86_64-linux-gnu/libm-2.27.so
7ff4feb2e000-7ff4feb2f000 r--p 0019c000 08:01 1447426                    /lib/x86_64-linux-gnu/libm-2.27.so
7ff4feb2f000-7ff4feb30000 rw-p 0019d000 08:01 1447426                    /lib/x86_64-linux-gnu/libm-2.27.so
7ff4feb30000-7ff4ff818000 r-xp 00000000 08:01 1709031                    /home/raptor/Softwares/jdk1.8.0_221/jre/lib/amd64/server/libjvm.so
7ff4ff818000-7ff4ffa17000 ---p 00ce8000 08:01 1709031                    /home/raptor/Softwares/jdk1.8.0_221/jre/lib/amd64/server/libjvm.so
7ff4ffa17000-7ff4ffaad000 r--p 00ce7000 08:01 1709031                    /home/raptor/Softwares/jdk1.8.0_221/jre/lib/amd64/server/libjvm.so
7ff4ffaad000-7ff4ffade000 rw-p 00d7d000 08:01 1709031                    /home/raptor/Softwares/jdk1.8.0_221/jre/lib/amd64/server/libjvm.so
7ff4ffade000-7ff4ffb19000 rw-p 00000000 00:00 0 
7ff4ffb19000-7ff4ffd00000 r-xp 00000000 08:01 1447363                    /lib/x86_64-linux-gnu/libc-2.27.so
7ff4ffd00000-7ff4fff00000 ---p 001e7000 08:01 1447363                    /lib/x86_64-linux-gnu/libc-2.27.so
7ff4fff00000-7ff4fff04000 r--p 001e7000 08:01 1447363                    /lib/x86_64-linux-gnu/libc-2.27.so
7ff4fff04000-7ff4fff06000 rw-p 001eb000 08:01 1447363                    /lib/x86_64-linux-gnu/libc-2.27.so
7ff4fff06000-7ff4fff0a000 rw-p 00000000 00:00 0 
7ff4fff0a000-7ff4fff0d000 r-xp 00000000 08:01 1447386                    /lib/x86_64-linux-gnu/libdl-2.27.so
7ff4fff0d000-7ff50010c000 ---p 00003000 08:01 1447386                    /lib/x86_64-linux-gnu/libdl-2.27.so
7ff50010c000-7ff50010d000 r--p 00002000 08:01 1447386                    /lib/x86_64-linux-gnu/libdl-2.27.so
7ff50010d000-7ff50010e000 rw-p 00003000 08:01 1447386                    /lib/x86_64-linux-gnu/libdl-2.27.so
7ff50010e000-7ff500125000 r-xp 00000000 08:01 1708010                    /home/raptor/Softwares/jdk1.8.0_221/lib/amd64/jli/libjli.so
7ff500125000-7ff500324000 ---p 00017000 08:01 1708010                    /home/raptor/Softwares/jdk1.8.0_221/lib/amd64/jli/libjli.so
7ff500324000-7ff500325000 r--p 00016000 08:01 1708010                    /home/raptor/Softwares/jdk1.8.0_221/lib/amd64/jli/libjli.so
7ff500325000-7ff500326000 rw-p 00017000 08:01 1708010                    /home/raptor/Softwares/jdk1.8.0_221/lib/amd64/jli/libjli.so
7ff500326000-7ff500340000 r-xp 00000000 08:01 1447496                    /lib/x86_64-linux-gnu/libpthread-2.27.so
7ff500340000-7ff50053f000 ---p 0001a000 08:01 1447496                    /lib/x86_64-linux-gnu/libpthread-2.27.so
7ff50053f000-7ff500540000 r--p 00019000 08:01 1447496                    /lib/x86_64-linux-gnu/libpthread-2.27.so
7ff500540000-7ff500541000 rw-p 0001a000 08:01 1447496                    /lib/x86_64-linux-gnu/libpthread-2.27.so
7ff500541000-7ff500545000 rw-p 00000000 00:00 0 
7ff500545000-7ff50056c000 r-xp 00000000 08:01 1447335                    /lib/x86_64-linux-gnu/ld-2.27.so
7ff500611000-7ff50063b000 ---p 00000000 00:00 0 
7ff50063b000-7ff500652000 rw-p 00000000 00:00 0 
7ff500652000-7ff500653000 ---p 00000000 00:00 0 
7ff500653000-7ff500656000 ---p 00000000 00:00 0 
7ff500656000-7ff500755000 rw-p 00000000 00:00 0 
7ff500760000-7ff500768000 rw-s 00000000 08:01 1322991                    /tmp/hsperfdata_raptor/17235
7ff500768000-7ff500769000 rw-p 00000000 00:00 0 
7ff500769000-7ff50076a000 r--p 00000000 00:00 0 
7ff50076a000-7ff50076c000 rw-p 00000000 00:00 0 
7ff50076c000-7ff50076d000 r--p 00027000 08:01 1447335                    /lib/x86_64-linux-gnu/ld-2.27.so
7ff50076d000-7ff50076e000 rw-p 00028000 08:01 1447335                    /lib/x86_64-linux-gnu/ld-2.27.so
7ff50076e000-7ff50076f000 rw-p 00000000 00:00 0 
7ffcaf5e8000-7ffcaf60a000 rw-p 00000000 00:00 0                          [stack]
7ffcaf706000-7ffcaf709000 r--p 00000000 00:00 0                          [vvar]
7ffcaf709000-7ffcaf70b000 r-xp 00000000 00:00 0                          [vdso]
ffffffffff600000-ffffffffff601000 r-xp 00000000 00:00 0                  [vsyscall]

VM Arguments:
jvm_args: -Xmx128m 
java_command: org.apache.spark.launcher.Main org.apache.spark.deploy.SparkSubmit --class com.test.AtomicityUsingMysql.randomMsgProducer --num-executors 1 --executor-cores 2 --executor-memory 1g --driver-memory 1g --driver-cores 1 --packages org.apache.kafka:kafka-clients:2.3.1,org.apache.kafka:kafka_2.12:2.3.1,org.apache.spark:spark-sql-kafka-0-10_2.12:2.4.4 KafkaGradleTest-1.0-SNAPSHOT-all.jar key=SCS messageLength=5 numOfRecords=100 topicName=CarSensor keySerializer=org.apache.kafka.common.serialization.StringSerializer valueSerializer=org.apache.kafka.common.serialization.StringSerializer bootStrapServer=localhost:9092,localhost:9093,localhost:9094 partitionValue=2019-12-20
java_class_path (initial): /home/raptor/Softwares/spark-2.4.4-bin-hadoop-2.7-scala-2.12/jars/commons-io-2.6.jar:/home/raptor/Softwares/spark-2.4.4-bin-hadoop-2.7-scala-2.12/jars/jersey-server-2.22.2.jar:/home/raptor/Softwares/spark-2.4.4-bin-hadoop-2.7-scala-2.12/jars/metrics-jvm-3.1.5.jar:/home/raptor/Softwares/spark-2.4.4-bin-hadoop-2.7-scala-2.12/jars/htrace-core-3.1.0-incubating.jar:/home/raptor/Softwares/spark-2.4.4-bin-hadoop-2.7-scala-2.12/jars/parquet-column-1.10.1.jar:/home/raptor/Softwares/spark-2.4.4-bin-hadoop-2.7-scala-2.12/jars/xz-1.5.jar:/home/raptor/Softwares/spark-2.4.4-bin-hadoop-2.7-scala-2.12/jars/kubernetes-client-4.1.2.jar:/home/raptor/Softwares/spark-2.4.4-bin-hadoop-2.7-scala-2.12/jars/validation-api-1.1.0.Final.jar:/home/raptor/Softwares/spark-2.4.4-bin-hadoop-2.7-scala-2.12/jars/guava-19.0.jar:/home/raptor/Softwares/spark-2.4.4-bin-hadoop-2.7-scala-2.12/jars/javax.annotation-api-1.2.jar:/home/raptor/Softwares/spark-2.4.4-bin-hadoop-2.7-scala-2.12/jars/netty-3.9.9.Final.jar:/home/raptor/Softwares/spark-2.4.4-bin-hadoop-2.7-scala-2.12/jars/commons-collections-3.0.jar:/home/raptor/Softwares/spark-2.4.4-bin-hadoop-2.7-scala-2.12/jars/spark-sketch_2.12-2.4.4.jar:/home/raptor/Softwares/spark-2.4.4-bin-hadoop-2.7-scala-2.12/jars/hadoop-yarn-server-web-proxy-2.7.3.jar:/home/raptor/Softwares/spark-2.4.4-bin-hadoop-2.7-scala-2.12/jars/scala-xml_2.12-1.0.5.jar:/home/raptor/Softwares/spark-2.4.4-bin-hadoop-2.7-scala-2.12/jars/spark-tags_2.12-2.4.4-tests.jar:/home/raptor/Softwares/spark-2.4.4-bin-hadoop-2.7-scala-2.12/jars/jackson-dataformat-yaml-2.10.1.jar:/home/raptor/Softwares/spark-2.4.4-bin-hadoop-2.7-scala-2.12/jars/zjsonpatch-0.3.0.jar:/home/raptor/Softwares/spark-2.4.4-bin-hadoop-2.7-scala-2.12/jars/kubernetes-model-4.1.2.jar:/home/raptor/Softwares/spark-2.4.4-bin-hadoop-2.7-scala-2.12/jars/jackson-module-jaxb-annotations-2.10.1.jar:/home/raptor/Softwares/spark-2.4.4-bin-hadoop-2.7-scala-2.12/jars/spark-catalyst_2.12-2.4.4.jar:/home/raptor/Sof
Launcher Type: SUN_STANDARD

Environment Variables:
JAVA_HOME=/home/raptor/Softwares/jdk1.8.0_221/
JRE_HOME=/home/raptor/Softwares/jdk1.8.0_221/jre
PATH=/usr/local/sbin:/usr/local/bin:/usr/sbin:/usr/bin:/sbin:/bin:/usr/games:/usr/local/games:/snap/bin:/home/raptor/Softwares/jdk1.8.0_221//bin:/home/raptor/Softwares/scala-2.11.8//bin:/home/raptor/Softwares/spark-2.4.0-bin-hadoop2.7//bin:/home/raptor/Softwares/spark-2.4.0-bin-hadoop2.7//sbin:/home/raptor/Softwares/apache-maven-3.6.0//bin:/home/raptor/Softwares/gradle-5.2.1//bin:/home/raptor/Softwares/apache-zookeeper-3.5.5//bin:/home/raptor/Softwares/flink-1.9.0//bin:/home/raptor/Softwares/kafka_2.12-2.3.1//bin:/home/raptor/Softwares/apache-hive-2.1.1-bin//bin:/home/raptor/Softwares/hadoop-2.7.3//bin:/home/raptor/Softwares/hbase-1.4.12//bin:/home/raptor/Softwares/Python-3.5.9/:/home/raptor/Softwares/spark-2.4.4-bin-hadoop-2.7-scala-2.12//bin:/home/raptor/Softwares/spark-2.4.4-bin-hadoop-2.7-scala-2.12//sbin
USERNAME=raptor
LD_LIBRARY_PATH=/home/raptor/Softwares/hadoop-2.7.3//lib/native
SHELL=/bin/bash
DISPLAY=:0

Signal Handlers:
SIGSEGV: [libjvm.so+0xad3d90], sa_mask[0]=11111111011111111101111111111110, sa_flags=SA_RESTART|SA_SIGINFO
SIGBUS: [libjvm.so+0xad3d90], sa_mask[0]=11111111011111111101111111111110, sa_flags=SA_RESTART|SA_SIGINFO
SIGFPE: [libjvm.so+0x90b8b0], sa_mask[0]=11111111011111111101111111111110, sa_flags=SA_RESTART|SA_SIGINFO
SIGPIPE: [libjvm.so+0x90b8b0], sa_mask[0]=11111111011111111101111111111110, sa_flags=SA_RESTART|SA_SIGINFO
SIGXFSZ: [libjvm.so+0x90b8b0], sa_mask[0]=11111111011111111101111111111110, sa_flags=SA_RESTART|SA_SIGINFO
SIGILL: [libjvm.so+0x90b8b0], sa_mask[0]=11111111011111111101111111111110, sa_flags=SA_RESTART|SA_SIGINFO
SIGUSR1: SIG_DFL, sa_mask[0]=00000000000000000000000000000000, sa_flags=none
SIGUSR2: [libjvm.so+0x90b780], sa_mask[0]=00100000000000000000000000000000, sa_flags=SA_RESTART|SA_SIGINFO
SIGHUP: SIG_DFL, sa_mask[0]=00000000000000000000000000000000, sa_flags=none
SIGINT: SIG_DFL, sa_mask[0]=00000000000000000000000000000000, sa_flags=none
SIGTERM: SIG_DFL, sa_mask[0]=00000000000000000000000000000000, sa_flags=none
SIGQUIT: SIG_DFL, sa_mask[0]=00000000000000000000000000000000, sa_flags=none


---------------  S Y S T E M  ---------------

OS:DISTRIB_ID=Ubuntu
DISTRIB_RELEASE=18.04
DISTRIB_CODENAME=bionic
DISTRIB_DESCRIPTION="Ubuntu 18.04.3 LTS"

uname:Linux 4.15.0-74-generic #84-Ubuntu SMP Thu Dec 19 08:06:28 UTC 2019 x86_64
libc:glibc 2.27 NPTL 2.27 
rlimit: STACK 8192k, CORE 0k, NPROC 31728, NOFILE 4096, AS infinity
load average:3.56 3.68 2.93

/proc/meminfo:
MemTotal:        8167304 kB
MemFree:          112668 kB
MemAvailable:       8116 kB
Buffers:             704 kB
Cached:            46760 kB
SwapCached:        10080 kB
Active:          6864412 kB
Inactive:         866148 kB
Active(anon):    6854772 kB
Inactive(anon):   856936 kB
Active(file):       9640 kB
Inactive(file):     9212 kB
Unevictable:          32 kB
Mlocked:              32 kB
SwapTotal:       2097148 kB
SwapFree:              0 kB
Dirty:               176 kB
Writeback:           116 kB
AnonPages:       7673964 kB
Mapped:            43032 kB
Shmem:             28056 kB
Slab:             102676 kB
SReclaimable:      41688 kB
SUnreclaim:        60988 kB
KernelStack:       30784 kB
PageTables:        79548 kB
NFS_Unstable:          0 kB
Bounce:                0 kB
WritebackTmp:          0 kB
CommitLimit:     6180800 kB
Committed_AS:   19893468 kB
VmallocTotal:   34359738367 kB
VmallocUsed:           0 kB
VmallocChunk:          0 kB
HardwareCorrupted:     0 kB
AnonHugePages:         0 kB
ShmemHugePages:        0 kB
ShmemPmdMapped:        0 kB
CmaTotal:              0 kB
CmaFree:               0 kB
HugePages_Total:       0
HugePages_Free:        0
HugePages_Rsvd:        0
HugePages_Surp:        0
Hugepagesize:       2048 kB
DirectMap4k:      161728 kB
DirectMap2M:     8226816 kB

container (cgroup) information:
container_type: cgroupv1
cpu_cpuset_cpus: 0-5
cpu_memory_nodes: 0
active_processor_count: 6
cpu_quota: -1
cpu_period: 100000
cpu_shares: -1
memory_limit_in_bytes: -1
memory_and_swap_limit_in_bytes: -2
memory_soft_limit_in_bytes: -1
memory_usage_in_bytes: 7908847616
memory_max_usage_in_bytes: 14139392


CPU:total 6 (initial active 6) (6 cores per cpu, 1 threads per core) family 6 model 158 stepping 10, cmov, cx8, fxsr, mmx, sse, sse2, sse3, ssse3, sse4.1, sse4.2, popcnt, avx, avx2, aes, clmul, 3dnowpref, lzcnt, tsc, tscinvbit

/proc/cpuinfo:
processor	: 0
vendor_id	: GenuineIntel
cpu family	: 6
model		: 158
model name	: Intel(R) Core(TM) i7-8750H CPU @ 2.20GHz
stepping	: 10
cpu MHz		: 2208.000
cache size	: 9216 KB
physical id	: 0
siblings	: 6
core id		: 0
cpu cores	: 6
apicid		: 0
initial apicid	: 0
fpu		: yes
fpu_exception	: yes
cpuid level	: 22
wp		: yes
flags		: fpu vme de pse tsc msr pae mce cx8 apic sep mtrr pge mca cmov pat pse36 clflush mmx fxsr sse sse2 ht syscall nx rdtscp lm constant_tsc rep_good nopl xtopology nonstop_tsc cpuid tsc_known_freq pni pclmulqdq ssse3 cx16 pcid sse4_1 sse4_2 x2apic movbe popcnt aes xsave avx rdrand hypervisor lahf_lm abm 3dnowprefetch invpcid_single pti fsgsbase avx2 invpcid rdseed clflushopt flush_l1d
bugs		: cpu_meltdown spectre_v1 spectre_v2 spec_store_bypass l1tf mds swapgs itlb_multihit
bogomips	: 4416.00
clflush size	: 64
cache_alignment	: 64
address sizes	: 39 bits physical, 48 bits virtual
power management:

processor	: 1
vendor_id	: GenuineIntel
cpu family	: 6
model		: 158
model name	: Intel(R) Core(TM) i7-8750H CPU @ 2.20GHz
stepping	: 10
cpu MHz		: 2208.000
cache size	: 9216 KB
physical id	: 0
siblings	: 6
core id		: 1
cpu cores	: 6
apicid		: 1
initial apicid	: 1
fpu		: yes
fpu_exception	: yes
cpuid level	: 22
wp		: yes
flags		: fpu vme de pse tsc msr pae mce cx8 apic sep mtrr pge mca cmov pat pse36 clflush mmx fxsr sse sse2 ht syscall nx rdtscp lm constant_tsc rep_good nopl xtopology nonstop_tsc cpuid tsc_known_freq pni pclmulqdq ssse3 cx16 pcid sse4_1 sse4_2 x2apic movbe popcnt aes xsave avx rdrand hypervisor lahf_lm abm 3dnowprefetch invpcid_single pti fsgsbase avx2 invpcid rdseed clflushopt flush_l1d
bugs		: cpu_meltdown spectre_v1 spectre_v2 spec_store_bypass l1tf mds swapgs itlb_multihit
bogomips	: 4416.00
clflush size	: 64
cache_alignment	: 64
address sizes	: 39 bits physical, 48 bits virtual
power management:

processor	: 2
vendor_id	: GenuineIntel
cpu family	: 6
model		: 158
model name	: Intel(R) Core(TM) i7-8750H CPU @ 2.20GHz
stepping	: 10
cpu MHz		: 2208.000
cache size	: 9216 KB
physical id	: 0
siblings	: 6
core id		: 2
cpu cores	: 6
apicid		: 2
initial apicid	: 2
fpu		: yes
fpu_exception	: yes
cpuid level	: 22
wp		: yes
flags		: fpu vme de pse tsc msr pae mce cx8 apic sep mtrr pge mca cmov pat pse36 clflush mmx fxsr sse sse2 ht syscall nx rdtscp lm constant_tsc rep_good nopl xtopology nonstop_tsc cpuid tsc_known_freq pni pclmulqdq ssse3 cx16 pcid sse4_1 sse4_2 x2apic movbe popcnt aes xsave avx rdrand hypervisor lahf_lm abm 3dnowprefetch invpcid_single pti fsgsbase avx2 invpcid rdseed clflushopt flush_l1d
bugs		: cpu_meltdown spectre_v1 spectre_v2 spec_store_bypass l1tf mds swapgs itlb_multihit
bogomips	: 4416.00
clflush size	: 64
cache_alignment	: 64
address sizes	: 39 bits physical, 48 bits virtual
power management:

processor	: 3
vendor_id	: GenuineIntel
cpu family	: 6
model		: 158
model name	: Intel(R) Core(TM) i7-8750H CPU @ 2.20GHz
stepping	: 10
cpu MHz		: 2208.000
cache size	: 9216 KB
physical id	: 0
siblings	: 6
core id		: 3
cpu cores	: 6
apicid		: 3
initial apicid	: 3
fpu		: yes
fpu_exception	: yes
cpuid level	: 22
wp		: yes
flags		: fpu vme de pse tsc msr pae mce cx8 apic sep mtrr pge mca cmov pat pse36 clflush mmx fxsr sse sse2 ht syscall nx rdtscp lm constant_tsc rep_good nopl xtopology nonstop_tsc cpuid tsc_known_freq pni pclmulqdq ssse3 cx16 pcid sse4_1 sse4_2 x2apic movbe popcnt aes xsave avx rdrand hypervisor lahf_lm abm 3dnowprefetch invpcid_single pti fsgsbase avx2 invpcid rdseed clflushopt flush_l1d
bugs		: cpu_meltdown spectre_v1 spectre_v2 spec_store_bypass l1tf mds swapgs itlb_multihit
bogomips	: 4416.00
clflush size	: 64
cache_alignment	: 64
address sizes	: 39 bits physical, 48 bits virtual
power management:

processor	: 4
vendor_id	: GenuineIntel
cpu family	: 6
model		: 158
model name	: Intel(R) Core(TM) i7-8750H CPU @ 2.20GHz
stepping	: 10
cpu MHz		: 2208.000
cache size	: 9216 KB
physical id	: 0
siblings	: 6
core id		: 4
cpu cores	: 6
apicid		: 4
initial apicid	: 4
fpu		: yes
fpu_exception	: yes
cpuid level	: 22
wp		: yes
flags		: fpu vme de pse tsc msr pae mce cx8 apic sep mtrr pge mca cmov pat pse36 clflush mmx fxsr sse sse2 ht syscall nx rdtscp lm constant_tsc rep_good nopl xtopology nonstop_tsc cpuid tsc_known_freq pni pclmulqdq ssse3 cx16 pcid sse4_1 sse4_2 x2apic movbe popcnt aes xsave avx rdrand hypervisor lahf_lm abm 3dnowprefetch invpcid_single pti fsgsbase avx2 invpcid rdseed clflushopt flush_l1d
bugs		: cpu_meltdown spectre_v1 spectre_v2 spec_store_bypass l1tf mds swapgs itlb_multihit
bogomips	: 4416.00
clflush size	: 64
cache_alignment	: 64
address sizes	: 39 bits physical, 48 bits virtual
power management:

processor	: 5
vendor_id	: GenuineIntel
cpu family	: 6
model		: 158
model name	: Intel(R) Core(TM) i7-8750H CPU @ 2.20GHz
stepping	: 10
cpu MHz		: 2208.000
cache size	: 9216 KB
physical id	: 0
siblings	: 6
core id		: 5
cpu cores	: 6
apicid		: 5
initial apicid	: 5
fpu		: yes
fpu_exception	: yes
cpuid level	: 22
wp		: yes
flags		: fpu vme de pse tsc msr pae mce cx8 apic sep mtrr pge mca cmov pat pse36 clflush mmx fxsr sse sse2 ht syscall nx rdtscp lm constant_tsc rep_good nopl xtopology nonstop_tsc cpuid tsc_known_freq pni pclmulqdq ssse3 cx16 pcid sse4_1 sse4_2 x2apic movbe popcnt aes xsave avx rdrand hypervisor lahf_lm abm 3dnowprefetch invpcid_single pti fsgsbase avx2 invpcid rdseed clflushopt flush_l1d
bugs		: cpu_meltdown spectre_v1 spectre_v2 spec_store_bypass l1tf mds swapgs itlb_multihit
bogomips	: 4416.00
clflush size	: 64
cache_alignment	: 64
address sizes	: 39 bits physical, 48 bits virtual
power management:



Memory: 4k page, physical 8167304k(113056k free), swap 2097148k(0k free)

vm_info: Java HotSpot(TM) 64-Bit Server VM (25.221-b11) for linux-amd64 JRE (1.8.0_221-b11), built on Jul  4 2019 04:27:00 by "java_re" with gcc 7.3.0

time: Fri Jan 31 10:38:10 2020
timezone: IST
elapsed time: 0 seconds (0d 0h 0m 0s)

