#
# There is insufficient memory for the Java Runtime Environment to continue.
# Native memory allocation (mmap) failed to map 67108864 bytes for committing reserved memory.
# Possible reasons:
#   The system is out of physical RAM or swap space
#   The process is running with CompressedOops enabled, and the Java Heap may be blocking the growth of the native heap
# Possible solutions:
#   Reduce memory load on the system
#   Increase physical memory or swap space
#   Check if swap backing store is full
#   Decrease Java heap size (-Xmx/-Xms)
#   Decrease number of Java threads
#   Decrease Java thread stack sizes (-Xss)
#   Set larger code cache with -XX:ReservedCodeCacheSize=
#   JVM is running with Unscaled Compressed Oops mode in which the Java heap is
#     placed in the first 4GB address space. The Java Heap base address is the
#     maximum limit for the native heap growth. Please use -XX:HeapBaseMinAddress
#     to set the Java Heap base and to place the Java Heap above 4GB virtual address.
# This output file may be truncated or incomplete.
#
#  Out of Memory Error (os_linux.cpp:2749), pid=13410, tid=0x00007fa73ec89700
#
# JRE version: Java(TM) SE Runtime Environment (8.0_221-b11) (build 1.8.0_221-b11)
# Java VM: Java HotSpot(TM) 64-Bit Server VM (25.221-b11 mixed mode linux-amd64 compressed oops)
# Failed to write core dump. Core dumps have been disabled. To enable core dumping, try "ulimit -c unlimited" before starting Java again
#

---------------  T H R E A D  ---------------

Current thread (0x00007fa754086000):  VMThread [stack: 0x00007fa73eb8a000,0x00007fa73ec8a000] [id=13480]

Stack: [0x00007fa73eb8a000,0x00007fa73ec8a000],  sp=0x00007fa73ec883f0,  free space=1016k
Native frames: (J=compiled Java code, j=interpreted, Vv=VM code, C=native code)
V  [libjvm.so+0xad3455]  VMError::report_and_die()+0x2e5
V  [libjvm.so+0x4e0537]  report_vm_out_of_memory(char const*, int, unsigned long, VMErrorType, char const*)+0x67
V  [libjvm.so+0x910320]  os::pd_commit_memory(char*, unsigned long, unsigned long, bool)+0x100
V  [libjvm.so+0x90794f]  os::commit_memory(char*, unsigned long, unsigned long, bool)+0x1f
V  [libjvm.so+0x98c736]  PSVirtualSpace::expand_by(unsigned long)+0x56
V  [libjvm.so+0x98d9c8]  PSYoungGen::resize(unsigned long, unsigned long)+0xd8
V  [libjvm.so+0x98a166]  PSScavenge::invoke_no_policy()+0x1376
V  [libjvm.so+0x98a4fc]  PSScavenge::invoke()+0x4c
V  [libjvm.so+0x93a248]  ParallelScavengeHeap::failed_mem_allocate(unsigned long)+0x68
V  [libjvm.so+0xad4fa3]  VM_ParallelGCFailedAllocation::doit()+0x93
V  [libjvm.so+0xada1c6]  VM_Operation::evaluate()+0x46
V  [libjvm.so+0xad84fd]  VMThread::evaluate_operation(VM_Operation*) [clone .constprop.44]+0xcd
V  [libjvm.so+0xad8ae3]  VMThread::loop()+0x3a3
V  [libjvm.so+0xad8eb8]  VMThread::run()+0x78
V  [libjvm.so+0x90d952]  java_start(Thread*)+0x102

VM_Operation (0x00007fa75bc6faf0): ParallelGCFailedAllocation, mode: safepoint, requested by thread 0x00007fa754013800


---------------  P R O C E S S  ---------------

Java Threads: ( => current thread )
  0x00007fa7540f0800 JavaThread "Service Thread" daemon [_thread_blocked, id=13487, stack(0x00007fa73dab3000,0x00007fa73dbb4000)]
  0x00007fa7540cb000 JavaThread "C1 CompilerThread2" daemon [_thread_blocked, id=13486, stack(0x00007fa73dbb5000,0x00007fa73dcb5000)]
  0x00007fa7540c9000 JavaThread "C2 CompilerThread1" daemon [_thread_blocked, id=13485, stack(0x00007fa73dcb6000,0x00007fa73ddb6000)]
  0x00007fa7540c6800 JavaThread "C2 CompilerThread0" daemon [_thread_blocked, id=13484, stack(0x00007fa73ddb7000,0x00007fa73deb7000)]
  0x00007fa7540c4800 JavaThread "Signal Dispatcher" daemon [_thread_blocked, id=13483, stack(0x00007fa73deb7000,0x00007fa73dfb8000)]
  0x00007fa754094000 JavaThread "Finalizer" daemon [_thread_blocked, id=13482, stack(0x00007fa73e987000,0x00007fa73ea88000)]
  0x00007fa75408f800 JavaThread "Reference Handler" daemon [_thread_blocked, id=13481, stack(0x00007fa73ea88000,0x00007fa73eb89000)]
  0x00007fa754013800 JavaThread "main" [_thread_blocked, id=13473, stack(0x00007fa75bb73000,0x00007fa75bc73000)]

Other Threads:
=>0x00007fa754086000 VMThread [stack: 0x00007fa73eb8a000,0x00007fa73ec8a000] [id=13480]
  0x00007fa7540f3800 WatcherThread [stack: 0x00007fa73d9b3000,0x00007fa73dab3000] [id=13488]

VM state:at safepoint (normal execution)

VM Mutex/Monitor currently owned by a thread:  ([mutex/lock_event])
[0x00007fa75400ffc0] Threads_lock - owner thread: 0x00007fa754086000
[0x00007fa7540104c0] Heap_lock - owner thread: 0x00007fa754013800

heap address: 0x00000000c0000000, size: 1024 MB, Compressed Oops mode: 32-bit
Narrow klass base: 0x0000000000000000, Narrow klass shift: 3
Compressed class space size: 1073741824 Address: 0x0000000100000000

Heap:
 PSYoungGen      total 70656K, used 5103K [0x00000000eab00000, 0x00000000ef500000, 0x0000000100000000)
  eden space 65536K, 0% used [0x00000000eab00000,0x00000000eab00000,0x00000000eeb00000)
  from space 5120K, 99% used [0x00000000eeb00000,0x00000000eeffbd50,0x00000000ef000000)
  to   space 5120K, 0% used [0x00000000ef000000,0x00000000ef000000,0x00000000ef500000)
 ParOldGen       total 86016K, used 1572K [0x00000000c0000000, 0x00000000c5400000, 0x00000000eab00000)
  object space 86016K, 1% used [0x00000000c0000000,0x00000000c0189390,0x00000000c5400000)
 Metaspace       used 18087K, capacity 18588K, committed 18816K, reserved 1064960K
  class space    used 2292K, capacity 2412K, committed 2432K, reserved 1048576K

Card table byte_map: [0x00007fa758650000,0x00007fa758851000] byte_map_base: 0x00007fa758050000

Marking Bits: (ParMarkBitMap*) 0x00007fa75b01ed80
 Begin Bits: [0x00007fa732dfe000, 0x00007fa733dfe000)
 End Bits:   [0x00007fa733dfe000, 0x00007fa734dfe000)

Polling page: 0x00007fa75bc8c000

CodeCache: size=245760Kb used=7536Kb max_used=7548Kb free=238223Kb
 bounds [0x00007fa745000000, 0x00007fa745770000, 0x00007fa754000000]
 total_blobs=2298 nmethods=1925 adapters=285
 compilation: enabled

Compilation events (10 events):
Event: 5.232 Thread 0x00007fa7540cb000 nmethod 1939 0x00007fa745753e90 code [0x00007fa745754000, 0x00007fa7457542a8]
Event: 5.232 Thread 0x00007fa7540cb000 1940       3       java.io.UnixFileSystem::hashCode (11 bytes)
Event: 5.233 Thread 0x00007fa7540cb000 nmethod 1940 0x00007fa7457539d0 code [0x00007fa745753b40, 0x00007fa745753d88]
Event: 5.234 Thread 0x00007fa7540cb000 1941       3       java.text.SimpleDateFormat::subFormat (1260 bytes)
Event: 5.244 Thread 0x00007fa7540c6800 nmethod 1933 0x00007fa74574fd50 code [0x00007fa74574fec0, 0x00007fa745750438]
Event: 5.244 Thread 0x00007fa7540c6800 1934       4       org.apache.ivy.plugins.matcher.GlobPatternMatcher::newMatcher (9 bytes)
Event: 5.254 Thread 0x00007fa7540c6800 nmethod 1934 0x00007fa74574f0d0 code [0x00007fa74574f280, 0x00007fa74574f798]
Event: 5.254 Thread 0x00007fa7540c6800 1935   !   4       org.apache.ivy.plugins.matcher.GlobPatternMatcher$GlobMatcher::<init> (43 bytes)
Event: 5.260 Thread 0x00007fa7540c6800 nmethod 1935 0x00007fa745763690 code [0x00007fa745763820, 0x00007fa745763c78]
Event: 5.260 Thread 0x00007fa7540c6800 1952       4       java.util.regex.Pattern::compile (406 bytes)

GC Heap History (5 events):
Event: 1.989 GC heap before
{Heap before GC invocations=1 (full 0):
 PSYoungGen      total 37888K, used 32768K [0x00000000eab00000, 0x00000000ed500000, 0x0000000100000000)
  eden space 32768K, 100% used [0x00000000eab00000,0x00000000ecb00000,0x00000000ecb00000)
  from space 5120K, 0% used [0x00000000ed000000,0x00000000ed000000,0x00000000ed500000)
  to   space 5120K, 0% used [0x00000000ecb00000,0x00000000ecb00000,0x00000000ed000000)
 ParOldGen       total 86016K, used 0K [0x00000000c0000000, 0x00000000c5400000, 0x00000000eab00000)
  object space 86016K, 0% used [0x00000000c0000000,0x00000000c0000000,0x00000000c5400000)
 Metaspace       used 8646K, capacity 9196K, committed 9344K, reserved 1056768K
  class space    used 1219K, capacity 1304K, committed 1408K, reserved 1048576K
Event: 2.018 GC heap after
Heap after GC invocations=1 (full 0):
 PSYoungGen      total 37888K, used 5119K [0x00000000eab00000, 0x00000000ef500000, 0x0000000100000000)
  eden space 32768K, 0% used [0x00000000eab00000,0x00000000eab00000,0x00000000ecb00000)
  from space 5120K, 99% used [0x00000000ecb00000,0x00000000ecfffca8,0x00000000ed000000)
  to   space 5120K, 0% used [0x00000000ef000000,0x00000000ef000000,0x00000000ef500000)
 ParOldGen       total 86016K, used 410K [0x00000000c0000000, 0x00000000c5400000, 0x00000000eab00000)
  object space 86016K, 0% used [0x00000000c0000000,0x00000000c0066af0,0x00000000c5400000)
 Metaspace       used 8646K, capacity 9196K, committed 9344K, reserved 1056768K
  class space    used 1219K, capacity 1304K, committed 1408K, reserved 1048576K
}
Event: 3.115 GC heap before
{Heap before GC invocations=2 (full 0):
 PSYoungGen      total 37888K, used 37887K [0x00000000eab00000, 0x00000000ef500000, 0x0000000100000000)
  eden space 32768K, 100% used [0x00000000eab00000,0x00000000ecb00000,0x00000000ecb00000)
  from space 5120K, 99% used [0x00000000ecb00000,0x00000000ecfffca8,0x00000000ed000000)
  to   space 5120K, 0% used [0x00000000ef000000,0x00000000ef000000,0x00000000ef500000)
 ParOldGen       total 86016K, used 410K [0x00000000c0000000, 0x00000000c5400000, 0x00000000eab00000)
  object space 86016K, 0% used [0x00000000c0000000,0x00000000c0066af0,0x00000000c5400000)
 Metaspace       used 13580K, capacity 14046K, committed 14336K, reserved 1060864K
  class space    used 1880K, capacity 1991K, committed 2048K, reserved 1048576K
Event: 3.132 GC heap after
Heap after GC invocations=2 (full 0):
 PSYoungGen      total 70656K, used 5105K [0x00000000eab00000, 0x00000000ef500000, 0x0000000100000000)
  eden space 65536K, 0% used [0x00000000eab00000,0x00000000eab00000,0x00000000eeb00000)
  from space 5120K, 99% used [0x00000000ef000000,0x00000000ef4fc468,0x00000000ef500000)
  to   space 5120K, 0% used [0x00000000eeb00000,0x00000000eeb00000,0x00000000ef000000)
 ParOldGen       total 86016K, used 480K [0x00000000c0000000, 0x00000000c5400000, 0x00000000eab00000)
  object space 86016K, 0% used [0x00000000c0000000,0x00000000c0078150,0x00000000c5400000)
 Metaspace       used 13580K, capacity 14046K, committed 14336K, reserved 1060864K
  class space    used 1880K, capacity 1991K, committed 2048K, reserved 1048576K
}
Event: 5.262 GC heap before
{Heap before GC invocations=3 (full 0):
 PSYoungGen      total 70656K, used 70641K [0x00000000eab00000, 0x00000000ef500000, 0x0000000100000000)
  eden space 65536K, 100% used [0x00000000eab00000,0x00000000eeb00000,0x00000000eeb00000)
  from space 5120K, 99% used [0x00000000ef000000,0x00000000ef4fc468,0x00000000ef500000)
  to   space 5120K, 0% used [0x00000000eeb00000,0x00000000eeb00000,0x00000000ef000000)
 ParOldGen       total 86016K, used 480K [0x00000000c0000000, 0x00000000c5400000, 0x00000000eab00000)
  object space 86016K, 0% used [0x00000000c0000000,0x00000000c0078150,0x00000000c5400000)
 Metaspace       used 18087K, capacity 18588K, committed 18816K, reserved 1064960K
  class space    used 2292K, capacity 2412K, committed 2432K, reserved 1048576K

Deoptimization events (10 events):
Event: 4.953 Thread 0x00007fa754013800 Uncommon trap: reason=class_check action=maybe_recompile pc=0x00007fa745535d18 method=java.util.HashMap.putVal(ILjava/lang/Object;Ljava/lang/Object;ZZ)Ljava/lang/Object; @ 203
Event: 4.954 Thread 0x00007fa754013800 Uncommon trap: reason=class_check action=maybe_recompile pc=0x00007fa745535d18 method=java.util.HashMap.putVal(ILjava/lang/Object;Ljava/lang/Object;ZZ)Ljava/lang/Object; @ 203
Event: 4.955 Thread 0x00007fa754013800 Uncommon trap: reason=class_check action=maybe_recompile pc=0x00007fa745535d18 method=java.util.HashMap.putVal(ILjava/lang/Object;Ljava/lang/Object;ZZ)Ljava/lang/Object; @ 203
Event: 4.956 Thread 0x00007fa754013800 Uncommon trap: reason=class_check action=maybe_recompile pc=0x00007fa74542cb0c method=java.util.HashMap.putVal(ILjava/lang/Object;Ljava/lang/Object;ZZ)Ljava/lang/Object; @ 203
Event: 4.957 Thread 0x00007fa754013800 Uncommon trap: reason=class_check action=maybe_recompile pc=0x00007fa7455281b0 method=java.util.HashMap.putVal(ILjava/lang/Object;Ljava/lang/Object;ZZ)Ljava/lang/Object; @ 203
Event: 4.973 Thread 0x00007fa754013800 Uncommon trap: reason=array_check action=maybe_recompile pc=0x00007fa7456e3c8c method=java.util.AbstractCollection.toArray([Ljava/lang/Object;)[Ljava/lang/Object; @ 119
Event: 4.978 Thread 0x00007fa754013800 Uncommon trap: reason=array_check action=maybe_recompile pc=0x00007fa7456e3c8c method=java.util.AbstractCollection.toArray([Ljava/lang/Object;)[Ljava/lang/Object; @ 119
Event: 4.979 Thread 0x00007fa754013800 Uncommon trap: reason=array_check action=maybe_recompile pc=0x00007fa7456e3c8c method=java.util.AbstractCollection.toArray([Ljava/lang/Object;)[Ljava/lang/Object; @ 119
Event: 4.980 Thread 0x00007fa754013800 Uncommon trap: reason=array_check action=maybe_recompile pc=0x00007fa7456e3c8c method=java.util.AbstractCollection.toArray([Ljava/lang/Object;)[Ljava/lang/Object; @ 119
Event: 5.043 Thread 0x00007fa754013800 Uncommon trap: reason=unstable_if action=reinterpret pc=0x00007fa745630960 method=com.sun.org.apache.xerces.internal.impl.XMLEntityScanner.scanContent(Lcom/sun/org/apache/xerces/internal/xni/XMLString;)I @ 418

Classes redefined (0 events):
No events

Internal exceptions (10 events):
Event: 2.558 Thread 0x00007fa754013800 Implicit null exception at 0x00007fa7452314f4 to 0x00007fa745231905
Event: 2.561 Thread 0x00007fa754013800 Exception <a 'java/lang/NoSuchMethodError': java.lang.Object.$anonfun$initializeLogging$1()Lorg/apache/log4j/Level;> (0x00000000eb2a8c10) thrown at [/HUDSON/workspace/8-2-build-linux-amd64/jdk8u221/13320/hotspot/src/share/vm/interpreter/linkResolver.cpp, 
Event: 2.583 Thread 0x00007fa754013800 Exception <a 'java/lang/NoSuchMethodError': java.lang.Object.$anonfun$seqAsJavaListConverter$1(Lscala/collection/convert/DecorateAsJava;Lscala/collection/Seq;)Ljava/util/List;> (0x00000000eb31b600) thrown at [/HUDSON/workspace/8-2-build-linux-amd64/jdk8u2
Event: 2.637 Thread 0x00007fa754013800 Exception <a 'java/lang/NoSuchMethodError': java.lang.Object.$anonfun$asScalaBufferConverter$1(Lscala/collection/convert/DecorateAsScala;Ljava/util/List;)Lscala/collection/mutable/Buffer;> (0x00000000eb593f58) thrown at [/HUDSON/workspace/8-2-build-linux-
Event: 2.743 Thread 0x00007fa754013800 Exception <a 'java/lang/NoSuchMethodError': java.lang.Object.$anonfun$asScalaSetConverter$1(Lscala/collection/convert/DecorateAsScala;Ljava/util/Set;)Lscala/collection/mutable/Set;> (0x00000000eb8b29b0) thrown at [/HUDSON/workspace/8-2-build-linux-amd64/j
Event: 2.772 Thread 0x00007fa754013800 Exception <a 'java/lang/NoSuchMethodError': java.lang.Object.$anonfun$map$1(Lscala/collection/mutable/Builder;Lscala/Function1;Ljava/lang/Object;)Lscala/collection/mutable/Builder;> (0x00000000eb9a6980) thrown at [/HUDSON/workspace/8-2-build-linux-amd64/j
Event: 2.792 Thread 0x00007fa754013800 Exception <a 'java/lang/NoSuchMethodError': java.lang.Object.$anonfun$toMap$1(Lscala/collection/mutable/Builder;Lscala/Predef$$less$colon$less;Ljava/lang/Object;)Lscala/collection/mutable/Builder;> (0x00000000eba71c58) thrown at [/HUDSON/workspace/8-2-bui
Event: 3.082 Thread 0x00007fa754013800 Exception <a 'java/lang/NoSuchMethodError': java.lang.Object.$anonfun$addString$1(Lscala/runtime/BooleanRef;Lscala/collection/mutable/StringBuilder;Ljava/lang/String;Ljava/lang/Object;)Ljava/lang/Object;> (0x00000000ec9c5928) thrown at [/HUDSON/workspace/
Event: 3.273 Thread 0x00007fa754013800 Implicit null exception at 0x00007fa74527ccf3 to 0x00007fa74527d0e9
Event: 3.573 Thread 0x00007fa754013800 Implicit null exception at 0x00007fa745247cb5 to 0x00007fa745247f09

Events (10 events):
Event: 4.979 Thread 0x00007fa754013800 DEOPT UNPACKING pc=0x00007fa74504573a sp=0x00007fa75bc703f8 mode 2
Event: 4.980 Thread 0x00007fa754013800 Uncommon trap: trap_request=0xffffffd6 fr.pc=0x00007fa7456e3c8c
Event: 4.980 Thread 0x00007fa754013800 DEOPT PACKING pc=0x00007fa7456e3c8c sp=0x00007fa75bc701f0
Event: 4.980 Thread 0x00007fa754013800 DEOPT UNPACKING pc=0x00007fa74504573a sp=0x00007fa75bc701a8 mode 2
Event: 5.043 Thread 0x00007fa754013800 Uncommon trap: trap_request=0xffffff65 fr.pc=0x00007fa745630960
Event: 5.043 Thread 0x00007fa754013800 DEOPT PACKING pc=0x00007fa745630960 sp=0x00007fa75bc6f700
Event: 5.043 Thread 0x00007fa754013800 DEOPT UNPACKING pc=0x00007fa74504573a sp=0x00007fa75bc6f6a8 mode 2
Event: 5.215 loading class org/apache/ivy/core/resolve/IvyNodeEviction$EvictionData
Event: 5.216 loading class org/apache/ivy/core/resolve/IvyNodeEviction$EvictionData done
Event: 5.262 Executing VM operation: ParallelGCFailedAllocation


Dynamic libraries:
00400000-00401000 r-xp 00000000 08:01 1708700                            /home/raptor/Softwares/jdk1.8.0_221/bin/java
00600000-00601000 r--p 00000000 08:01 1708700                            /home/raptor/Softwares/jdk1.8.0_221/bin/java
00601000-00602000 rw-p 00001000 08:01 1708700                            /home/raptor/Softwares/jdk1.8.0_221/bin/java
01225000-01267000 rw-p 00000000 00:00 0                                  [heap]
c0000000-c5400000 rw-p 00000000 00:00 0 
c5400000-eab00000 ---p 00000000 00:00 0 
eab00000-ef500000 rw-p 00000000 00:00 0 
f3500000-100000000 ---p 00000000 00:00 0 
100000000-100260000 rw-p 00000000 00:00 0 
100260000-140000000 ---p 00000000 00:00 0 
7fa6f4000000-7fa6f4021000 rw-p 00000000 00:00 0 
7fa6f4021000-7fa6f8000000 ---p 00000000 00:00 0 
7fa6f8000000-7fa6f8021000 rw-p 00000000 00:00 0 
7fa6f8021000-7fa6fc000000 ---p 00000000 00:00 0 
7fa6fc000000-7fa6fc2a7000 rw-p 00000000 00:00 0 
7fa6fc2a7000-7fa700000000 ---p 00000000 00:00 0 
7fa700000000-7fa700520000 rw-p 00000000 00:00 0 
7fa700520000-7fa704000000 ---p 00000000 00:00 0 
7fa704000000-7fa704021000 rw-p 00000000 00:00 0 
7fa704021000-7fa708000000 ---p 00000000 00:00 0 
7fa708000000-7fa70855f000 rw-p 00000000 00:00 0 
7fa70855f000-7fa70c000000 ---p 00000000 00:00 0 
7fa70c000000-7fa70c021000 rw-p 00000000 00:00 0 
7fa70c021000-7fa710000000 ---p 00000000 00:00 0 
7fa710000000-7fa710021000 rw-p 00000000 00:00 0 
7fa710021000-7fa714000000 ---p 00000000 00:00 0 
7fa714000000-7fa714021000 rw-p 00000000 00:00 0 
7fa714021000-7fa718000000 ---p 00000000 00:00 0 
7fa718000000-7fa71829d000 rw-p 00000000 00:00 0 
7fa71829d000-7fa71c000000 ---p 00000000 00:00 0 
7fa71c000000-7fa71c021000 rw-p 00000000 00:00 0 
7fa71c021000-7fa720000000 ---p 00000000 00:00 0 
7fa724000000-7fa724021000 rw-p 00000000 00:00 0 
7fa724021000-7fa728000000 ---p 00000000 00:00 0 
7fa72c000000-7fa72c021000 rw-p 00000000 00:00 0 
7fa72c021000-7fa730000000 ---p 00000000 00:00 0 
7fa732dfe000-7fa734dfe000 rw-p 00000000 00:00 0 
7fa738000000-7fa73804c000 rw-p 00000000 00:00 0 
7fa73804c000-7fa73c000000 ---p 00000000 00:00 0 
7fa73c594000-7fa73c5a7000 r--s 00345000 08:01 1708881                    /home/raptor/Softwares/jdk1.8.0_221/jre/lib/resources.jar
7fa73c5a7000-7fa73c7a7000 rw-p 00000000 00:00 0 
7fa73c7a7000-7fa73c9a7000 rw-p 00000000 00:00 0 
7fa73c9a7000-7fa73c9ac000 r--s 000a3000 08:01 1708968                    /home/raptor/Softwares/jdk1.8.0_221/jre/lib/jsse.jar
7fa73c9ac000-7fa73c9c2000 r-xp 00000000 08:01 1709010                    /home/raptor/Softwares/jdk1.8.0_221/jre/lib/amd64/libnet.so
7fa73c9c2000-7fa73cbc1000 ---p 00016000 08:01 1709010                    /home/raptor/Softwares/jdk1.8.0_221/jre/lib/amd64/libnet.so
7fa73cbc1000-7fa73cbc2000 r--p 00015000 08:01 1709010                    /home/raptor/Softwares/jdk1.8.0_221/jre/lib/amd64/libnet.so
7fa73cbc2000-7fa73cbc3000 rw-p 00016000 08:01 1709010                    /home/raptor/Softwares/jdk1.8.0_221/jre/lib/amd64/libnet.so
7fa73cbc3000-7fa73cdc3000 rw-p 00000000 00:00 0 
7fa73cdc3000-7fa73cdc5000 r--s 00017000 08:01 1340108                    /home/raptor/Softwares/spark-2.4.4-bin-hadoop-2.7-scala-2.12/jars/spark-mllib-local_2.12-2.4.4.jar
7fa73cdc5000-7fa73cdc6000 r--s 00013000 08:01 1340139                    /home/raptor/Softwares/spark-2.4.4-bin-hadoop-2.7-scala-2.12/jars/okio-1.13.0.jar
7fa73cdc6000-7fa73cdfb000 r--s 0054c000 08:01 1340101                    /home/raptor/Softwares/spark-2.4.4-bin-hadoop-2.7-scala-2.12/jars/spark-sql_2.12-2.4.4.jar
7fa73cdfb000-7fa73cdfe000 r--s 00006000 08:01 1340161                    /home/raptor/Softwares/spark-2.4.4-bin-hadoop-2.7-scala-2.12/jars/jsr305-1.3.9.jar
7fa73cdfe000-7fa73ce00000 r--s 00012000 08:01 1340196                    /home/raptor/Softwares/spark-2.4.4-bin-hadoop-2.7-scala-2.12/jars/compress-lzf-1.0.3.jar
7fa73ce00000-7fa73ce0a000 r--s 000a5000 08:01 1340179                    /home/raptor/Softwares/spark-2.4.4-bin-hadoop-2.7-scala-2.12/jars/javassist-3.18.1-GA.jar
7fa73ce0a000-7fa73ce20000 r--s 00124000 08:01 1340188                    /home/raptor/Softwares/spark-2.4.4-bin-hadoop-2.7-scala-2.12/jars/ivy-2.4.0.jar
7fa73ce20000-7fa73ce38000 r--s 000d6000 08:01 1340169                    /home/raptor/Softwares/spark-2.4.4-bin-hadoop-2.7-scala-2.12/jars/jersey-guava-2.22.2.jar
7fa73ce38000-7fa73ce3b000 r--s 0001e000 08:01 1340210                    /home/raptor/Softwares/spark-2.4.4-bin-hadoop-2.7-scala-2.12/jars/avro-ipc-1.8.2.jar
7fa73ce3b000-7fa73ce3c000 r--s 00000000 08:01 1340117                    /home/raptor/Softwares/spark-2.4.4-bin-hadoop-2.7-scala-2.12/jars/shims-0.7.45.jar
7fa73ce3c000-7fa73ce3f000 r--s 0000f000 08:01 1340104                    /home/raptor/Softwares/spark-2.4.4-bin-hadoop-2.7-scala-2.12/jars/spark-network-shuffle_2.12-2.4.4.jar
7fa73ce3f000-7fa73ce54000 r--s 00142000 08:01 1325703                    /home/raptor/Softwares/spark-2.4.4-bin-hadoop-2.7-scala-2.12/jars/jackson-databind-2.10.1.jar
7fa73ce54000-7fa73ce66000 r--s 00112000 08:01 1340216                    /home/raptor/Softwares/spark-2.4.4-bin-hadoop-2.7-scala-2.12/jars/arpack_combined_all-0.1.jar
7fa73ce66000-7fa73ce6e000 r--s 0005b000 08:01 1340092                    /home/raptor/Softwares/spark-2.4.4-bin-hadoop-2.7-scala-2.12/jars/univocity-parsers-2.7.3.jar
7fa73ce6e000-7fa73ce70000 r--s 0000e000 08:01 1340233                    /home/raptor/Softwares/spark-2.4.4-bin-hadoop-2.7-scala-2.12/jars/hadoop-mapreduce-client-jobclient-2.7.3.jar
7fa73ce70000-7fa73ce71000 r--s 00003000 08:01 1340098                    /home/raptor/Softwares/spark-2.4.4-bin-hadoop-2.7-scala-2.12/jars/spark-tags_2.12-2.4.4.jar
7fa73ce71000-7fa73ce72000 r--s 00009000 08:01 1339136                    /home/raptor/Softwares/spark-2.4.4-bin-hadoop-2.7-scala-2.12/jars/hadoop-annotations-2.7.3.jar
7fa73ce72000-7fa73ce75000 r--s 0004d000 08:01 1340096                    /home/raptor/Softwares/spark-2.4.4-bin-hadoop-2.7-scala-2.12/jars/spark-yarn_2.12-2.4.4.jar
7fa73ce75000-7fa73ce76000 r--s 00006000 08:01 1323284                    /home/raptor/Softwares/spark-2.4.4-bin-hadoop-2.7-scala-2.12/jars/orc-shims-1.5.5.jar
7fa73ce76000-7fa73ce78000 r--s 00002000 08:01 1340153                    /home/raptor/Softwares/spark-2.4.4-bin-hadoop-2.7-scala-2.12/jars/logging-interceptor-3.12.0.jar
7fa73ce78000-7fa73ce7b000 r--s 001eb000 08:01 1340115                    /home/raptor/Softwares/spark-2.4.4-bin-hadoop-2.7-scala-2.12/jars/snappy-java-1.1.7.3.jar
7fa73ce7b000-7fa73ce89000 r--s 00089000 08:01 1325708                    /home/raptor/Softwares/spark-2.4.4-bin-hadoop-2.7-scala-2.12/jars/json4s-scalap_2.11-3.5.3.jar
7fa73ce89000-7fa73ce8e000 r--s 00041000 08:01 1340127                    /home/raptor/Softwares/spark-2.4.4-bin-hadoop-2.7-scala-2.12/jars/parquet-hadoop-1.10.1.jar
7fa73ce8e000-7fa73ce98000 r--s 0007b000 08:01 1340230                    /home/raptor/Softwares/spark-2.4.4-bin-hadoop-2.7-scala-2.12/jars/hadoop-mapreduce-client-app-2.7.3.jar
7fa73ce98000-7fa73ce9a000 r--s 0000e000 08:01 1317471                    /home/raptor/Softwares/spark-2.4.4-bin-hadoop-2.7-scala-2.12/jars/guice-servlet-3.0.jar
7fa73ce9a000-7fa73ce9c000 r--s 00010000 08:01 1340095                    /home/raptor/Softwares/spark-2.4.4-bin-hadoop-2.7-scala-2.12/jars/spire-macros_2.12-0.13.0.jar
7fa73ce9c000-7fa73cea0000 r--s 00025000 08:01 1340173                    /home/raptor/Softwares/spark-2.4.4-bin-hadoop-2.7-scala-2.12/jars/jersey-client-2.22.2.jar
7fa73cea0000-7fa73d0a0000 rw-p 00000000 00:00 0 
7fa73d0a0000-7fa73d0a2000 r--s 00011000 08:01 1340110                    /home/raptor/Softwares/spark-2.4.4-bin-hadoop-2.7-scala-2.12/jars/spark-launcher_2.12-2.4.4.jar
7fa73d0a2000-7fa73d0b4000 r--s 00184000 08:01 1325799                    /home/raptor/Softwares/spark-2.4.4-bin-hadoop-2.7-scala-2.12/jars/protobuf-java-3.11.1.jar
7fa73d0b4000-7fa73d0b8000 r--s 0001a000 08:01 1340190                    /home/raptor/Softwares/spark-2.4.4-bin-hadoop-2.7-scala-2.12/jars/hk2-utils-2.4.0-b34.jar
7fa73d0b8000-7fa73d0ba000 r--s 0000d000 08:01 1340206                    /home/raptor/Softwares/spark-2.4.4-bin-hadoop-2.7-scala-2.12/jars/chill-java-0.9.3.jar
7fa73d0ba000-7fa73d0bd000 r--s 00015000 08:01 1340176                    /home/raptor/Softwares/spark-2.4.4-bin-hadoop-2.7-scala-2.12/jars/javax.servlet-api-3.1.0.jar
7fa73d0bd000-7fa73d0bf000 r--s 00007000 08:01 1340132                    /home/raptor/Softwares/spark-2.4.4-bin-hadoop-2.7-scala-2.12/jars/paranamer-2.8.jar
7fa73d0bf000-7fa73d0c1000 r--s 00017000 08:01 1324880                    /home/raptor/Softwares/spark-2.4.4-bin-hadoop-2.7-scala-2.12/jars/hive-jdbc-1.2.1.spark2.jar
7fa73d0c1000-7fa73d0c4000 r--s 0000e000 08:01 1340170                    /home/raptor/Softwares/spark-2.4.4-bin-hadoop-2.7-scala-2.12/jars/jersey-container-servlet-core-2.22.2.jar
7fa73d0c4000-7fa73d0d8000 r--s 0016b000 08:01 1323282                    /home/raptor/Softwares/spark-2.4.4-bin-hadoop-2.7-scala-2.12/jars/orc-core-1.5.5-nohive.jar
7fa73d0d8000-7fa73d0dc000 r--s 0002a000 08:01 1340209                    /home/raptor/Softwares/spark-2.4.4-bin-hadoop-2.7-scala-2.12/jars/avro-mapred-1.8.2-hadoop2.jar
7fa73d0dc000-7fa73d0de000 r--s 00007000 08:01 1340151                    /home/raptor/Softwares/spark-2.4.4-bin-hadoop-2.7-scala-2.12/jars/machinist_2.12-0.6.1.jar
7fa73d0de000-7fa73d0e4000 r--s 0003c000 08:01 1340116                    /home/raptor/Softwares/spark-2.4.4-bin-hadoop-2.7-scala-2.12/jars/snakeyaml-1.15.jar
7fa73d0e4000-7fa73d0e5000 r--s 00009000 08:01 1324878                    /home/raptor/Softwares/spark-2.4.4-bin-hadoop-2.7-scala-2.12/jars/hive-cli-1.2.1.spark2.jar
7fa73d0e5000-7fa73d0ea000 r--s 00051000 08:01 1325702                    /home/raptor/Softwares/spark-2.4.4-bin-hadoop-2.7-scala-2.12/jars/jackson-core-2.10.1.jar
7fa73d0ea000-7fa73d10b000 r--s 00177000 08:01 1340189                    /home/raptor/Softwares/spark-2.4.4-bin-hadoop-2.7-scala-2.12/jars/hppc-0.7.2.jar
7fa73d10b000-7fa73d10f000 r--s 00019000 08:01 1340175                    /home/raptor/Softwares/spark-2.4.4-bin-hadoop-2.7-scala-2.12/jars/javax.ws.rs-api-2.0.1.jar
7fa73d10f000-7fa73d117000 r--s 0005d000 08:01 1340158                    /home/raptor/Softwares/spark-2.4.4-bin-hadoop-2.7-scala-2.12/jars/kryo-shaded-4.0.2.jar
7fa73d117000-7fa73d119000 r--s 0001c000 08:01 1340125                    /home/raptor/Softwares/spark-2.4.4-bin-hadoop-2.7-scala-2.12/jars/py4j-0.10.7.jar
7fa73d119000-7fa73d11e000 r--s 0003e000 08:01 1340197                    /home/raptor/Softwares/spark-2.4.4-bin-hadoop-2.7-scala-2.12/jars/commons-net-3.1.jar
7fa73d11e000-7fa73d125000 r--s 00053000 08:01 1340202                    /home/raptor/Softwares/spark-2.4.4-bin-hadoop-2.7-scala-2.12/jars/commons-compress-1.8.1.jar
7fa73d125000-7fa73d127000 r--s 0000b000 08:01 1340097                    /home/raptor/Softwares/spark-2.4.4-bin-hadoop-2.7-scala-2.12/jars/spark-unsafe_2.12-2.4.4.jar
7fa73d127000-7fa73d12a000 r--s 00017000 08:01 1325778                    /home/raptor/Softwares/spark-2.4.4-bin-hadoop-2.7-scala-2.12/jars/json4s-ext_2.12-3.5.3.jar
7fa73d12a000-7fa73d12b000 r--s 00004000 08:01 1340133                    /home/raptor/Softwares/spark-2.4.4-bin-hadoop-2.7-scala-2.12/jars/osgi-resource-locator-1.0.1.jar
7fa73d12b000-7fa73d12d000 r--s 0000b000 08:01 1340103                    /home/raptor/Softwares/spark-2.4.4-bin-hadoop-2.7-scala-2.12/jars/spark-repl_2.12-2.4.4.jar
7fa73d12d000-7fa73d134000 r--s 0004d000 08:01 1325698                    /home/raptor/Softwares/spark-2.4.4-bin-hadoop-2.7-scala-2.12/jars/jackson-module-scala_2.12-2.10.1.jar
7fa73d134000-7fa73d135000 r--s 00000000 08:01 1340155                    /home/raptor/Softwares/spark-2.4.4-bin-hadoop-2.7-scala-2.12/jars/kubernetes-model-common-4.1.2.jar
7fa73d135000-7fa73d1b5000 r--s 00c34000 08:01 1340207                    /home/raptor/Softwares/spark-2.4.4-bin-hadoop-2.7-scala-2.12/jars/breeze_2.12-0.13.2.jar
7fa73d1b5000-7fa73d1f6000 r--s 0035a000 08:01 1340142                    /home/raptor/Softwares/spark-2.4.4-bin-hadoop-2.7-scala-2.12/jars/netty-all-4.1.17.Final.jar
7fa73d1f6000-7fa73d1fe000 r--s 0006e000 08:01 1340199                    /home/raptor/Softwares/spark-2.4.4-bin-hadoop-2.7-scala-2.12/jars/commons-lang3-3.5.jar
7fa73d1fe000-7fa73d261000 r--s 004de000 08:01 1324881                    /home/raptor/Softwares/spark-2.4.4-bin-hadoop-2.7-scala-2.12/jars/hive-metastore-1.2.1.spark2.jar
7fa73d261000-7fa73d285000 r--s 001cd000 08:01 1340198                    /home/raptor/Softwares/spark-2.4.4-bin-hadoop-2.7-scala-2.12/jars/commons-math3-3.4.1.jar
7fa73d285000-7fa73d29c000 r--s 00183000 08:01 1340237                    /home/raptor/Softwares/spark-2.4.4-bin-hadoop-2.7-scala-2.12/jars/hadoop-yarn-common-2.7.3.jar
7fa73d29c000-7fa73d29d000 r--s 00003000 08:01 1340146                    /home/raptor/Softwares/spark-2.4.4-bin-hadoop-2.7-scala-2.12/jars/metrics-json-3.1.5.jar
7fa73d29d000-7fa73d29e000 r--s 00006000 08:01 1340223                    /home/raptor/Softwares/spark-2.4.4-bin-hadoop-2.7-scala-2.12/jars/hadoop-client-2.7.3.jar
7fa73d29e000-7fa73d2a0000 r--s 00013000 08:01 1314238                    /home/raptor/Softwares/spark-2.4.4-bin-hadoop-2.7-scala-2.12/jars/json4s-ast_2.12-3.5.3.jar
7fa73d2a0000-7fa73d2ae000 r--s 000b1000 08:01 1325785                    /home/raptor/Softwares/spark-2.4.4-bin-hadoop-2.7-scala-2.12/jars/jackson-mapper-asl-1.9.13.jar
7fa73d2ae000-7fa73d319000 r--s 00784000 08:01 1340229                    /home/raptor/Softwares/spark-2.4.4-bin-hadoop-2.7-scala-2.12/jars/hadoop-hdfs-2.7.3.jar
7fa73d319000-7fa73d31a000 r--s 00003000 08:01 1340193                    /home/raptor/Softwares/spark-2.4.4-bin-hadoop-2.7-scala-2.12/jars/generex-1.0.1.jar
7fa73d31a000-7fa73d31c000 r--s 00002000 08:01 1340217                    /home/raptor/Softwares/spark-2.4.4-bin-hadoop-2.7-scala-2.12/jars/aopalliance-repackaged-2.4.0-b34.jar
7fa73d31c000-7fa73d31d000 r--s 00004000 08:01 1325710                    /home/raptor/Softwares/spark-2.4.4-bin-hadoop-2.7-scala-2.12/jars/jackson-jaxrs-1.9.13.jar
7fa73d31d000-7fa73d325000 r--s 00049000 08:01 1580739                    /home/raptor/Softwares/spark-2.4.4-bin-hadoop-2.7-scala-2.12/jars/httpcore-4.4.12.jar
7fa73d325000-7fa73d327000 r--s 00004000 08:01 1340147                    /home/raptor/Softwares/spark-2.4.4-bin-hadoop-2.7-scala-2.12/jars/metrics-graphite-3.1.5.jar
7fa73d327000-7fa73d336000 r--s 0009f000 08:01 1315764                    /home/raptor/Softwares/spark-2.4.4-bin-hadoop-2.7-scala-2.12/jars/guice-3.0.jar
7fa73d336000-7fa73d357000 r--s 0015c000 08:01 1340211                    /home/raptor/Softwares/spark-2.4.4-bin-hadoop-2.7-scala-2.12/jars/avro-1.8.2.jar
7fa73d357000-7fa73d35d000 r--s 00072000 08:01 1325712                    /home/raptor/Softwares/spark-2.4.4-bin-hadoop-2.7-scala-2.12/jars/json4s-core_2.12-3.5.3.jar
7fa73d35d000-7fa73d361000 r--s 0001a000 08:01 1340148                    /home/raptor/Softwares/spark-2.4.4-bin-hadoop-2.7-scala-2.12/jars/metrics-core-3.1.5.jar
7fa73d361000-7fa73d362000 r--s 00003000 08:01 1311981                    /home/raptor/Softwares/spark-2.4.4-bin-hadoop-2.7-scala-2.12/jars/slf4j-simple-1.7.29.jar
7fa73d362000-7fa73d363000 r--s 00000000 08:01 1340150                    /home/raptor/Softwares/spark-2.4.4-bin-hadoop-2.7-scala-2.12/jars/macro-compat_2.12-1.1.1.jar
7fa73d363000-7fa73d365000 r--s 00012000 08:01 1340214                    /home/raptor/Softwares/spark-2.4.4-bin-hadoop-2.7-scala-2.12/jars/arrow-memory-0.10.0.jar
7fa73d365000-7fa73d367000 r--s 00003000 08:01 1340174                    /home/raptor/Softwares/spark-2.4.4-bin-hadoop-2.7-scala-2.12/jars/jcl-over-slf4j-1.7.16.jar
7fa73d367000-7fa73d369000 r--s 00003000 08:01 1340171                    /home/raptor/Softwares/spark-2.4.4-bin-hadoop-2.7-scala-2.12/jars/jersey-container-servlet-2.22.2.jar
7fa73d369000-7fa73d36a000 r--s 00001000 08:01 1340144                    /home/raptor/Softwares/spark-2.4.4-bin-hadoop-2.7-scala-2.12/jars/minlog-1.3.0.jar
7fa73d36a000-7fa73d36b000 r--s 00004000 08:01 1340138                    /home/raptor/Softwares/spark-2.4.4-bin-hadoop-2.7-scala-2.12/jars/opencsv-2.3.jar
7fa73d36b000-7fa73d36e000 r--s 00026000 08:01 1340236                    /home/raptor/Softwares/spark-2.4.4-bin-hadoop-2.7-scala-2.12/jars/hadoop-yarn-client-2.7.3.jar
7fa73d36e000-7fa73d371000 r--s 00045000 08:01 1340109                    /home/raptor/Softwares/spark-2.4.4-bin-hadoop-2.7-scala-2.12/jars/spark-mesos_2.12-2.4.4.jar
7fa73d371000-7fa73d376000 r--s 00041000 08:01 1340200                    /home/raptor/Softwares/spark-2.4.4-bin-hadoop-2.7-scala-2.12/jars/commons-lang-2.6.jar
7fa73d376000-7fa73d37f000 r--s 0006f000 08:01 1311970                    /home/raptor/Softwares/spark-2.4.4-bin-hadoop-2.7-scala-2.12/jars/log4j-1.2.17.jar
7fa73d37f000-7fa73d3b7000 r--s 004d0000 08:01 1340122                    /home/raptor/Softwares/spark-2.4.4-bin-hadoop-2.7-scala-2.12/jars/scala-library-2.12.8.jar
7fa73d3b7000-7fa73d3bc000 r--s 00041000 08:01 1340090                    /home/raptor/Softwares/spark-2.4.4-bin-hadoop-2.7-scala-2.12/jars/xbean-asm6-shaded-4.8.jar
7fa73d3bc000-7fa73d3f2000 r--s 0031c000 08:01 1340225                    /home/raptor/Softwares/spark-2.4.4-bin-hadoop-2.7-scala-2.12/jars/hadoop-common-2.7.3.jar
7fa73d3f2000-7fa73d3f5000 r--s 0000b000 08:01 1340141                    /home/raptor/Softwares/spark-2.4.4-bin-hadoop-2.7-scala-2.12/jars/objenesis-2.5.1.jar
7fa73d3f5000-7fa73d3f8000 r--s 00058000 08:01 1340152                    /home/raptor/Softwares/spark-2.4.4-bin-hadoop-2.7-scala-2.12/jars/lz4-java-1.4.0.jar
7fa73d3f8000-7fa73d3ff000 r--s 00052000 08:01 1311077                    /home/raptor/Softwares/spark-2.4.4-bin-hadoop-2.7-scala-2.12/jars/commons-configuration-1.10.jar
7fa73d3ff000-7fa73d400000 r--s 00002000 08:01 1314135                    /home/raptor/Softwares/spark-2.4.4-bin-hadoop-2.7-scala-2.12/jars/slf4j-log4j12-1.7.29.jar
7fa73d400000-7fa73d404000 r--s 00065000 08:01 1340113                    /home/raptor/Softwares/spark-2.4.4-bin-hadoop-2.7-scala-2.12/jars/spark-graphx_2.12-2.4.4.jar
7fa73d404000-7fa73d406000 r--s 00008000 08:01 1340203                    /home/raptor/Softwares/spark-2.4.4-bin-hadoop-2.7-scala-2.12/jars/commons-compiler-3.0.9.jar
7fa73d406000-7fa73d41a000 r--s 000ec000 08:01 1340126                    /home/raptor/Softwares/spark-2.4.4-bin-hadoop-2.7-scala-2.12/jars/parquet-jackson-1.10.1.jar
7fa73d41a000-7fa73d433000 r--s 00227000 08:01 1323159                    /home/raptor/Softwares/spark-2.4.4-bin-hadoop-2.7-scala-2.12/jars/mysql-connector-java-8.0.19.jar
7fa73d433000-7fa73d435000 r--s 00027000 08:01 1340195                    /home/raptor/Softwares/spark-2.4.4-bin-hadoop-2.7-scala-2.12/jars/core-1.1.2.jar
7fa73d435000-7fa73d439000 r--s 0004b000 08:01 1340112                    /home/raptor/Softwares/spark-2.4.4-bin-hadoop-2.7-scala-2.12/jars/spark-kubernetes_2.12-2.4.4.jar
7fa73d439000-7fa73d43e000 r--s 00027000 08:01 1340212                    /home/raptor/Softwares/spark-2.4.4-bin-hadoop-2.7-scala-2.12/jars/automaton-1.11-8.jar
7fa73d43e000-7fa73d449000 r--s 000b0000 08:01 1340160                    /home/raptor/Softwares/spark-2.4.4-bin-hadoop-2.7-scala-2.12/jars/jtransforms-2.4.0.jar
7fa73d449000-7fa73d44a000 r--s 00002000 08:01 1340194                    /home/raptor/Softwares/spark-2.4.4-bin-hadoop-2.7-scala-2.12/jars/flatbuffers-1.2.0-3f79e055.jar
7fa73d44a000-7fa73d44e000 r--s 00029000 08:01 1340191                    /home/raptor/Softwares/spark-2.4.4-bin-hadoop-2.7-scala-2.12/jars/hk2-locator-2.4.0-b34.jar
7fa73d44e000-7fa73d455000 r--s 0003f000 08:01 1340204                    /home/raptor/Softwares/spark-2.4.4-bin-hadoop-2.7-scala-2.12/jars/commons-codec-1.10.jar
7fa73d455000-7fa73d458000 r--s 000fd000 08:01 1340154                    /home/raptor/Softwares/spark-2.4.4-bin-hadoop-2.7-scala-2.12/jars/leveldbjni-all-1.8.jar
7fa73d458000-7fa73d499000 r--s 006c0000 08:01 1340149                    /home/raptor/Softwares/spark-2.4.4-bin-hadoop-2.7-scala-2.12/jars/mesos-1.4.0-shaded-protobuf.jar
7fa73d499000-7fa73d49a000 r--s 00001000 08:01 1340177                    /home/raptor/Softwares/spark-2.4.4-bin-hadoop-2.7-scala-2.12/jars/javax.inject-2.4.0-b34.jar
7fa73d49a000-7fa73d4b7000 r--s 001d5000 08:01 1340235                    /home/raptor/Softwares/spark-2.4.4-bin-hadoop-2.7-scala-2.12/jars/hadoop-yarn-api-2.7.3.jar
7fa73d4b7000-7fa73d4c3000 r--s 0010f000 08:01 1340100                    /home/raptor/Softwares/spark-2.4.4-bin-hadoop-2.7-scala-2.12/jars/spark-streaming_2.12-2.4.4.jar
7fa73d4c3000-7fa73d4c6000 r--s 0002d000 08:01 1340205                    /home/raptor/Softwares/spark-2.4.4-bin-hadoop-2.7-scala-2.12/jars/chill_2.12-0.9.3.jar
7fa73d4c6000-7fa73d4cc000 r--s 0004c000 08:01 1340218                    /home/raptor/Softwares/spark-2.4.4-bin-hadoop-2.7-scala-2.12/jars/antlr4-runtime-4.7.jar
7fa73d4cc000-7fa73d4d2000 r--s 0005c000 08:01 1340140                    /home/raptor/Softwares/spark-2.4.4-bin-hadoop-2.7-scala-2.12/jars/okhttp-3.8.1.jar
7fa73d4d2000-7fa73d4d5000 r--s 00015000 08:01 1340124                    /home/raptor/Softwares/spark-2.4.4-bin-hadoop-2.7-scala-2.12/jars/pyrolite-4.13.jar
7fa73d4d5000-7fa73d4d7000 r--s 00238000 08:01 1340087                    /home/raptor/Softwares/spark-2.4.4-bin-hadoop-2.7-scala-2.12/jars/zstd-jni-1.3.2-2.jar
7fa73d4d7000-7fa73d4d9000 r--s 00010000 08:01 1340234                    /home/raptor/Softwares/spark-2.4.4-bin-hadoop-2.7-scala-2.12/jars/hadoop-mapreduce-client-shuffle-2.7.3.jar
7fa73d4d9000-7fa73d4db000 r--s 00020000 08:01 1323368                    /home/raptor/Softwares/spark-2.4.4-bin-hadoop-2.7-scala-2.12/jars/hive-beeline-1.2.1.spark2.jar
7fa73d4db000-7fa73d52a000 r--s 009b7000 08:01 1340123                    /home/raptor/Softwares/spark-2.4.4-bin-hadoop-2.7-scala-2.12/jars/scala-compiler-2.12.8.jar
7fa73d52a000-7fa73d52d000 r--s 00028000 08:01 1340093                    /home/raptor/Softwares/spark-2.4.4-bin-hadoop-2.7-scala-2.12/jars/stream-2.7.0.jar
7fa73d52d000-7fa73d52f000 r--s 0000b000 08:01 1340215                    /home/raptor/Softwares/spark-2.4.4-bin-hadoop-2.7-scala-2.12/jars/arrow-format-0.10.0.jar
7fa73d52f000-7fa73d531000 r--s 00010000 08:01 1340168                    /home/raptor/Softwares/spark-2.4.4-bin-hadoop-2.7-scala-2.12/jars/jersey-media-jaxb-2.22.2.jar
7fa73d531000-7fa73d535000 r--s 00014000 08:01 1340130                    /home/raptor/Softwares/spark-2.4.4-bin-hadoop-2.7-scala-2.12/jars/parquet-common-1.10.1.jar
7fa73d535000-7fa73d53a000 r--s 0002a000 08:01 1315763                    /home/raptor/Softwares/spark-2.4.4-bin-hadoop-2.7-scala-2.12/jars/gson-2.2.4.jar
7fa73d53a000-7fa73d54c000 r--s 000b3000 08:01 1325674                    /home/raptor/Softwares/spark-2.4.4-bin-hadoop-2.7-scala-2.12/jars/scalap-2.11.8.jar
7fa73d54c000-7fa73d54e000 r--s 0000e000 08:01 1340134                    /home/raptor/Softwares/spark-2.4.4-bin-hadoop-2.7-scala-2.12/jars/oro-2.0.8.jar
7fa73d54e000-7fa73d567000 r--s 00164000 08:01 1340232                    /home/raptor/Softwares/spark-2.4.4-bin-hadoop-2.7-scala-2.12/jars/hadoop-mapreduce-client-core-2.7.3.jar
7fa73d567000-7fa73d56a000 r--s 0000e000 08:01 1321320                    /home/raptor/Softwares/spark-2.4.4-bin-hadoop-2.7-scala-2.12/jars/jackson-annotations-2.10.1.jar
7fa73d56a000-7fa73d56f000 r--s 00027000 08:01 1340192                    /home/raptor/Softwares/spark-2.4.4-bin-hadoop-2.7-scala-2.12/jars/hk2-api-2.4.0-b34.jar
7fa73d56f000-7fa73d5ac000 r--s 008fa000 08:01 1340094                    /home/raptor/Softwares/spark-2.4.4-bin-hadoop-2.7-scala-2.12/jars/spire_2.12-0.13.0.jar
7fa73d5ac000-7fa73d5ae000 r--s 00009000 08:01 1325706                    /home/raptor/Softwares/spark-2.4.4-bin-hadoop-2.7-scala-2.12/jars/jackson-module-paranamer-2.10.1.jar
7fa73d5ae000-7fa73d5b0000 r--s 00015000 08:01 1339141                    /home/raptor/Softwares/spark-2.4.4-bin-hadoop-2.7-scala-2.12/jars/hadoop-auth-2.7.3.jar
7fa73d5b0000-7fa73d5b3000 r--s 00034000 08:01 1340121                    /home/raptor/Softwares/spark-2.4.4-bin-hadoop-2.7-scala-2.12/jars/scala-parser-combinators_2.12-1.1.0.jar
7fa73d5b3000-7fa73d5c0000 r--s 000b1000 08:01 1340231                    /home/raptor/Softwares/spark-2.4.4-bin-hadoop-2.7-scala-2.12/jars/hadoop-mapreduce-client-common-2.7.3.jar
7fa73d5c0000-7fa73d5c1000 r--s 00009000 08:01 1325791                    /home/raptor/Softwares/spark-2.4.4-bin-hadoop-2.7-scala-2.12/jars/json4s-jackson_2.12-3.5.3.jar
7fa73d5c1000-7fa73d5cc000 r--s 000bc000 08:01 1323283                    /home/raptor/Softwares/spark-2.4.4-bin-hadoop-2.7-scala-2.12/jars/orc-mapreduce-1.5.5-nohive.jar
7fa73d5cc000-7fa73d5d7000 r--s 000c5000 08:01 1340129                    /home/raptor/Softwares/spark-2.4.4-bin-hadoop-2.7-scala-2.12/jars/parquet-encoding-1.10.1.jar
7fa73d5d7000-7fa73d5db000 r--s 00035000 08:01 1325707                    /home/raptor/Softwares/spark-2.4.4-bin-hadoop-2.7-scala-2.12/jars/jackson-core-asl-1.9.13.jar
7fa73d5db000-7fa73d5e2000 r--s 00058000 08:01 1340238                    /home/raptor/Softwares/spark-2.4.4-bin-hadoop-2.7-scala-2.12/jars/hadoop-yarn-server-common-2.7.3.jar
7fa73d5e2000-7fa73d68b000 r--s 00a4f000 08:01 1324879                    /home/raptor/Softwares/spark-2.4.4-bin-hadoop-2.7-scala-2.12/jars/hive-exec-1.2.1.spark2.jar
7fa73d68b000-7fa73d6ba000 r--s 0021a000 08:01 1340105                    /home/raptor/Softwares/spark-2.4.4-bin-hadoop-2.7-scala-2.12/jars/spark-network-common_2.12-2.4.4.jar
7fa73d6ba000-7fa73d6f0000 r--s 004da000 08:01 1340107                    /home/raptor/Softwares/spark-2.4.4-bin-hadoop-2.7-scala-2.12/jars/spark-mllib_2.12-2.4.4.jar
7fa73d6f0000-7fa73d6f2000 r--s 00009000 08:01 1313063                    /home/raptor/Softwares/spark-2.4.4-bin-hadoop-2.7-scala-2.12/jars/slf4j-api-1.7.29.jar
7fa73d6f2000-7fa73d745000 r--s 007f4000 08:01 1340114                    /home/raptor/Softwares/spark-2.4.4-bin-hadoop-2.7-scala-2.12/jars/spark-core_2.12-2.4.4.jar
7fa73d745000-7fa73d755000 r--s 00133000 08:01 1340213                    /home/raptor/Softwares/spark-2.4.4-bin-hadoop-2.7-scala-2.12/jars/arrow-vector-0.10.0.jar
7fa73d755000-7fa73d760000 r--s 000b9000 08:01 1340180                    /home/raptor/Softwares/spark-2.4.4-bin-hadoop-2.7-scala-2.12/jars/janino-3.0.9.jar
7fa73d760000-7fa73d762000 r--s 00000000 08:01 1340159                    /home/raptor/Softwares/spark-2.4.4-bin-hadoop-2.7-scala-2.12/jars/jul-to-slf4j-1.7.16.jar
7fa73d762000-7fa73d764000 r--s 00015000 08:01 1325800                    /home/raptor/Softwares/spark-2.4.4-bin-hadoop-2.7-scala-2.12/jars/json4s-native_2.12-3.5.3.jar
7fa73d764000-7fa73d766000 r--s 0001d000 08:01 1340208                    /home/raptor/Softwares/spark-2.4.4-bin-hadoop-2.7-scala-2.12/jars/breeze-macros_2.12-0.13.2.jar
7fa73d766000-7fa73d76a000 r--s 0004c000 08:01 1340220                    /home/raptor/Softwares/spark-2.4.4-bin-hadoop-2.7-scala-2.12/jars/RoaringBitmap-0.7.45.jar
7fa73d76a000-7fa73d77b000 r--s 00089000 08:01 1340166                    /home/raptor/Softwares/spark-2.4.4-bin-hadoop-2.7-scala-2.12/jars/joda-time-2.9.3.jar
7fa73d77b000-7fa73d77e000 r--s 0001e000 08:01 1340219                    /home/raptor/Softwares/spark-2.4.4-bin-hadoop-2.7-scala-2.12/jars/aircompressor-0.10.jar
7fa73d77e000-7fa73d780000 r--s 0001f000 08:01 1340201                    /home/raptor/Softwares/spark-2.4.4-bin-hadoop-2.7-scala-2.12/jars/commons-crypto-1.0.0.jar
7fa73d780000-7fa73d78e000 r--s 000a3000 08:01 1340128                    /home/raptor/Softwares/spark-2.4.4-bin-hadoop-2.7-scala-2.12/jars/parquet-format-2.4.0.jar
7fa73d78e000-7fa73d79c000 r--s 0009d000 08:01 1340172                    /home/raptor/Softwares/spark-2.4.4-bin-hadoop-2.7-scala-2.12/jars/jersey-common-2.22.2.jar
7fa73d79c000-7fa73d7bf000 r--s 00357000 08:01 1340120                    /home/raptor/Softwares/spark-2.4.4-bin-hadoop-2.7-scala-2.12/jars/scala-reflect-2.12.8.jar
7fa73d7bf000-7fa73d7ea000 r--s 00288000 08:01 1340118                    /home/raptor/Softwares/spark-2.4.4-bin-hadoop-2.7-scala-2.12/jars/shapeless_2.12-2.3.2.jar
7fa73d7ea000-7fa73d7ec000 r--s 0000c000 08:01 1325815                    /home/raptor/Softwares/spark-2.4.4-bin-hadoop-2.7-scala-2.12/jars/commons-cli-1.4.jar
7fa73d7ec000-7fa73d7ee000 r--s 0000c000 08:01 1340111                    /home/raptor/Softwares/spark-2.4.4-bin-hadoop-2.7-scala-2.12/jars/spark-kvstore_2.12-2.4.4.jar
7fa73d7ee000-7fa73d838000 r--s 00679000 08:01 1311071                    /home/raptor/Softwares/spark-2.4.4-bin-hadoop-2.7-scala-2.12/jars/spark-catalyst_2.12-2.4.4.jar
7fa73d838000-7fa73d914000 r--s 00818000 08:01 1340156                    /home/raptor/Softwares/spark-2.4.4-bin-hadoop-2.7-scala-2.12/jars/kubernetes-model-4.1.2.jar
7fa73d914000-7fa73d919000 r--s 00081000 08:01 1340119                    /home/raptor/Softwares/spark-2.4.4-bin-hadoop-2.7-scala-2.12/jars/scala-xml_2.12-1.0.5.jar
7fa73d919000-7fa73d925000 r--s 00073000 08:01 1311984                    /home/raptor/Softwares/spark-2.4.4-bin-hadoop-2.7-scala-2.12/jars/commons-collections-3.0.jar
7fa73d925000-7fa73d93e000 r--s 0012c000 08:01 1340143                    /home/raptor/Softwares/spark-2.4.4-bin-hadoop-2.7-scala-2.12/jars/netty-3.9.9.Final.jar
7fa73d93e000-7fa73d96a000 r--s 00208000 08:01 1325780                    /home/raptor/Softwares/spark-2.4.4-bin-hadoop-2.7-scala-2.12/jars/guava-19.0.jar
7fa73d96a000-7fa73d983000 r--s 000f4000 08:01 1340131                    /home/raptor/Softwares/spark-2.4.4-bin-hadoop-2.7-scala-2.12/jars/parquet-column-1.10.1.jar
7fa73d983000-7fa73d99c000 r--s 00150000 08:01 1325798                    /home/raptor/Softwares/spark-2.4.4-bin-hadoop-2.7-scala-2.12/jars/htrace-core-3.1.0-incubating.jar
7fa73d99c000-7fa73d9b2000 r--s 000d3000 08:01 1340167                    /home/raptor/Softwares/spark-2.4.4-bin-hadoop-2.7-scala-2.12/jars/jersey-server-2.22.2.jar
7fa73d9b2000-7fa73d9b3000 ---p 00000000 00:00 0 
7fa73d9b3000-7fa73dab3000 rw-p 00000000 00:00 0 
7fa73dab3000-7fa73dab6000 ---p 00000000 00:00 0 
7fa73dab6000-7fa73dbb4000 rw-p 00000000 00:00 0 
7fa73dbb4000-7fa73dbb5000 ---p 00000000 00:00 0 
7fa73dbb5000-7fa73dbb8000 ---p 00000000 00:00 0 
7fa73dbb8000-7fa73dcb5000 rw-p 00000000 00:00 0 
7fa73dcb5000-7fa73dcb6000 ---p 00000000 00:00 0 
7fa73dcb6000-7fa73dcb9000 ---p 00000000 00:00 0 
7fa73dcb9000-7fa73ddb6000 rw-p 00000000 00:00 0 
7fa73ddb6000-7fa73ddb7000 ---p 00000000 00:00 0 
7fa73ddb7000-7fa73ddba000 ---p 00000000 00:00 0 
7fa73ddba000-7fa73deb7000 rw-p 00000000 00:00 0 
7fa73deb7000-7fa73deba000 ---p 00000000 00:00 0 
7fa73deba000-7fa73dfb8000 rw-p 00000000 00:00 0 
7fa73dfb8000-7fa73e987000 r--p 00000000 08:01 2628292                    /usr/lib/locale/locale-archive
7fa73e987000-7fa73e98a000 ---p 00000000 00:00 0 
7fa73e98a000-7fa73ea88000 rw-p 00000000 00:00 0 
7fa73ea88000-7fa73ea8b000 ---p 00000000 00:00 0 
7fa73ea8b000-7fa73eb89000 rw-p 00000000 00:00 0 
7fa73eb89000-7fa73eb8a000 ---p 00000000 00:00 0 
7fa73eb8a000-7fa740000000 rw-p 00000000 00:00 0 
7fa740000000-7fa740021000 rw-p 00000000 00:00 0 
7fa740021000-7fa744000000 ---p 00000000 00:00 0 
7fa744000000-7fa744001000 r--s 00006000 08:01 1325786                    /home/raptor/Softwares/spark-2.4.4-bin-hadoop-2.7-scala-2.12/jars/jackson-xc-1.9.13.jar
7fa744001000-7fa744224000 rw-p 00000000 00:00 0 
7fa744224000-7fa7443fe000 r--s 03d88000 08:01 1708759                    /home/raptor/Softwares/jdk1.8.0_221/jre/lib/rt.jar
7fa7443fe000-7fa744dfe000 rw-p 00000000 00:00 0 
7fa744dfe000-7fa744dff000 ---p 00000000 00:00 0 
7fa744dff000-7fa744eff000 rw-p 00000000 00:00 0 
7fa744eff000-7fa744f00000 ---p 00000000 00:00 0 
7fa744f00000-7fa745000000 rw-p 00000000 00:00 0 
7fa745000000-7fa745770000 rwxp 00000000 00:00 0 
7fa745770000-7fa754000000 ---p 00000000 00:00 0 
7fa754000000-7fa756536000 rw-p 00000000 00:00 0 
7fa756536000-7fa758000000 ---p 00000000 00:00 0 
7fa758000000-7fa758002000 r--s 00007000 08:01 1325705                    /home/raptor/Softwares/spark-2.4.4-bin-hadoop-2.7-scala-2.12/jars/jackson-module-jaxb-annotations-2.10.1.jar
7fa758002000-7fa758004000 r--s 00007000 08:01 1340088                    /home/raptor/Softwares/spark-2.4.4-bin-hadoop-2.7-scala-2.12/jars/zjsonpatch-0.3.0.jar
7fa758004000-7fa75800f000 r--s 0007a000 08:01 1340157                    /home/raptor/Softwares/spark-2.4.4-bin-hadoop-2.7-scala-2.12/jars/kubernetes-client-4.1.2.jar
7fa75800f000-7fa7580f6000 rw-p 00000000 00:00 0 
7fa7580f6000-7fa7580f7000 ---p 00000000 00:00 0 
7fa7580f7000-7fa7581f7000 rw-p 00000000 00:00 0 
7fa7581f7000-7fa7581f8000 ---p 00000000 00:00 0 
7fa7581f8000-7fa7582f8000 rw-p 00000000 00:00 0 
7fa7582f8000-7fa7582f9000 ---p 00000000 00:00 0 
7fa7582f9000-7fa7583f9000 rw-p 00000000 00:00 0 
7fa7583f9000-7fa7583fa000 ---p 00000000 00:00 0 
7fa7583fa000-7fa758524000 rw-p 00000000 00:00 0 
7fa758524000-7fa758650000 ---p 00000000 00:00 0 
7fa758650000-7fa75867a000 rw-p 00000000 00:00 0 
7fa75867a000-7fa7587a5000 ---p 00000000 00:00 0 
7fa7587a5000-7fa7587cb000 rw-p 00000000 00:00 0 
7fa7587cb000-7fa758850000 ---p 00000000 00:00 0 
7fa758850000-7fa75886f000 rw-p 00000000 00:00 0 
7fa75886f000-7fa758c11000 ---p 00000000 00:00 0 
7fa758c11000-7fa758c2c000 r-xp 00000000 08:01 1709033                    /home/raptor/Softwares/jdk1.8.0_221/jre/lib/amd64/libzip.so
7fa758c2c000-7fa758e2b000 ---p 0001b000 08:01 1709033                    /home/raptor/Softwares/jdk1.8.0_221/jre/lib/amd64/libzip.so
7fa758e2b000-7fa758e2c000 r--p 0001a000 08:01 1709033                    /home/raptor/Softwares/jdk1.8.0_221/jre/lib/amd64/libzip.so
7fa758e2c000-7fa758e2d000 rw-p 0001b000 08:01 1709033                    /home/raptor/Softwares/jdk1.8.0_221/jre/lib/amd64/libzip.so
7fa758e2d000-7fa758e38000 r-xp 00000000 08:01 1447453                    /lib/x86_64-linux-gnu/libnss_files-2.27.so
7fa758e38000-7fa759037000 ---p 0000b000 08:01 1447453                    /lib/x86_64-linux-gnu/libnss_files-2.27.so
7fa759037000-7fa759038000 r--p 0000a000 08:01 1447453                    /lib/x86_64-linux-gnu/libnss_files-2.27.so
7fa759038000-7fa759039000 rw-p 0000b000 08:01 1447453                    /lib/x86_64-linux-gnu/libnss_files-2.27.so
7fa759039000-7fa75903f000 rw-p 00000000 00:00 0 
7fa75903f000-7fa759056000 r-xp 00000000 08:01 1447447                    /lib/x86_64-linux-gnu/libnsl-2.27.so
7fa759056000-7fa759255000 ---p 00017000 08:01 1447447                    /lib/x86_64-linux-gnu/libnsl-2.27.so
7fa759255000-7fa759256000 r--p 00016000 08:01 1447447                    /lib/x86_64-linux-gnu/libnsl-2.27.so
7fa759256000-7fa759257000 rw-p 00017000 08:01 1447447                    /lib/x86_64-linux-gnu/libnsl-2.27.so
7fa759257000-7fa759259000 rw-p 00000000 00:00 0 
7fa759259000-7fa759264000 r-xp 00000000 08:01 1447464                    /lib/x86_64-linux-gnu/libnss_nis-2.27.so
7fa759264000-7fa759463000 ---p 0000b000 08:01 1447464                    /lib/x86_64-linux-gnu/libnss_nis-2.27.so
7fa759463000-7fa759464000 r--p 0000a000 08:01 1447464                    /lib/x86_64-linux-gnu/libnss_nis-2.27.so
7fa759464000-7fa759465000 rw-p 0000b000 08:01 1447464                    /lib/x86_64-linux-gnu/libnss_nis-2.27.so
7fa759465000-7fa75946d000 r-xp 00000000 08:01 1447449                    /lib/x86_64-linux-gnu/libnss_compat-2.27.so
7fa75946d000-7fa75966d000 ---p 00008000 08:01 1447449                    /lib/x86_64-linux-gnu/libnss_compat-2.27.so
7fa75966d000-7fa75966e000 r--p 00008000 08:01 1447449                    /lib/x86_64-linux-gnu/libnss_compat-2.27.so
7fa75966e000-7fa75966f000 rw-p 00009000 08:01 1447449                    /lib/x86_64-linux-gnu/libnss_compat-2.27.so
7fa75966f000-7fa75969b000 r-xp 00000000 08:01 1709024                    /home/raptor/Softwares/jdk1.8.0_221/jre/lib/amd64/libjava.so
7fa75969b000-7fa75989b000 ---p 0002c000 08:01 1709024                    /home/raptor/Softwares/jdk1.8.0_221/jre/lib/amd64/libjava.so
7fa75989b000-7fa75989c000 r--p 0002c000 08:01 1709024                    /home/raptor/Softwares/jdk1.8.0_221/jre/lib/amd64/libjava.so
7fa75989c000-7fa75989e000 rw-p 0002d000 08:01 1709024                    /home/raptor/Softwares/jdk1.8.0_221/jre/lib/amd64/libjava.so
7fa75989e000-7fa7598ab000 r-xp 00000000 08:01 1709015                    /home/raptor/Softwares/jdk1.8.0_221/jre/lib/amd64/libverify.so
7fa7598ab000-7fa759aaa000 ---p 0000d000 08:01 1709015                    /home/raptor/Softwares/jdk1.8.0_221/jre/lib/amd64/libverify.so
7fa759aaa000-7fa759aac000 r--p 0000c000 08:01 1709015                    /home/raptor/Softwares/jdk1.8.0_221/jre/lib/amd64/libverify.so
7fa759aac000-7fa759aad000 rw-p 0000e000 08:01 1709015                    /home/raptor/Softwares/jdk1.8.0_221/jre/lib/amd64/libverify.so
7fa759aad000-7fa759ab4000 r-xp 00000000 08:01 1447504                    /lib/x86_64-linux-gnu/librt-2.27.so
7fa759ab4000-7fa759cb3000 ---p 00007000 08:01 1447504                    /lib/x86_64-linux-gnu/librt-2.27.so
7fa759cb3000-7fa759cb4000 r--p 00006000 08:01 1447504                    /lib/x86_64-linux-gnu/librt-2.27.so
7fa759cb4000-7fa759cb5000 rw-p 00007000 08:01 1447504                    /lib/x86_64-linux-gnu/librt-2.27.so
7fa759cb5000-7fa759e52000 r-xp 00000000 08:01 1447426                    /lib/x86_64-linux-gnu/libm-2.27.so
7fa759e52000-7fa75a051000 ---p 0019d000 08:01 1447426                    /lib/x86_64-linux-gnu/libm-2.27.so
7fa75a051000-7fa75a052000 r--p 0019c000 08:01 1447426                    /lib/x86_64-linux-gnu/libm-2.27.so
7fa75a052000-7fa75a053000 rw-p 0019d000 08:01 1447426                    /lib/x86_64-linux-gnu/libm-2.27.so
7fa75a053000-7fa75ad3b000 r-xp 00000000 08:01 1709031                    /home/raptor/Softwares/jdk1.8.0_221/jre/lib/amd64/server/libjvm.so
7fa75ad3b000-7fa75af3a000 ---p 00ce8000 08:01 1709031                    /home/raptor/Softwares/jdk1.8.0_221/jre/lib/amd64/server/libjvm.so
7fa75af3a000-7fa75afd0000 r--p 00ce7000 08:01 1709031                    /home/raptor/Softwares/jdk1.8.0_221/jre/lib/amd64/server/libjvm.so
7fa75afd0000-7fa75b001000 rw-p 00d7d000 08:01 1709031                    /home/raptor/Softwares/jdk1.8.0_221/jre/lib/amd64/server/libjvm.so
7fa75b001000-7fa75b03c000 rw-p 00000000 00:00 0 
7fa75b03c000-7fa75b223000 r-xp 00000000 08:01 1447363                    /lib/x86_64-linux-gnu/libc-2.27.so
7fa75b223000-7fa75b423000 ---p 001e7000 08:01 1447363                    /lib/x86_64-linux-gnu/libc-2.27.so
7fa75b423000-7fa75b427000 r--p 001e7000 08:01 1447363                    /lib/x86_64-linux-gnu/libc-2.27.so
7fa75b427000-7fa75b429000 rw-p 001eb000 08:01 1447363                    /lib/x86_64-linux-gnu/libc-2.27.so
7fa75b429000-7fa75b42d000 rw-p 00000000 00:00 0 
7fa75b42d000-7fa75b430000 r-xp 00000000 08:01 1447386                    /lib/x86_64-linux-gnu/libdl-2.27.so
7fa75b430000-7fa75b62f000 ---p 00003000 08:01 1447386                    /lib/x86_64-linux-gnu/libdl-2.27.so
7fa75b62f000-7fa75b630000 r--p 00002000 08:01 1447386                    /lib/x86_64-linux-gnu/libdl-2.27.so
7fa75b630000-7fa75b631000 rw-p 00003000 08:01 1447386                    /lib/x86_64-linux-gnu/libdl-2.27.so
7fa75b631000-7fa75b648000 r-xp 00000000 08:01 1708010                    /home/raptor/Softwares/jdk1.8.0_221/lib/amd64/jli/libjli.so
7fa75b648000-7fa75b847000 ---p 00017000 08:01 1708010                    /home/raptor/Softwares/jdk1.8.0_221/lib/amd64/jli/libjli.so
7fa75b847000-7fa75b848000 r--p 00016000 08:01 1708010                    /home/raptor/Softwares/jdk1.8.0_221/lib/amd64/jli/libjli.so
7fa75b848000-7fa75b849000 rw-p 00017000 08:01 1708010                    /home/raptor/Softwares/jdk1.8.0_221/lib/amd64/jli/libjli.so
7fa75b849000-7fa75b863000 r-xp 00000000 08:01 1447496                    /lib/x86_64-linux-gnu/libpthread-2.27.so
7fa75b863000-7fa75ba62000 ---p 0001a000 08:01 1447496                    /lib/x86_64-linux-gnu/libpthread-2.27.so
7fa75ba62000-7fa75ba63000 r--p 00019000 08:01 1447496                    /lib/x86_64-linux-gnu/libpthread-2.27.so
7fa75ba63000-7fa75ba64000 rw-p 0001a000 08:01 1447496                    /lib/x86_64-linux-gnu/libpthread-2.27.so
7fa75ba64000-7fa75ba68000 rw-p 00000000 00:00 0 
7fa75ba68000-7fa75ba8f000 r-xp 00000000 08:01 1447335                    /lib/x86_64-linux-gnu/ld-2.27.so
7fa75ba8f000-7fa75ba91000 r--s 0000a000 08:01 1325704                    /home/raptor/Softwares/spark-2.4.4-bin-hadoop-2.7-scala-2.12/jars/jackson-dataformat-yaml-2.10.1.jar
7fa75ba91000-7fa75ba93000 r--s 00001000 08:01 1340099                    /home/raptor/Softwares/spark-2.4.4-bin-hadoop-2.7-scala-2.12/jars/spark-tags_2.12-2.4.4-tests.jar
7fa75ba93000-7fa75ba95000 r--s 0000d000 08:01 1340239                    /home/raptor/Softwares/spark-2.4.4-bin-hadoop-2.7-scala-2.12/jars/hadoop-yarn-server-web-proxy-2.7.3.jar
7fa75ba95000-7fa75ba97000 r--s 00006000 08:01 1340102                    /home/raptor/Softwares/spark-2.4.4-bin-hadoop-2.7-scala-2.12/jars/spark-sketch_2.12-2.4.4.jar
7fa75ba97000-7fa75ba99000 r--s 00005000 08:01 1340178                    /home/raptor/Softwares/spark-2.4.4-bin-hadoop-2.7-scala-2.12/jars/javax.annotation-api-1.2.jar
7fa75ba99000-7fa75bb72000 rw-p 00000000 00:00 0 
7fa75bb72000-7fa75bb73000 ---p 00000000 00:00 0 
7fa75bb73000-7fa75bb76000 ---p 00000000 00:00 0 
7fa75bb76000-7fa75bc75000 rw-p 00000000 00:00 0 
7fa75bc75000-7fa75bc79000 r--s 0000c000 08:01 1340091                    /home/raptor/Softwares/spark-2.4.4-bin-hadoop-2.7-scala-2.12/jars/validation-api-1.1.0.Final.jar
7fa75bc79000-7fa75bc7d000 r--s 00015000 08:01 1340089                    /home/raptor/Softwares/spark-2.4.4-bin-hadoop-2.7-scala-2.12/jars/xz-1.5.jar
7fa75bc7d000-7fa75bc7f000 r--s 00008000 08:01 1340145                    /home/raptor/Softwares/spark-2.4.4-bin-hadoop-2.7-scala-2.12/jars/metrics-jvm-3.1.5.jar
7fa75bc7f000-7fa75bc83000 r--s 00031000 08:01 1313230                    /home/raptor/Softwares/spark-2.4.4-bin-hadoop-2.7-scala-2.12/jars/commons-io-2.6.jar
7fa75bc83000-7fa75bc8b000 rw-s 00000000 08:01 1323137                    /tmp/hsperfdata_raptor/13410
7fa75bc8b000-7fa75bc8c000 rw-p 00000000 00:00 0 
7fa75bc8c000-7fa75bc8d000 ---p 00000000 00:00 0 
7fa75bc8d000-7fa75bc8f000 rw-p 00000000 00:00 0 
7fa75bc8f000-7fa75bc90000 r--p 00027000 08:01 1447335                    /lib/x86_64-linux-gnu/ld-2.27.so
7fa75bc90000-7fa75bc91000 rw-p 00028000 08:01 1447335                    /lib/x86_64-linux-gnu/ld-2.27.so
7fa75bc91000-7fa75bc92000 rw-p 00000000 00:00 0 
7fff3d590000-7fff3d5b2000 rw-p 00000000 00:00 0                          [stack]
7fff3d5b7000-7fff3d5ba000 r--p 00000000 00:00 0                          [vvar]
7fff3d5ba000-7fff3d5bc000 r-xp 00000000 00:00 0                          [vdso]
ffffffffff600000-ffffffffff601000 r-xp 00000000 00:00 0                  [vsyscall]

VM Arguments:
jvm_args: -Xmx1g 
java_command: org.apache.spark.deploy.SparkSubmit --conf spark.driver.memory=1g --class com.test.AtomicityUsingMysql.randomMsgProducer --num-executors 1 --executor-cores 2 --executor-memory 1g --driver-cores 1 --packages org.apache.kafka:kafka-clients:2.3.1,org.apache.kafka:kafka_2.11:2.3.1,org.apache.spark:spark-sql-kafka-0-10_2.11:2.4.4 KafkaGradleTest-1.0-SNAPSHOT-all.jar key=Brake messageLength=10 numOfRecords=2500 topicName=carPerformanceMetricSensor keySerializer=org.apache.kafka.common.serialization.StringSerializer valueSerializer=org.apache.kafka.common.serialization.StringSerializer bootStrapServer=localhost:9092,localhost:9093,localhost:9094 partitionValue=2019 raceTrack=Spain-Barcelona runType=T1
java_class_path (initial): /home/raptor/Softwares/spark-2.4.4-bin-hadoop-2.7-scala-2.12/conf/:/home/raptor/Softwares/spark-2.4.4-bin-hadoop-2.7-scala-2.12/jars/commons-io-2.6.jar:/home/raptor/Softwares/spark-2.4.4-bin-hadoop-2.7-scala-2.12/jars/jersey-server-2.22.2.jar:/home/raptor/Softwares/spark-2.4.4-bin-hadoop-2.7-scala-2.12/jars/metrics-jvm-3.1.5.jar:/home/raptor/Softwares/spark-2.4.4-bin-hadoop-2.7-scala-2.12/jars/htrace-core-3.1.0-incubating.jar:/home/raptor/Softwares/spark-2.4.4-bin-hadoop-2.7-scala-2.12/jars/parquet-column-1.10.1.jar:/home/raptor/Softwares/spark-2.4.4-bin-hadoop-2.7-scala-2.12/jars/xz-1.5.jar:/home/raptor/Softwares/spark-2.4.4-bin-hadoop-2.7-scala-2.12/jars/kubernetes-client-4.1.2.jar:/home/raptor/Softwares/spark-2.4.4-bin-hadoop-2.7-scala-2.12/jars/validation-api-1.1.0.Final.jar:/home/raptor/Softwares/spark-2.4.4-bin-hadoop-2.7-scala-2.12/jars/guava-19.0.jar:/home/raptor/Softwares/spark-2.4.4-bin-hadoop-2.7-scala-2.12/jars/javax.annotation-api-1.2.jar:/home/raptor/Softwares/spark-2.4.4-bin-hadoop-2.7-scala-2.12/jars/netty-3.9.9.Final.jar:/home/raptor/Softwares/spark-2.4.4-bin-hadoop-2.7-scala-2.12/jars/commons-collections-3.0.jar:/home/raptor/Softwares/spark-2.4.4-bin-hadoop-2.7-scala-2.12/jars/spark-sketch_2.12-2.4.4.jar:/home/raptor/Softwares/spark-2.4.4-bin-hadoop-2.7-scala-2.12/jars/hadoop-yarn-server-web-proxy-2.7.3.jar:/home/raptor/Softwares/spark-2.4.4-bin-hadoop-2.7-scala-2.12/jars/scala-xml_2.12-1.0.5.jar:/home/raptor/Softwares/spark-2.4.4-bin-hadoop-2.7-scala-2.12/jars/spark-tags_2.12-2.4.4-tests.jar:/home/raptor/Softwares/spark-2.4.4-bin-hadoop-2.7-scala-2.12/jars/jackson-dataformat-yaml-2.10.1.jar:/home/raptor/Softwares/spark-2.4.4-bin-hadoop-2.7-scala-2.12/jars/zjsonpatch-0.3.0.jar:/home/raptor/Softwares/spark-2.4.4-bin-hadoop-2.7-scala-2.12/jars/kubernetes-model-4.1.2.jar:/home/raptor/Softwares/spark-2.4.4-bin-hadoop-2.7-scala-2.12/jars/jackson-module-jaxb-annotations-2.10.1.jar:/home/raptor/Softwares/spark-2.4.4-bin-hadoop
Launcher Type: SUN_STANDARD

Environment Variables:
JAVA_HOME=/home/raptor/Softwares/jdk1.8.0_221/
JRE_HOME=/home/raptor/Softwares/jdk1.8.0_221/jre
PATH=/usr/local/sbin:/usr/local/bin:/usr/sbin:/usr/bin:/sbin:/bin:/usr/games:/usr/local/games:/snap/bin:/home/raptor/Softwares/jdk1.8.0_221//bin:/home/raptor/Softwares/scala-2.11.8//bin:/home/raptor/Softwares/spark-2.4.0-bin-hadoop2.7//bin:/home/raptor/Softwares/spark-2.4.0-bin-hadoop2.7//sbin:/home/raptor/Softwares/apache-maven-3.6.0//bin:/home/raptor/Softwares/gradle-5.2.1//bin:/home/raptor/Softwares/apache-zookeeper-3.5.5//bin:/home/raptor/Softwares/flink-1.9.0//bin:/home/raptor/Softwares/kafka_2.12-2.3.1//bin:/home/raptor/Softwares/apache-hive-1.2.2-bin/bin:/home/raptor/Softwares/hadoop-2.7.3//bin:/home/raptor/Softwares/hbase-1.4.12//bin:/home/raptor/Softwares/Python-3.5.9/:/home/raptor/Softwares/spark-2.4.5-bin-hadoop2.7/bin:/home/raptor/Softwares/spark-2.4.5-bin-hadoop2.7/sbin:/home/raptor/Softwares/spark-2.4.4-bin-hadoop-2.7-scala-2.12//bin:/home/raptor/Softwares/spark-2.4.4-bin-hadoop-2.7-scala-2.12//sbin:/home/raptor/Softwares/spark-2.4.5-bin-hadoop2.7/bin:/home/raptor/Softwares/spark-2.4.5-bin-hadoop2.7/sbin:/home/raptor/Softwares/spark-2.4.4-bin-hadoop-2.7-scala-2.12//bin:/home/raptor/Softwares/spark-2.4.4-bin-hadoop-2.7-scala-2.12//sbin:/home/raptor/Softwares/spark-2.4.5-bin-hadoop2.7/bin:/home/raptor/Softwares/spark-2.4.5-bin-hadoop2.7/sbin:/home/raptor/Softwares/spark-2.4.4-bin-hadoop-2.7-scala-2.12//bin:/home/raptor/Softwares/spark-2.4.4-bin-hadoop-2.7-scala-2.12//sbin
USERNAME=raptor
LD_LIBRARY_PATH=/home/raptor/Softwares/hadoop-2.7.3//lib/native
SHELL=/bin/bash
DISPLAY=:0

Signal Handlers:
SIGSEGV: [libjvm.so+0xad3d90], sa_mask[0]=11111111011111111101111111111110, sa_flags=SA_RESTART|SA_SIGINFO
SIGBUS: [libjvm.so+0xad3d90], sa_mask[0]=11111111011111111101111111111110, sa_flags=SA_RESTART|SA_SIGINFO
SIGFPE: [libjvm.so+0x90b8b0], sa_mask[0]=11111111011111111101111111111110, sa_flags=SA_RESTART|SA_SIGINFO
SIGPIPE: [libjvm.so+0x90b8b0], sa_mask[0]=11111111011111111101111111111110, sa_flags=SA_RESTART|SA_SIGINFO
SIGXFSZ: [libjvm.so+0x90b8b0], sa_mask[0]=11111111011111111101111111111110, sa_flags=SA_RESTART|SA_SIGINFO
SIGILL: [libjvm.so+0x90b8b0], sa_mask[0]=11111111011111111101111111111110, sa_flags=SA_RESTART|SA_SIGINFO
SIGUSR1: SIG_DFL, sa_mask[0]=00000000000000000000000000000000, sa_flags=none
SIGUSR2: [libjvm.so+0x90b780], sa_mask[0]=00000000000000000000000000000000, sa_flags=SA_RESTART|SA_SIGINFO
SIGHUP: [libjvm.so+0x90bda0], sa_mask[0]=11111111011111111101111111111110, sa_flags=SA_RESTART|SA_SIGINFO
SIGINT: [libjvm.so+0x90bda0], sa_mask[0]=11111111011111111101111111111110, sa_flags=SA_RESTART|SA_SIGINFO
SIGTERM: [libjvm.so+0x90bda0], sa_mask[0]=11111111011111111101111111111110, sa_flags=SA_RESTART|SA_SIGINFO
SIGQUIT: [libjvm.so+0x90bda0], sa_mask[0]=11111111011111111101111111111110, sa_flags=SA_RESTART|SA_SIGINFO


---------------  S Y S T E M  ---------------

OS:DISTRIB_ID=Ubuntu
DISTRIB_RELEASE=18.04
DISTRIB_CODENAME=bionic
DISTRIB_DESCRIPTION="Ubuntu 18.04.4 LTS"

uname:Linux 4.15.0-96-generic #97-Ubuntu SMP Wed Apr 1 03:25:46 UTC 2020 x86_64
libc:glibc 2.27 NPTL 2.27 
rlimit: STACK 8192k, CORE 0k, NPROC 31728, NOFILE 4096, AS infinity
load average:6.66 3.75 2.62

/proc/meminfo:
MemTotal:        8167280 kB
MemFree:          123484 kB
MemAvailable:      25692 kB
Buffers:            1708 kB
Cached:            73428 kB
SwapCached:         5836 kB
Active:          6861660 kB
Inactive:         865900 kB
Active(anon):    6842708 kB
Inactive(anon):   855348 kB
Active(file):      18952 kB
Inactive(file):    10552 kB
Unevictable:          16 kB
Mlocked:              16 kB
SwapTotal:       2097148 kB
SwapFree:              0 kB
Dirty:              1524 kB
Writeback:             0 kB
AnonPages:       7647620 kB
Mapped:            38220 kB
Shmem:             45256 kB
Slab:             104204 kB
SReclaimable:      44792 kB
SUnreclaim:        59412 kB
KernelStack:       29616 kB
PageTables:        78124 kB
NFS_Unstable:          0 kB
Bounce:                0 kB
WritebackTmp:          0 kB
CommitLimit:     6180788 kB
Committed_AS:   18718168 kB
VmallocTotal:   34359738367 kB
VmallocUsed:           0 kB
VmallocChunk:          0 kB
HardwareCorrupted:     0 kB
AnonHugePages:         0 kB
ShmemHugePages:        0 kB
ShmemPmdMapped:        0 kB
CmaTotal:              0 kB
CmaFree:               0 kB
HugePages_Total:       0
HugePages_Free:        0
HugePages_Rsvd:        0
HugePages_Surp:        0
Hugepagesize:       2048 kB
DirectMap4k:      171968 kB
DirectMap2M:     8216576 kB

container (cgroup) information:
container_type: cgroupv1
cpu_cpuset_cpus: 0-5
cpu_memory_nodes: 0
active_processor_count: 6
cpu_quota: -1
cpu_period: 100000
cpu_shares: -1
memory_limit_in_bytes: -1
memory_and_swap_limit_in_bytes: -2
memory_soft_limit_in_bytes: -1
memory_usage_in_bytes: 7907946496
memory_max_usage_in_bytes: 14446592


CPU:total 6 (initial active 6) (6 cores per cpu, 1 threads per core) family 6 model 158 stepping 10, cmov, cx8, fxsr, mmx, sse, sse2, sse3, ssse3, sse4.1, sse4.2, popcnt, avx, avx2, aes, clmul, 3dnowpref, lzcnt, tsc, tscinvbit

/proc/cpuinfo:
processor	: 0
vendor_id	: GenuineIntel
cpu family	: 6
model		: 158
model name	: Intel(R) Core(TM) i7-8750H CPU @ 2.20GHz
stepping	: 10
cpu MHz		: 2208.002
cache size	: 9216 KB
physical id	: 0
siblings	: 6
core id		: 0
cpu cores	: 6
apicid		: 0
initial apicid	: 0
fpu		: yes
fpu_exception	: yes
cpuid level	: 22
wp		: yes
flags		: fpu vme de pse tsc msr pae mce cx8 apic sep mtrr pge mca cmov pat pse36 clflush mmx fxsr sse sse2 ht syscall nx rdtscp lm constant_tsc rep_good nopl xtopology nonstop_tsc cpuid tsc_known_freq pni pclmulqdq ssse3 cx16 pcid sse4_1 sse4_2 x2apic movbe popcnt aes xsave avx rdrand hypervisor lahf_lm abm 3dnowprefetch invpcid_single pti fsgsbase avx2 invpcid rdseed clflushopt flush_l1d
bugs		: cpu_meltdown spectre_v1 spectre_v2 spec_store_bypass l1tf mds swapgs itlb_multihit
bogomips	: 4416.00
clflush size	: 64
cache_alignment	: 64
address sizes	: 39 bits physical, 48 bits virtual
power management:

processor	: 1
vendor_id	: GenuineIntel
cpu family	: 6
model		: 158
model name	: Intel(R) Core(TM) i7-8750H CPU @ 2.20GHz
stepping	: 10
cpu MHz		: 2208.002
cache size	: 9216 KB
physical id	: 0
siblings	: 6
core id		: 1
cpu cores	: 6
apicid		: 1
initial apicid	: 1
fpu		: yes
fpu_exception	: yes
cpuid level	: 22
wp		: yes
flags		: fpu vme de pse tsc msr pae mce cx8 apic sep mtrr pge mca cmov pat pse36 clflush mmx fxsr sse sse2 ht syscall nx rdtscp lm constant_tsc rep_good nopl xtopology nonstop_tsc cpuid tsc_known_freq pni pclmulqdq ssse3 cx16 pcid sse4_1 sse4_2 x2apic movbe popcnt aes xsave avx rdrand hypervisor lahf_lm abm 3dnowprefetch invpcid_single pti fsgsbase avx2 invpcid rdseed clflushopt flush_l1d
bugs		: cpu_meltdown spectre_v1 spectre_v2 spec_store_bypass l1tf mds swapgs itlb_multihit
bogomips	: 4416.00
clflush size	: 64
cache_alignment	: 64
address sizes	: 39 bits physical, 48 bits virtual
power management:

processor	: 2
vendor_id	: GenuineIntel
cpu family	: 6
model		: 158
model name	: Intel(R) Core(TM) i7-8750H CPU @ 2.20GHz
stepping	: 10
cpu MHz		: 2208.002
cache size	: 9216 KB
physical id	: 0
siblings	: 6
core id		: 2
cpu cores	: 6
apicid		: 2
initial apicid	: 2
fpu		: yes
fpu_exception	: yes
cpuid level	: 22
wp		: yes
flags		: fpu vme de pse tsc msr pae mce cx8 apic sep mtrr pge mca cmov pat pse36 clflush mmx fxsr sse sse2 ht syscall nx rdtscp lm constant_tsc rep_good nopl xtopology nonstop_tsc cpuid tsc_known_freq pni pclmulqdq ssse3 cx16 pcid sse4_1 sse4_2 x2apic movbe popcnt aes xsave avx rdrand hypervisor lahf_lm abm 3dnowprefetch invpcid_single pti fsgsbase avx2 invpcid rdseed clflushopt flush_l1d
bugs		: cpu_meltdown spectre_v1 spectre_v2 spec_store_bypass l1tf mds swapgs itlb_multihit
bogomips	: 4416.00
clflush size	: 64
cache_alignment	: 64
address sizes	: 39 bits physical, 48 bits virtual
power management:

processor	: 3
vendor_id	: GenuineIntel
cpu family	: 6
model		: 158
model name	: Intel(R) Core(TM) i7-8750H CPU @ 2.20GHz
stepping	: 10
cpu MHz		: 2208.002
cache size	: 9216 KB
physical id	: 0
siblings	: 6
core id		: 3
cpu cores	: 6
apicid		: 3
initial apicid	: 3
fpu		: yes
fpu_exception	: yes
cpuid level	: 22
wp		: yes
flags		: fpu vme de pse tsc msr pae mce cx8 apic sep mtrr pge mca cmov pat pse36 clflush mmx fxsr sse sse2 ht syscall nx rdtscp lm constant_tsc rep_good nopl xtopology nonstop_tsc cpuid tsc_known_freq pni pclmulqdq ssse3 cx16 pcid sse4_1 sse4_2 x2apic movbe popcnt aes xsave avx rdrand hypervisor lahf_lm abm 3dnowprefetch invpcid_single pti fsgsbase avx2 invpcid rdseed clflushopt flush_l1d
bugs		: cpu_meltdown spectre_v1 spectre_v2 spec_store_bypass l1tf mds swapgs itlb_multihit
bogomips	: 4416.00
clflush size	: 64
cache_alignment	: 64
address sizes	: 39 bits physical, 48 bits virtual
power management:

processor	: 4
vendor_id	: GenuineIntel
cpu family	: 6
model		: 158
model name	: Intel(R) Core(TM) i7-8750H CPU @ 2.20GHz
stepping	: 10
cpu MHz		: 2208.002
cache size	: 9216 KB
physical id	: 0
siblings	: 6
core id		: 4
cpu cores	: 6
apicid		: 4
initial apicid	: 4
fpu		: yes
fpu_exception	: yes
cpuid level	: 22
wp		: yes
flags		: fpu vme de pse tsc msr pae mce cx8 apic sep mtrr pge mca cmov pat pse36 clflush mmx fxsr sse sse2 ht syscall nx rdtscp lm constant_tsc rep_good nopl xtopology nonstop_tsc cpuid tsc_known_freq pni pclmulqdq ssse3 cx16 pcid sse4_1 sse4_2 x2apic movbe popcnt aes xsave avx rdrand hypervisor lahf_lm abm 3dnowprefetch invpcid_single pti fsgsbase avx2 invpcid rdseed clflushopt flush_l1d
bugs		: cpu_meltdown spectre_v1 spectre_v2 spec_store_bypass l1tf mds swapgs itlb_multihit
bogomips	: 4416.00
clflush size	: 64
cache_alignment	: 64
address sizes	: 39 bits physical, 48 bits virtual
power management:

processor	: 5
vendor_id	: GenuineIntel
cpu family	: 6
model		: 158
model name	: Intel(R) Core(TM) i7-8750H CPU @ 2.20GHz
stepping	: 10
cpu MHz		: 2208.002
cache size	: 9216 KB
physical id	: 0
siblings	: 6
core id		: 5
cpu cores	: 6
apicid		: 5
initial apicid	: 5
fpu		: yes
fpu_exception	: yes
cpuid level	: 22
wp		: yes
flags		: fpu vme de pse tsc msr pae mce cx8 apic sep mtrr pge mca cmov pat pse36 clflush mmx fxsr sse sse2 ht syscall nx rdtscp lm constant_tsc rep_good nopl xtopology nonstop_tsc cpuid tsc_known_freq pni pclmulqdq ssse3 cx16 pcid sse4_1 sse4_2 x2apic movbe popcnt aes xsave avx rdrand hypervisor lahf_lm abm 3dnowprefetch invpcid_single pti fsgsbase avx2 invpcid rdseed clflushopt flush_l1d
bugs		: cpu_meltdown spectre_v1 spectre_v2 spec_store_bypass l1tf mds swapgs itlb_multihit
bogomips	: 4416.00
clflush size	: 64
cache_alignment	: 64
address sizes	: 39 bits physical, 48 bits virtual
power management:



Memory: 4k page, physical 8167280k(125888k free), swap 2097148k(0k free)

vm_info: Java HotSpot(TM) 64-Bit Server VM (25.221-b11) for linux-amd64 JRE (1.8.0_221-b11), built on Jul  4 2019 04:27:00 by "java_re" with gcc 7.3.0

time: Sun Apr 12 12:21:58 2020
timezone: IST
elapsed time: 5 seconds (0d 0h 0m 5s)

